ARM GAS  C:\Users\HPSPEC~1\AppData\Local\Temp\ccPq9PfA.s 			page 1


   1              		.syntax unified
   2              		.cpu cortex-m3
   3              		.fpu softvfp
   4              		.eabi_attribute 20, 1
   5              		.eabi_attribute 21, 1
   6              		.eabi_attribute 23, 3
   7              		.eabi_attribute 24, 1
   8              		.eabi_attribute 25, 1
   9              		.eabi_attribute 26, 1
  10              		.eabi_attribute 30, 1
  11              		.eabi_attribute 34, 1
  12              		.eabi_attribute 18, 4
  13              		.thumb
  14              		.syntax unified
  15              		.file	"cymetadata.c"
  16              		.text
  17              	.Ltext0:
  18              		.cfi_sections	.debug_frame
  19              		.global	cy_metadata
  20              		.global	cy_meta_flashprotect
  21              		.global	cy_meta_wonvl
  22              		.global	cy_meta_custnvl
  23              		.global	cy_meta_configecc
  24              		.section	.cyconfigecc,"a",%progbits
  25              		.align	2
  26              		.type	cy_meta_configecc, %object
  27              		.size	cy_meta_configecc, 732
  28              	cy_meta_configecc:
  29 0000 06       		.byte	6
  30 0001 52       		.byte	82
  31 0002 00       		.byte	0
  32 0003 40       		.byte	64
  33 0004 26       		.byte	38
  34 0005 02       		.byte	2
  35 0006 01       		.byte	1
  36 0007 40       		.byte	64
  37 0008 21       		.byte	33
  38 0009 03       		.byte	3
  39 000a 01       		.byte	1
  40 000b 40       		.byte	64
  41 000c 1A       		.byte	26
  42 000d 04       		.byte	4
  43 000e 01       		.byte	1
  44 000f 40       		.byte	64
  45 0010 20       		.byte	32
  46 0011 05       		.byte	5
  47 0012 01       		.byte	1
  48 0013 40       		.byte	64
  49 0014 20       		.byte	32
  50 0015 06       		.byte	6
  51 0016 01       		.byte	1
  52 0017 40       		.byte	64
  53 0018 21       		.byte	33
  54 0019 07       		.byte	7
  55 001a 01       		.byte	1
  56 001b 40       		.byte	64
  57 001c 01       		.byte	1
ARM GAS  C:\Users\HPSPEC~1\AppData\Local\Temp\ccPq9PfA.s 			page 2


  58 001d 09       		.byte	9
  59 001e 01       		.byte	1
  60 001f 40       		.byte	64
  61 0020 02       		.byte	2
  62 0021 0D       		.byte	13
  63 0022 01       		.byte	1
  64 0023 40       		.byte	64
  65 0024 02       		.byte	2
  66 0025 15       		.byte	21
  67 0026 01       		.byte	1
  68 0027 40       		.byte	64
  69 0028 09       		.byte	9
  70 0029 17       		.byte	23
  71 002a 01       		.byte	1
  72 002b 40       		.byte	64
  73 002c 02       		.byte	2
  74 002d 19       		.byte	25
  75 002e 01       		.byte	1
  76 002f 40       		.byte	64
  77 0030 0C       		.byte	12
  78 0031 41       		.byte	65
  79 0032 01       		.byte	1
  80 0033 40       		.byte	64
  81 0034 0F       		.byte	15
  82 0035 42       		.byte	66
  83 0036 01       		.byte	1
  84 0037 40       		.byte	64
  85 0038 06       		.byte	6
  86 0039 43       		.byte	67
  87 003a 01       		.byte	1
  88 003b 40       		.byte	64
  89 003c 04       		.byte	4
  90 003d 44       		.byte	68
  91 003e 01       		.byte	1
  92 003f 40       		.byte	64
  93 0040 07       		.byte	7
  94 0041 45       		.byte	69
  95 0042 01       		.byte	1
  96 0043 40       		.byte	64
  97 0044 03       		.byte	3
  98 0045 46       		.byte	70
  99 0046 01       		.byte	1
 100 0047 40       		.byte	64
 101 0048 05       		.byte	5
 102 0049 47       		.byte	71
 103 004a 01       		.byte	1
 104 004b 40       		.byte	64
 105 004c 04       		.byte	4
 106 004d 48       		.byte	72
 107 004e 01       		.byte	1
 108 004f 40       		.byte	64
 109 0050 0A       		.byte	10
 110 0051 49       		.byte	73
 111 0052 01       		.byte	1
 112 0053 40       		.byte	64
 113 0054 03       		.byte	3
 114 0055 4C       		.byte	76
ARM GAS  C:\Users\HPSPEC~1\AppData\Local\Temp\ccPq9PfA.s 			page 3


 115 0056 01       		.byte	1
 116 0057 40       		.byte	64
 117 0058 06       		.byte	6
 118 0059 4D       		.byte	77
 119 005a 01       		.byte	1
 120 005b 40       		.byte	64
 121 005c 02       		.byte	2
 122 005d 50       		.byte	80
 123 005e 01       		.byte	1
 124 005f 40       		.byte	64
 125 0060 00       		.byte	0
 126 0061 3C       		.byte	60
 127 0062 01       		.byte	1
 128 0063 6A       		.byte	106
 129 0064 60       		.byte	96
 130 0065 96       		.byte	-106
 131 0066 61       		.byte	97
 132 0067 C5       		.byte	-59
 133 0068 78       		.byte	120
 134 0069 04       		.byte	4
 135 006a 79       		.byte	121
 136 006b 04       		.byte	4
 137 006c 04       		.byte	4
 138 006d 01       		.byte	1
 139 006e 05       		.byte	5
 140 006f 0D       		.byte	13
 141 0070 06       		.byte	6
 142 0071 06       		.byte	6
 143 0072 07       		.byte	7
 144 0073 10       		.byte	16
 145 0074 11       		.byte	17
 146 0075 06       		.byte	6
 147 0076 13       		.byte	19
 148 0077 19       		.byte	25
 149 0078 1A       		.byte	26
 150 0079 01       		.byte	1
 151 007a 1C       		.byte	28
 152 007b 04       		.byte	4
 153 007c 1E       		.byte	30
 154 007d 02       		.byte	2
 155 007e 29       		.byte	41
 156 007f 14       		.byte	20
 157 0080 2B       		.byte	43
 158 0081 0A       		.byte	10
 159 0082 30       		.byte	48
 160 0083 04       		.byte	4
 161 0084 31       		.byte	49
 162 0085 01       		.byte	1
 163 0086 34       		.byte	52
 164 0087 03       		.byte	3
 165 0088 35       		.byte	53
 166 0089 03       		.byte	3
 167 008a 37       		.byte	55
 168 008b 1C       		.byte	28
 169 008c 39       		.byte	57
 170 008d 82       		.byte	-126
 171 008e 3E       		.byte	62
ARM GAS  C:\Users\HPSPEC~1\AppData\Local\Temp\ccPq9PfA.s 			page 4


 172 008f 11       		.byte	17
 173 0090 3F       		.byte	63
 174 0091 51       		.byte	81
 175 0092 58       		.byte	88
 176 0093 04       		.byte	4
 177 0094 59       		.byte	89
 178 0095 04       		.byte	4
 179 0096 5F       		.byte	95
 180 0097 01       		.byte	1
 181 0098 84       		.byte	-124
 182 0099 05       		.byte	5
 183 009a 85       		.byte	-123
 184 009b 01       		.byte	1
 185 009c 87       		.byte	-121
 186 009d 0A       		.byte	10
 187 009e 9C       		.byte	-100
 188 009f 06       		.byte	6
 189 00a0 9D       		.byte	-99
 190 00a1 01       		.byte	1
 191 00a2 9F       		.byte	-97
 192 00a3 06       		.byte	6
 193 00a4 A4       		.byte	-92
 194 00a5 03       		.byte	3
 195 00a6 AB       		.byte	-85
 196 00a7 07       		.byte	7
 197 00a8 B0       		.byte	-80
 198 00a9 07       		.byte	7
 199 00aa B1       		.byte	-79
 200 00ab 0C       		.byte	12
 201 00ac B5       		.byte	-75
 202 00ad 03       		.byte	3
 203 00ae BE       		.byte	-66
 204 00af 01       		.byte	1
 205 00b0 BF       		.byte	-65
 206 00b1 11       		.byte	17
 207 00b2 D8       		.byte	-40
 208 00b3 04       		.byte	4
 209 00b4 D9       		.byte	-39
 210 00b5 04       		.byte	4
 211 00b6 DF       		.byte	-33
 212 00b7 01       		.byte	1
 213 00b8 00       		.byte	0
 214 00b9 04       		.byte	4
 215 00ba 04       		.byte	4
 216 00bb 04       		.byte	4
 217 00bc 06       		.byte	6
 218 00bd 20       		.byte	32
 219 00be 09       		.byte	9
 220 00bf 80       		.byte	-128
 221 00c0 0C       		.byte	12
 222 00c1 10       		.byte	16
 223 00c2 0D       		.byte	13
 224 00c3 80       		.byte	-128
 225 00c4 0E       		.byte	14
 226 00c5 02       		.byte	2
 227 00c6 0F       		.byte	15
 228 00c7 08       		.byte	8
ARM GAS  C:\Users\HPSPEC~1\AppData\Local\Temp\ccPq9PfA.s 			page 5


 229 00c8 10       		.byte	16
 230 00c9 10       		.byte	16
 231 00ca 1B       		.byte	27
 232 00cb 01       		.byte	1
 233 00cc 1C       		.byte	28
 234 00cd 80       		.byte	-128
 235 00ce 1F       		.byte	31
 236 00cf 20       		.byte	32
 237 00d0 23       		.byte	35
 238 00d1 88       		.byte	-120
 239 00d2 24       		.byte	36
 240 00d3 02       		.byte	2
 241 00d4 25       		.byte	37
 242 00d5 01       		.byte	1
 243 00d6 27       		.byte	39
 244 00d7 04       		.byte	4
 245 00d8 2B       		.byte	43
 246 00d9 04       		.byte	4
 247 00da 2E       		.byte	46
 248 00db 20       		.byte	32
 249 00dc 31       		.byte	49
 250 00dd 80       		.byte	-128
 251 00de 36       		.byte	54
 252 00df 01       		.byte	1
 253 00e0 38       		.byte	56
 254 00e1 04       		.byte	4
 255 00e2 3F       		.byte	63
 256 00e3 08       		.byte	8
 257 00e4 87       		.byte	-121
 258 00e5 08       		.byte	8
 259 00e6 8B       		.byte	-117
 260 00e7 20       		.byte	32
 261 00e8 8F       		.byte	-113
 262 00e9 80       		.byte	-128
 263 00ea C0       		.byte	-64
 264 00eb 24       		.byte	36
 265 00ec C2       		.byte	-62
 266 00ed C1       		.byte	-63
 267 00ee C4       		.byte	-60
 268 00ef 04       		.byte	4
 269 00f0 CA       		.byte	-54
 270 00f1 24       		.byte	36
 271 00f2 CC       		.byte	-52
 272 00f3 88       		.byte	-120
 273 00f4 CE       		.byte	-50
 274 00f5 42       		.byte	66
 275 00f6 E0       		.byte	-32
 276 00f7 08       		.byte	8
 277 00f8 E2       		.byte	-30
 278 00f9 80       		.byte	-128
 279 00fa 84       		.byte	-124
 280 00fb 42       		.byte	66
 281 00fc 85       		.byte	-123
 282 00fd 54       		.byte	84
 283 00fe 86       		.byte	-122
 284 00ff 99       		.byte	-103
 285 0100 87       		.byte	-121
ARM GAS  C:\Users\HPSPEC~1\AppData\Local\Temp\ccPq9PfA.s 			page 6


 286 0101 8B       		.byte	-117
 287 0102 91       		.byte	-111
 288 0103 12       		.byte	18
 289 0104 93       		.byte	-109
 290 0105 A4       		.byte	-92
 291 0106 98       		.byte	-104
 292 0107 46       		.byte	70
 293 0108 99       		.byte	-103
 294 0109 18       		.byte	24
 295 010a 9A       		.byte	-102
 296 010b 19       		.byte	25
 297 010c 9B       		.byte	-101
 298 010d 65       		.byte	101
 299 010e 9C       		.byte	-100
 300 010f 48       		.byte	72
 301 0110 9E       		.byte	-98
 302 0111 A5       		.byte	-91
 303 0112 B0       		.byte	-80
 304 0113 C0       		.byte	-64
 305 0114 B1       		.byte	-79
 306 0115 C0       		.byte	-64
 307 0116 B2       		.byte	-78
 308 0117 0E       		.byte	14
 309 0118 B3       		.byte	-77
 310 0119 0E       		.byte	14
 311 011a B4       		.byte	-76
 312 011b 30       		.byte	48
 313 011c B5       		.byte	-75
 314 011d 31       		.byte	49
 315 011e B6       		.byte	-74
 316 011f 01       		.byte	1
 317 0120 B7       		.byte	-73
 318 0121 03       		.byte	3
 319 0122 BC       		.byte	-68
 320 0123 80       		.byte	-128
 321 0124 BE       		.byte	-66
 322 0125 15       		.byte	21
 323 0126 BF       		.byte	-65
 324 0127 55       		.byte	85
 325 0128 D8       		.byte	-40
 326 0129 08       		.byte	8
 327 012a D9       		.byte	-39
 328 012b 04       		.byte	4
 329 012c DF       		.byte	-33
 330 012d 01       		.byte	1
 331 012e 04       		.byte	4
 332 012f 04       		.byte	4
 333 0130 07       		.byte	7
 334 0131 10       		.byte	16
 335 0132 0D       		.byte	13
 336 0133 80       		.byte	-128
 337 0134 0F       		.byte	15
 338 0135 08       		.byte	8
 339 0136 1C       		.byte	28
 340 0137 08       		.byte	8
 341 0138 1D       		.byte	29
 342 0139 08       		.byte	8
ARM GAS  C:\Users\HPSPEC~1\AppData\Local\Temp\ccPq9PfA.s 			page 7


 343 013a 1F       		.byte	31
 344 013b 42       		.byte	66
 345 013c 25       		.byte	37
 346 013d 40       		.byte	64
 347 013e 26       		.byte	38
 348 013f 20       		.byte	32
 349 0140 27       		.byte	39
 350 0141 A0       		.byte	-96
 351 0142 36       		.byte	54
 352 0143 01       		.byte	1
 353 0144 37       		.byte	55
 354 0145 10       		.byte	16
 355 0146 3F       		.byte	63
 356 0147 08       		.byte	8
 357 0148 7E       		.byte	126
 358 0149 09       		.byte	9
 359 014a 85       		.byte	-123
 360 014b 08       		.byte	8
 361 014c 87       		.byte	-121
 362 014d 02       		.byte	2
 363 014e 94       		.byte	-108
 364 014f 04       		.byte	4
 365 0150 A2       		.byte	-94
 366 0151 01       		.byte	1
 367 0152 A5       		.byte	-91
 368 0153 80       		.byte	-128
 369 0154 A7       		.byte	-89
 370 0155 04       		.byte	4
 371 0156 AB       		.byte	-85
 372 0157 04       		.byte	4
 373 0158 AF       		.byte	-81
 374 0159 01       		.byte	1
 375 015a B0       		.byte	-80
 376 015b 40       		.byte	64
 377 015c B4       		.byte	-76
 378 015d 01       		.byte	1
 379 015e B5       		.byte	-75
 380 015f 01       		.byte	1
 381 0160 C0       		.byte	-64
 382 0161 20       		.byte	32
 383 0162 C2       		.byte	-62
 384 0163 C0       		.byte	-64
 385 0164 CC       		.byte	-52
 386 0165 A0       		.byte	-96
 387 0166 CE       		.byte	-50
 388 0167 40       		.byte	64
 389 0168 DE       		.byte	-34
 390 0169 30       		.byte	48
 391 016a EA       		.byte	-22
 392 016b 50       		.byte	80
 393 016c EE       		.byte	-18
 394 016d 20       		.byte	32
 395 016e 12       		.byte	18
 396 016f 01       		.byte	1
 397 0170 30       		.byte	48
 398 0171 01       		.byte	1
 399 0172 36       		.byte	54
ARM GAS  C:\Users\HPSPEC~1\AppData\Local\Temp\ccPq9PfA.s 			page 8


 400 0173 01       		.byte	1
 401 0174 58       		.byte	88
 402 0175 04       		.byte	4
 403 0176 5F       		.byte	95
 404 0177 01       		.byte	1
 405 0178 84       		.byte	-124
 406 0179 21       		.byte	33
 407 017a 86       		.byte	-122
 408 017b D6       		.byte	-42
 409 017c 87       		.byte	-121
 410 017d 16       		.byte	22
 411 017e 88       		.byte	-120
 412 017f 03       		.byte	3
 413 0180 8A       		.byte	-118
 414 0181 7C       		.byte	124
 415 0182 8D       		.byte	-115
 416 0183 10       		.byte	16
 417 0184 90       		.byte	-112
 418 0185 A5       		.byte	-91
 419 0186 92       		.byte	-110
 420 0187 4A       		.byte	74
 421 0188 9C       		.byte	-100
 422 0189 26       		.byte	38
 423 018a 9D       		.byte	-99
 424 018b 0A       		.byte	10
 425 018c 9E       		.byte	-98
 426 018d 99       		.byte	-103
 427 018e 9F       		.byte	-97
 428 018f 10       		.byte	16
 429 0190 A9       		.byte	-87
 430 0191 01       		.byte	1
 431 0192 AB       		.byte	-85
 432 0193 12       		.byte	18
 433 0194 AF       		.byte	-81
 434 0195 0D       		.byte	13
 435 0196 B2       		.byte	-78
 436 0197 E0       		.byte	-32
 437 0198 B3       		.byte	-77
 438 0199 10       		.byte	16
 439 019a B4       		.byte	-76
 440 019b 0F       		.byte	15
 441 019c B6       		.byte	-74
 442 019d 10       		.byte	16
 443 019e B7       		.byte	-73
 444 019f 0F       		.byte	15
 445 01a0 B9       		.byte	-71
 446 01a1 08       		.byte	8
 447 01a2 BA       		.byte	-70
 448 01a3 08       		.byte	8
 449 01a4 BE       		.byte	-66
 450 01a5 40       		.byte	64
 451 01a6 BF       		.byte	-65
 452 01a7 04       		.byte	4
 453 01a8 D8       		.byte	-40
 454 01a9 08       		.byte	8
 455 01aa D9       		.byte	-39
 456 01ab 08       		.byte	8
ARM GAS  C:\Users\HPSPEC~1\AppData\Local\Temp\ccPq9PfA.s 			page 9


 457 01ac DF       		.byte	-33
 458 01ad 01       		.byte	1
 459 01ae 00       		.byte	0
 460 01af 14       		.byte	20
 461 01b0 08       		.byte	8
 462 01b1 02       		.byte	2
 463 01b2 09       		.byte	9
 464 01b3 80       		.byte	-128
 465 01b4 0F       		.byte	15
 466 01b5 80       		.byte	-128
 467 01b6 18       		.byte	24
 468 01b7 14       		.byte	20
 469 01b8 1A       		.byte	26
 470 01b9 02       		.byte	2
 471 01ba 1B       		.byte	27
 472 01bb 04       		.byte	4
 473 01bc 1F       		.byte	31
 474 01bd 82       		.byte	-126
 475 01be 21       		.byte	33
 476 01bf 80       		.byte	-128
 477 01c0 22       		.byte	34
 478 01c1 08       		.byte	8
 479 01c2 28       		.byte	40
 480 01c3 02       		.byte	2
 481 01c4 2B       		.byte	43
 482 01c5 04       		.byte	4
 483 01c6 31       		.byte	49
 484 01c7 80       		.byte	-128
 485 01c8 38       		.byte	56
 486 01c9 44       		.byte	68
 487 01ca 7B       		.byte	123
 488 01cb 82       		.byte	-126
 489 01cc 94       		.byte	-108
 490 01cd 04       		.byte	4
 491 01ce 96       		.byte	-106
 492 01cf 02       		.byte	2
 493 01d0 A0       		.byte	-96
 494 01d1 04       		.byte	4
 495 01d2 A5       		.byte	-91
 496 01d3 80       		.byte	-128
 497 01d4 A6       		.byte	-90
 498 01d5 08       		.byte	8
 499 01d6 A7       		.byte	-89
 500 01d7 04       		.byte	4
 501 01d8 AB       		.byte	-85
 502 01d9 20       		.byte	32
 503 01da AF       		.byte	-81
 504 01db 40       		.byte	64
 505 01dc B1       		.byte	-79
 506 01dd 40       		.byte	64
 507 01de B6       		.byte	-74
 508 01df 20       		.byte	32
 509 01e0 B7       		.byte	-73
 510 01e1 80       		.byte	-128
 511 01e2 C0       		.byte	-64
 512 01e3 06       		.byte	6
 513 01e4 C2       		.byte	-62
ARM GAS  C:\Users\HPSPEC~1\AppData\Local\Temp\ccPq9PfA.s 			page 10


 514 01e5 19       		.byte	25
 515 01e6 CA       		.byte	-54
 516 01e7 0C       		.byte	12
 517 01e8 CC       		.byte	-52
 518 01e9 08       		.byte	8
 519 01ea CE       		.byte	-50
 520 01eb 0A       		.byte	10
 521 01ec DE       		.byte	-34
 522 01ed 09       		.byte	9
 523 01ee EE       		.byte	-18
 524 01ef 30       		.byte	48
 525 01f0 E8       		.byte	-24
 526 01f1 10       		.byte	16
 527 01f2 E0       		.byte	-32
 528 01f3 08       		.byte	8
 529 01f4 E4       		.byte	-28
 530 01f5 10       		.byte	16
 531 01f6 83       		.byte	-125
 532 01f7 40       		.byte	64
 533 01f8 A7       		.byte	-89
 534 01f9 40       		.byte	64
 535 01fa 85       		.byte	-123
 536 01fb 80       		.byte	-128
 537 01fc 88       		.byte	-120
 538 01fd 04       		.byte	4
 539 01fe A0       		.byte	-96
 540 01ff 04       		.byte	4
 541 0200 A1       		.byte	-95
 542 0201 80       		.byte	-128
 543 0202 A7       		.byte	-89
 544 0203 40       		.byte	64
 545 0204 A8       		.byte	-88
 546 0205 42       		.byte	66
 547 0206 E2       		.byte	-30
 548 0207 20       		.byte	32
 549 0208 E4       		.byte	-28
 550 0209 02       		.byte	2
 551 020a EE       		.byte	-18
 552 020b 05       		.byte	5
 553 020c E4       		.byte	-28
 554 020d 02       		.byte	2
 555 020e EE       		.byte	-18
 556 020f 05       		.byte	5
 557 0210 51       		.byte	81
 558 0211 10       		.byte	16
 559 0212 53       		.byte	83
 560 0213 01       		.byte	1
 561 0214 56       		.byte	86
 562 0215 10       		.byte	16
 563 0216 5E       		.byte	94
 564 0217 02       		.byte	2
 565 0218 5F       		.byte	95
 566 0219 20       		.byte	32
 567 021a 60       		.byte	96
 568 021b 20       		.byte	32
 569 021c 62       		.byte	98
 570 021d 40       		.byte	64
ARM GAS  C:\Users\HPSPEC~1\AppData\Local\Temp\ccPq9PfA.s 			page 11


 571 021e 67       		.byte	103
 572 021f 08       		.byte	8
 573 0220 88       		.byte	-120
 574 0221 20       		.byte	32
 575 0222 D4       		.byte	-44
 576 0223 E0       		.byte	-32
 577 0224 D6       		.byte	-42
 578 0225 E0       		.byte	-32
 579 0226 D8       		.byte	-40
 580 0227 C0       		.byte	-64
 581 0228 53       		.byte	83
 582 0229 40       		.byte	64
 583 022a 56       		.byte	86
 584 022b 80       		.byte	-128
 585 022c 85       		.byte	-123
 586 022d 10       		.byte	16
 587 022e 87       		.byte	-121
 588 022f 40       		.byte	64
 589 0230 95       		.byte	-107
 590 0231 20       		.byte	32
 591 0232 9E       		.byte	-98
 592 0233 40       		.byte	64
 593 0234 AB       		.byte	-85
 594 0235 20       		.byte	32
 595 0236 AF       		.byte	-81
 596 0237 04       		.byte	4
 597 0238 B2       		.byte	-78
 598 0239 10       		.byte	16
 599 023a B6       		.byte	-74
 600 023b 01       		.byte	1
 601 023c B7       		.byte	-73
 602 023d 01       		.byte	1
 603 023e D4       		.byte	-44
 604 023f 60       		.byte	96
 605 0240 E2       		.byte	-30
 606 0241 50       		.byte	80
 607 0242 EA       		.byte	-22
 608 0243 80       		.byte	-128
 609 0244 EE       		.byte	-18
 610 0245 10       		.byte	16
 611 0246 9B       		.byte	-101
 612 0247 A0       		.byte	-96
 613 0248 AB       		.byte	-85
 614 0249 80       		.byte	-128
 615 024a AE       		.byte	-82
 616 024b 40       		.byte	64
 617 024c B3       		.byte	-77
 618 024d 20       		.byte	32
 619 024e B6       		.byte	-74
 620 024f 80       		.byte	-128
 621 0250 EA       		.byte	-22
 622 0251 90       		.byte	-112
 623 0252 74       		.byte	116
 624 0253 02       		.byte	2
 625 0254 79       		.byte	121
 626 0255 80       		.byte	-128
 627 0256 DC       		.byte	-36
ARM GAS  C:\Users\HPSPEC~1\AppData\Local\Temp\ccPq9PfA.s 			page 12


 628 0257 01       		.byte	1
 629 0258 DE       		.byte	-34
 630 0259 04       		.byte	4
 631 025a 03       		.byte	3
 632 025b 40       		.byte	64
 633 025c 84       		.byte	-124
 634 025d 02       		.byte	2
 635 025e 8D       		.byte	-115
 636 025f 40       		.byte	64
 637 0260 95       		.byte	-107
 638 0261 80       		.byte	-128
 639 0262 A4       		.byte	-92
 640 0263 02       		.byte	2
 641 0264 C0       		.byte	-64
 642 0265 08       		.byte	8
 643 0266 E4       		.byte	-28
 644 0267 08       		.byte	8
 645 0268 03       		.byte	3
 646 0269 20       		.byte	32
 647 026a 9B       		.byte	-101
 648 026b 40       		.byte	64
 649 026c C0       		.byte	-64
 650 026d 08       		.byte	8
 651 026e 99       		.byte	-103
 652 026f 04       		.byte	4
 653 0270 9B       		.byte	-101
 654 0271 40       		.byte	64
 655 0272 A3       		.byte	-93
 656 0273 20       		.byte	32
 657 0274 B5       		.byte	-75
 658 0275 04       		.byte	4
 659 0276 E8       		.byte	-24
 660 0277 08       		.byte	8
 661 0278 5F       		.byte	95
 662 0279 80       		.byte	-128
 663 027a 8A       		.byte	-118
 664 027b 01       		.byte	1
 665 027c 9B       		.byte	-101
 666 027d A0       		.byte	-96
 667 027e D6       		.byte	-42
 668 027f 20       		.byte	32
 669 0280 0D       		.byte	13
 670 0281 20       		.byte	32
 671 0282 73       		.byte	115
 672 0283 20       		.byte	32
 673 0284 7E       		.byte	126
 674 0285 01       		.byte	1
 675 0286 81       		.byte	-127
 676 0287 20       		.byte	32
 677 0288 92       		.byte	-110
 678 0289 02       		.byte	2
 679 028a 9B       		.byte	-101
 680 028b 20       		.byte	32
 681 028c C2       		.byte	-62
 682 028d 80       		.byte	-128
 683 028e DC       		.byte	-36
 684 028f 80       		.byte	-128
ARM GAS  C:\Users\HPSPEC~1\AppData\Local\Temp\ccPq9PfA.s 			page 13


 685 0290 DE       		.byte	-34
 686 0291 20       		.byte	32
 687 0292 E0       		.byte	-32
 688 0293 20       		.byte	32
 689 0294 87       		.byte	-121
 690 0295 40       		.byte	64
 691 0296 99       		.byte	-103
 692 0297 04       		.byte	4
 693 0298 AB       		.byte	-85
 694 0299 60       		.byte	96
 695 029a 73       		.byte	115
 696 029b 40       		.byte	64
 697 029c 75       		.byte	117
 698 029d 04       		.byte	4
 699 029e 93       		.byte	-109
 700 029f 40       		.byte	64
 701 02a0 99       		.byte	-103
 702 02a1 04       		.byte	4
 703 02a2 DC       		.byte	-36
 704 02a3 01       		.byte	1
 705 02a4 DE       		.byte	-34
 706 02a5 04       		.byte	4
 707 02a6 00       		.byte	0
 708 02a7 01       		.byte	1
 709 02a8 0A       		.byte	10
 710 02a9 01       		.byte	1
 711 02aa 00       		.byte	0
 712 02ab 00       		.byte	0
 713 02ac 00       		.byte	0
 714 02ad FF       		.byte	-1
 715 02ae FF       		.byte	-1
 716 02af 00       		.byte	0
 717 02b0 FF       		.byte	-1
 718 02b1 00       		.byte	0
 719 02b2 00       		.byte	0
 720 02b3 00       		.byte	0
 721 02b4 00       		.byte	0
 722 02b5 FF       		.byte	-1
 723 02b6 FF       		.byte	-1
 724 02b7 00       		.byte	0
 725 02b8 FF       		.byte	-1
 726 02b9 00       		.byte	0
 727 02ba 00       		.byte	0
 728 02bb 00       		.byte	0
 729 02bc 10       		.byte	16
 730 02bd 04       		.byte	4
 731 02be 04       		.byte	4
 732 02bf 00       		.byte	0
 733 02c0 04       		.byte	4
 734 02c1 00       		.byte	0
 735 02c2 00       		.byte	0
 736 02c3 00       		.byte	0
 737 02c4 00       		.byte	0
 738 02c5 0B       		.byte	11
 739 02c6 0B       		.byte	11
 740 02c7 00       		.byte	0
 741 02c8 00       		.byte	0
ARM GAS  C:\Users\HPSPEC~1\AppData\Local\Temp\ccPq9PfA.s 			page 14


 742 02c9 00       		.byte	0
 743 02ca 00       		.byte	0
 744 02cb 00       		.byte	0
 745 02cc 01       		.byte	1
 746 02cd 00       		.byte	0
 747 02ce 00       		.byte	0
 748 02cf 00       		.byte	0
 749 02d0 00       		.byte	0
 750 02d1 00       		.byte	0
 751 02d2 00       		.byte	0
 752 02d3 00       		.byte	0
 753 02d4 80       		.byte	-128
 754 02d5 00       		.byte	0
 755 02d6 00       		.byte	0
 756 02d7 00       		.byte	0
 757 02d8 00       		.byte	0
 758 02d9 00       		.byte	0
 759 02da 00       		.byte	0
 760 02db 00       		.byte	0
 761              		.section	.cywolatch,"a",%progbits
 762              		.align	2
 763              		.type	cy_meta_wonvl, %object
 764              		.size	cy_meta_wonvl, 4
 765              	cy_meta_wonvl:
 766 0000 BC       		.byte	-68
 767 0001 90       		.byte	-112
 768 0002 AC       		.byte	-84
 769 0003 AF       		.byte	-81
 770              		.section	.cycustnvl,"a",%progbits
 771              		.align	2
 772              		.type	cy_meta_custnvl, %object
 773              		.size	cy_meta_custnvl, 4
 774              	cy_meta_custnvl:
 775 0000 00       		.byte	0
 776 0001 00       		.byte	0
 777 0002 40       		.byte	64
 778 0003 05       		.byte	5
 779              		.section	.cymeta,"a",%progbits
 780              		.align	2
 781              		.type	cy_metadata, %object
 782              		.size	cy_metadata, 12
 783              	cy_metadata:
 784 0000 00       		.byte	0
 785 0001 01       		.byte	1
 786 0002 2E       		.byte	46
 787 0003 16       		.byte	22
 788 0004 10       		.byte	16
 789 0005 69       		.byte	105
 790 0006 00       		.byte	0
 791 0007 01       		.byte	1
 792 0008 00       		.byte	0
 793 0009 00       		.byte	0
 794 000a 00       		.byte	0
 795 000b 00       		.byte	0
 796              		.section	.cyflashprotect,"a",%progbits
 797              		.align	2
 798              		.type	cy_meta_flashprotect, %object
ARM GAS  C:\Users\HPSPEC~1\AppData\Local\Temp\ccPq9PfA.s 			page 15


 799              		.size	cy_meta_flashprotect, 256
 800              	cy_meta_flashprotect:
 801 0000 00000000 		.space	256
 801      00000000 
 801      00000000 
 801      00000000 
 801      00000000 
 802              		.text
 803              	.Letext0:
 804              		.file 1 "c:\\program files (x86)\\cypress\\psoc creator\\4.4\\psoc creator\\import\\gnu\\arm\\5.4.
 805              		.file 2 "c:\\program files (x86)\\cypress\\psoc creator\\4.4\\psoc creator\\import\\gnu\\arm\\5.4.
 806              		.file 3 "Generated_Source\\PSoC5\\cymetadata.c"
 807              		.section	.debug_info,"",%progbits
 808              	.Ldebug_info0:
 809 0000 31010000 		.4byte	0x131
 810 0004 0400     		.2byte	0x4
 811 0006 00000000 		.4byte	.Ldebug_abbrev0
 812 000a 04       		.byte	0x4
 813 000b 01       		.uleb128 0x1
 814 000c 82000000 		.4byte	.LASF17
 815 0010 0C       		.byte	0xc
 816 0011 DC010000 		.4byte	.LASF18
 817 0015 0A000000 		.4byte	.LASF19
 818 0019 00000000 		.4byte	.Ldebug_line0
 819 001d 02       		.uleb128 0x2
 820 001e 01       		.byte	0x1
 821 001f 06       		.byte	0x6
 822 0020 D0010000 		.4byte	.LASF0
 823 0024 03       		.uleb128 0x3
 824 0025 00000000 		.4byte	.LASF9
 825 0029 01       		.byte	0x1
 826 002a 1D       		.byte	0x1d
 827 002b 2F000000 		.4byte	0x2f
 828 002f 02       		.uleb128 0x2
 829 0030 01       		.byte	0x1
 830 0031 08       		.byte	0x8
 831 0032 74000000 		.4byte	.LASF1
 832 0036 02       		.uleb128 0x2
 833 0037 02       		.byte	0x2
 834 0038 05       		.byte	0x5
 835 0039 BD010000 		.4byte	.LASF2
 836 003d 02       		.uleb128 0x2
 837 003e 02       		.byte	0x2
 838 003f 07       		.byte	0x7
 839 0040 22010000 		.4byte	.LASF3
 840 0044 02       		.uleb128 0x2
 841 0045 04       		.byte	0x4
 842 0046 05       		.byte	0x5
 843 0047 C7010000 		.4byte	.LASF4
 844 004b 02       		.uleb128 0x2
 845 004c 04       		.byte	0x4
 846 004d 07       		.byte	0x7
 847 004e 10010000 		.4byte	.LASF5
 848 0052 02       		.uleb128 0x2
 849 0053 08       		.byte	0x8
 850 0054 05       		.byte	0x5
 851 0055 AF010000 		.4byte	.LASF6
ARM GAS  C:\Users\HPSPEC~1\AppData\Local\Temp\ccPq9PfA.s 			page 16


 852 0059 02       		.uleb128 0x2
 853 005a 08       		.byte	0x8
 854 005b 07       		.byte	0x7
 855 005c 64010000 		.4byte	.LASF7
 856 0060 04       		.uleb128 0x4
 857 0061 04       		.byte	0x4
 858 0062 05       		.byte	0x5
 859 0063 696E7400 		.ascii	"int\000"
 860 0067 02       		.uleb128 0x2
 861 0068 04       		.byte	0x4
 862 0069 07       		.byte	0x7
 863 006a 57010000 		.4byte	.LASF8
 864 006e 03       		.uleb128 0x3
 865 006f 7B010000 		.4byte	.LASF10
 866 0073 02       		.byte	0x2
 867 0074 18       		.byte	0x18
 868 0075 24000000 		.4byte	0x24
 869 0079 05       		.uleb128 0x5
 870 007a 91000000 		.4byte	0x91
 871 007e 8A000000 		.4byte	0x8a
 872 0082 06       		.uleb128 0x6
 873 0083 8A000000 		.4byte	0x8a
 874 0087 DB02     		.2byte	0x2db
 875 0089 00       		.byte	0
 876 008a 02       		.uleb128 0x2
 877 008b 04       		.byte	0x4
 878 008c 07       		.byte	0x7
 879 008d A6010000 		.4byte	.LASF11
 880 0091 07       		.uleb128 0x7
 881 0092 6E000000 		.4byte	0x6e
 882 0096 08       		.uleb128 0x8
 883 0097 45010000 		.4byte	.LASF12
 884 009b 03       		.byte	0x3
 885 009c 1F       		.byte	0x1f
 886 009d A7000000 		.4byte	0xa7
 887 00a1 05       		.uleb128 0x5
 888 00a2 03       		.byte	0x3
 889 00a3 00000000 		.4byte	cy_meta_configecc
 890 00a7 07       		.uleb128 0x7
 891 00a8 79000000 		.4byte	0x79
 892 00ac 05       		.uleb128 0x5
 893 00ad 91000000 		.4byte	0x91
 894 00b1 BC000000 		.4byte	0xbc
 895 00b5 09       		.uleb128 0x9
 896 00b6 8A000000 		.4byte	0x8a
 897 00ba 03       		.byte	0x3
 898 00bb 00       		.byte	0
 899 00bc 08       		.uleb128 0x8
 900 00bd 35010000 		.4byte	.LASF13
 901 00c1 03       		.byte	0x3
 902 00c2 88       		.byte	0x88
 903 00c3 CD000000 		.4byte	0xcd
 904 00c7 05       		.uleb128 0x5
 905 00c8 03       		.byte	0x3
 906 00c9 00000000 		.4byte	cy_meta_custnvl
 907 00cd 07       		.uleb128 0x7
 908 00ce AC000000 		.4byte	0xac
ARM GAS  C:\Users\HPSPEC~1\AppData\Local\Temp\ccPq9PfA.s 			page 17


 909 00d2 08       		.uleb128 0x8
 910 00d3 98010000 		.4byte	.LASF14
 911 00d7 03       		.byte	0x3
 912 00d8 96       		.byte	0x96
 913 00d9 E3000000 		.4byte	0xe3
 914 00dd 05       		.uleb128 0x5
 915 00de 03       		.byte	0x3
 916 00df 00000000 		.4byte	cy_meta_wonvl
 917 00e3 07       		.uleb128 0x7
 918 00e4 AC000000 		.4byte	0xac
 919 00e8 05       		.uleb128 0x5
 920 00e9 91000000 		.4byte	0x91
 921 00ed F8000000 		.4byte	0xf8
 922 00f1 09       		.uleb128 0x9
 923 00f2 8A000000 		.4byte	0x8a
 924 00f6 FF       		.byte	0xff
 925 00f7 00       		.byte	0
 926 00f8 08       		.uleb128 0x8
 927 00f9 83010000 		.4byte	.LASF15
 928 00fd 03       		.byte	0x3
 929 00fe A4       		.byte	0xa4
 930 00ff 09010000 		.4byte	0x109
 931 0103 05       		.uleb128 0x5
 932 0104 03       		.byte	0x3
 933 0105 00000000 		.4byte	cy_meta_flashprotect
 934 0109 07       		.uleb128 0x7
 935 010a E8000000 		.4byte	0xe8
 936 010e 05       		.uleb128 0x5
 937 010f 91000000 		.4byte	0x91
 938 0113 1E010000 		.4byte	0x11e
 939 0117 09       		.uleb128 0x9
 940 0118 8A000000 		.4byte	0x8a
 941 011c 0B       		.byte	0xb
 942 011d 00       		.byte	0
 943 011e 08       		.uleb128 0x8
 944 011f 68000000 		.4byte	.LASF16
 945 0123 03       		.byte	0x3
 946 0124 D1       		.byte	0xd1
 947 0125 2F010000 		.4byte	0x12f
 948 0129 05       		.uleb128 0x5
 949 012a 03       		.byte	0x3
 950 012b 00000000 		.4byte	cy_metadata
 951 012f 07       		.uleb128 0x7
 952 0130 0E010000 		.4byte	0x10e
 953 0134 00       		.byte	0
 954              		.section	.debug_abbrev,"",%progbits
 955              	.Ldebug_abbrev0:
 956 0000 01       		.uleb128 0x1
 957 0001 11       		.uleb128 0x11
 958 0002 01       		.byte	0x1
 959 0003 25       		.uleb128 0x25
 960 0004 0E       		.uleb128 0xe
 961 0005 13       		.uleb128 0x13
 962 0006 0B       		.uleb128 0xb
 963 0007 03       		.uleb128 0x3
 964 0008 0E       		.uleb128 0xe
 965 0009 1B       		.uleb128 0x1b
ARM GAS  C:\Users\HPSPEC~1\AppData\Local\Temp\ccPq9PfA.s 			page 18


 966 000a 0E       		.uleb128 0xe
 967 000b 10       		.uleb128 0x10
 968 000c 17       		.uleb128 0x17
 969 000d 00       		.byte	0
 970 000e 00       		.byte	0
 971 000f 02       		.uleb128 0x2
 972 0010 24       		.uleb128 0x24
 973 0011 00       		.byte	0
 974 0012 0B       		.uleb128 0xb
 975 0013 0B       		.uleb128 0xb
 976 0014 3E       		.uleb128 0x3e
 977 0015 0B       		.uleb128 0xb
 978 0016 03       		.uleb128 0x3
 979 0017 0E       		.uleb128 0xe
 980 0018 00       		.byte	0
 981 0019 00       		.byte	0
 982 001a 03       		.uleb128 0x3
 983 001b 16       		.uleb128 0x16
 984 001c 00       		.byte	0
 985 001d 03       		.uleb128 0x3
 986 001e 0E       		.uleb128 0xe
 987 001f 3A       		.uleb128 0x3a
 988 0020 0B       		.uleb128 0xb
 989 0021 3B       		.uleb128 0x3b
 990 0022 0B       		.uleb128 0xb
 991 0023 49       		.uleb128 0x49
 992 0024 13       		.uleb128 0x13
 993 0025 00       		.byte	0
 994 0026 00       		.byte	0
 995 0027 04       		.uleb128 0x4
 996 0028 24       		.uleb128 0x24
 997 0029 00       		.byte	0
 998 002a 0B       		.uleb128 0xb
 999 002b 0B       		.uleb128 0xb
 1000 002c 3E       		.uleb128 0x3e
 1001 002d 0B       		.uleb128 0xb
 1002 002e 03       		.uleb128 0x3
 1003 002f 08       		.uleb128 0x8
 1004 0030 00       		.byte	0
 1005 0031 00       		.byte	0
 1006 0032 05       		.uleb128 0x5
 1007 0033 01       		.uleb128 0x1
 1008 0034 01       		.byte	0x1
 1009 0035 49       		.uleb128 0x49
 1010 0036 13       		.uleb128 0x13
 1011 0037 01       		.uleb128 0x1
 1012 0038 13       		.uleb128 0x13
 1013 0039 00       		.byte	0
 1014 003a 00       		.byte	0
 1015 003b 06       		.uleb128 0x6
 1016 003c 21       		.uleb128 0x21
 1017 003d 00       		.byte	0
 1018 003e 49       		.uleb128 0x49
 1019 003f 13       		.uleb128 0x13
 1020 0040 2F       		.uleb128 0x2f
 1021 0041 05       		.uleb128 0x5
 1022 0042 00       		.byte	0
ARM GAS  C:\Users\HPSPEC~1\AppData\Local\Temp\ccPq9PfA.s 			page 19


 1023 0043 00       		.byte	0
 1024 0044 07       		.uleb128 0x7
 1025 0045 26       		.uleb128 0x26
 1026 0046 00       		.byte	0
 1027 0047 49       		.uleb128 0x49
 1028 0048 13       		.uleb128 0x13
 1029 0049 00       		.byte	0
 1030 004a 00       		.byte	0
 1031 004b 08       		.uleb128 0x8
 1032 004c 34       		.uleb128 0x34
 1033 004d 00       		.byte	0
 1034 004e 03       		.uleb128 0x3
 1035 004f 0E       		.uleb128 0xe
 1036 0050 3A       		.uleb128 0x3a
 1037 0051 0B       		.uleb128 0xb
 1038 0052 3B       		.uleb128 0x3b
 1039 0053 0B       		.uleb128 0xb
 1040 0054 49       		.uleb128 0x49
 1041 0055 13       		.uleb128 0x13
 1042 0056 3F       		.uleb128 0x3f
 1043 0057 19       		.uleb128 0x19
 1044 0058 02       		.uleb128 0x2
 1045 0059 18       		.uleb128 0x18
 1046 005a 00       		.byte	0
 1047 005b 00       		.byte	0
 1048 005c 09       		.uleb128 0x9
 1049 005d 21       		.uleb128 0x21
 1050 005e 00       		.byte	0
 1051 005f 49       		.uleb128 0x49
 1052 0060 13       		.uleb128 0x13
 1053 0061 2F       		.uleb128 0x2f
 1054 0062 0B       		.uleb128 0xb
 1055 0063 00       		.byte	0
 1056 0064 00       		.byte	0
 1057 0065 00       		.byte	0
 1058              		.section	.debug_aranges,"",%progbits
 1059 0000 14000000 		.4byte	0x14
 1060 0004 0200     		.2byte	0x2
 1061 0006 00000000 		.4byte	.Ldebug_info0
 1062 000a 04       		.byte	0x4
 1063 000b 00       		.byte	0
 1064 000c 0000     		.2byte	0
 1065 000e 0000     		.2byte	0
 1066 0010 00000000 		.4byte	0
 1067 0014 00000000 		.4byte	0
 1068              		.section	.debug_line,"",%progbits
 1069              	.Ldebug_line0:
 1070 0000 3D010000 		.section	.debug_str,"MS",%progbits,1
 1070      02003701 
 1070      00000201 
 1070      FB0E0D00 
 1070      01010101 
 1071              	.LASF9:
 1072 0000 5F5F7569 		.ascii	"__uint8_t\000"
 1072      6E74385F 
 1072      7400
 1073              	.LASF19:
ARM GAS  C:\Users\HPSPEC~1\AppData\Local\Temp\ccPq9PfA.s 			page 20


 1074 000a 433A5C55 		.ascii	"C:\\Users\\HP SPECTRE\\OneDrive - Universidad de An"
 1074      73657273 
 1074      5C485020 
 1074      53504543 
 1074      5452455C 
 1075 003a 74696F71 		.ascii	"tioquia\\Dispositivos\\Practica3\\Design01.cydsn\000"
 1075      7569615C 
 1075      44697370 
 1075      6F736974 
 1075      69766F73 
 1076              	.LASF16:
 1077 0068 63795F6D 		.ascii	"cy_metadata\000"
 1077      65746164 
 1077      61746100 
 1078              	.LASF1:
 1079 0074 756E7369 		.ascii	"unsigned char\000"
 1079      676E6564 
 1079      20636861 
 1079      7200
 1080              	.LASF17:
 1081 0082 474E5520 		.ascii	"GNU C11 5.4.1 20160609 (release) [ARM/embedded-5-br"
 1081      43313120 
 1081      352E342E 
 1081      31203230 
 1081      31363036 
 1082 00b5 616E6368 		.ascii	"anch revision 237715] -mcpu=cortex-m3 -mthumb -g -O"
 1082      20726576 
 1082      6973696F 
 1082      6E203233 
 1082      37373135 
 1083 00e8 67202D66 		.ascii	"g -ffunction-sections -ffat-lto-objects\000"
 1083      66756E63 
 1083      74696F6E 
 1083      2D736563 
 1083      74696F6E 
 1084              	.LASF5:
 1085 0110 6C6F6E67 		.ascii	"long unsigned int\000"
 1085      20756E73 
 1085      69676E65 
 1085      6420696E 
 1085      7400
 1086              	.LASF3:
 1087 0122 73686F72 		.ascii	"short unsigned int\000"
 1087      7420756E 
 1087      7369676E 
 1087      65642069 
 1087      6E7400
 1088              	.LASF13:
 1089 0135 63795F6D 		.ascii	"cy_meta_custnvl\000"
 1089      6574615F 
 1089      63757374 
 1089      6E766C00 
 1090              	.LASF12:
 1091 0145 63795F6D 		.ascii	"cy_meta_configecc\000"
 1091      6574615F 
 1091      636F6E66 
 1091      69676563 
ARM GAS  C:\Users\HPSPEC~1\AppData\Local\Temp\ccPq9PfA.s 			page 21


 1091      6300
 1092              	.LASF8:
 1093 0157 756E7369 		.ascii	"unsigned int\000"
 1093      676E6564 
 1093      20696E74 
 1093      00
 1094              	.LASF7:
 1095 0164 6C6F6E67 		.ascii	"long long unsigned int\000"
 1095      206C6F6E 
 1095      6720756E 
 1095      7369676E 
 1095      65642069 
 1096              	.LASF10:
 1097 017b 75696E74 		.ascii	"uint8_t\000"
 1097      385F7400 
 1098              	.LASF15:
 1099 0183 63795F6D 		.ascii	"cy_meta_flashprotect\000"
 1099      6574615F 
 1099      666C6173 
 1099      6870726F 
 1099      74656374 
 1100              	.LASF14:
 1101 0198 63795F6D 		.ascii	"cy_meta_wonvl\000"
 1101      6574615F 
 1101      776F6E76 
 1101      6C00
 1102              	.LASF11:
 1103 01a6 73697A65 		.ascii	"sizetype\000"
 1103      74797065 
 1103      00
 1104              	.LASF6:
 1105 01af 6C6F6E67 		.ascii	"long long int\000"
 1105      206C6F6E 
 1105      6720696E 
 1105      7400
 1106              	.LASF2:
 1107 01bd 73686F72 		.ascii	"short int\000"
 1107      7420696E 
 1107      7400
 1108              	.LASF4:
 1109 01c7 6C6F6E67 		.ascii	"long int\000"
 1109      20696E74 
 1109      00
 1110              	.LASF0:
 1111 01d0 7369676E 		.ascii	"signed char\000"
 1111      65642063 
 1111      68617200 
 1112              	.LASF18:
 1113 01dc 47656E65 		.ascii	"Generated_Source\\PSoC5\\cymetadata.c\000"
 1113      72617465 
 1113      645F536F 
 1113      75726365 
 1113      5C50536F 
 1114              		.ident	"GCC: (GNU Tools for ARM Embedded Processors) 5.4.1 20160609 (release) [ARM/embedded-5-bran
