ARM GAS  C:\Users\Esteban\AppData\Local\Temp\ccwmd04J.s 			page 1


   1              		.syntax unified
   2              		.cpu cortex-m3
   3              		.fpu softvfp
   4              		.eabi_attribute 20, 1
   5              		.eabi_attribute 21, 1
   6              		.eabi_attribute 23, 3
   7              		.eabi_attribute 24, 1
   8              		.eabi_attribute 25, 1
   9              		.eabi_attribute 26, 1
  10              		.eabi_attribute 30, 1
  11              		.eabi_attribute 34, 1
  12              		.eabi_attribute 18, 4
  13              		.thumb
  14              		.syntax unified
  15              		.file	"cymetadata.c"
  16              		.text
  17              	.Ltext0:
  18              		.cfi_sections	.debug_frame
  19              		.global	cy_metadata
  20              		.global	cy_meta_flashprotect
  21              		.global	cy_meta_wonvl
  22              		.global	cy_meta_custnvl
  23              		.global	cy_meta_configecc
  24              		.section	.cyconfigecc,"a",%progbits
  25              		.align	2
  26              		.type	cy_meta_configecc, %object
  27              		.size	cy_meta_configecc, 340
  28              	cy_meta_configecc:
  29 0000 02       		.byte	2
  30 0001 52       		.byte	82
  31 0002 00       		.byte	0
  32 0003 40       		.byte	64
  33 0004 2D       		.byte	45
  34 0005 04       		.byte	4
  35 0006 01       		.byte	1
  36 0007 40       		.byte	64
  37 0008 24       		.byte	36
  38 0009 05       		.byte	5
  39 000a 01       		.byte	1
  40 000b 40       		.byte	64
  41 000c 03       		.byte	3
  42 000d 07       		.byte	7
  43 000e 01       		.byte	1
  44 000f 40       		.byte	64
  45 0010 01       		.byte	1
  46 0011 0B       		.byte	11
  47 0012 01       		.byte	1
  48 0013 40       		.byte	64
  49 0014 02       		.byte	2
  50 0015 15       		.byte	21
  51 0016 01       		.byte	1
  52 0017 40       		.byte	64
  53 0018 01       		.byte	1
  54 0019 17       		.byte	23
  55 001a 01       		.byte	1
  56 001b 40       		.byte	64
  57 001c 09       		.byte	9
ARM GAS  C:\Users\Esteban\AppData\Local\Temp\ccwmd04J.s 			page 2


  58 001d 41       		.byte	65
  59 001e 01       		.byte	1
  60 001f 40       		.byte	64
  61 0020 0B       		.byte	11
  62 0021 42       		.byte	66
  63 0022 01       		.byte	1
  64 0023 40       		.byte	64
  65 0024 04       		.byte	4
  66 0025 43       		.byte	67
  67 0026 01       		.byte	1
  68 0027 40       		.byte	64
  69 0028 03       		.byte	3
  70 0029 45       		.byte	69
  71 002a 01       		.byte	1
  72 002b 40       		.byte	64
  73 002c 03       		.byte	3
  74 002d 46       		.byte	70
  75 002e 01       		.byte	1
  76 002f 40       		.byte	64
  77 0030 04       		.byte	4
  78 0031 49       		.byte	73
  79 0032 01       		.byte	1
  80 0033 40       		.byte	64
  81 0034 02       		.byte	2
  82 0035 50       		.byte	80
  83 0036 01       		.byte	1
  84 0037 40       		.byte	64
  85 0038 00       		.byte	0
  86 0039 59       		.byte	89
  87 003a 01       		.byte	1
  88 003b 65       		.byte	101
  89 003c 00       		.byte	0
  90 003d 13       		.byte	19
  91 003e 01       		.byte	1
  92 003f 0E       		.byte	14
  93 0040 02       		.byte	2
  94 0041 6C       		.byte	108
  95 0042 0C       		.byte	12
  96 0043 21       		.byte	33
  97 0044 0E       		.byte	14
  98 0045 D6       		.byte	-42
  99 0046 11       		.byte	17
 100 0047 49       		.byte	73
 101 0048 13       		.byte	19
 102 0049 20       		.byte	32
 103 004a 18       		.byte	24
 104 004b 4A       		.byte	74
 105 004c 1A       		.byte	26
 106 004d 35       		.byte	53
 107 004e 21       		.byte	33
 108 004f 14       		.byte	20
 109 0050 23       		.byte	35
 110 0051 41       		.byte	65
 111 0052 25       		.byte	37
 112 0053 30       		.byte	48
 113 0054 27       		.byte	39
 114 0055 03       		.byte	3
ARM GAS  C:\Users\Esteban\AppData\Local\Temp\ccwmd04J.s 			page 3


 115 0056 2C       		.byte	44
 116 0057 A6       		.byte	-90
 117 0058 2E       		.byte	46
 118 0059 19       		.byte	25
 119 005a 30       		.byte	48
 120 005b 0F       		.byte	15
 121 005c 31       		.byte	49
 122 005d 0F       		.byte	15
 123 005e 32       		.byte	50
 124 005f 70       		.byte	112
 125 0060 33       		.byte	51
 126 0061 31       		.byte	49
 127 0062 34       		.byte	52
 128 0063 80       		.byte	-128
 129 0064 35       		.byte	53
 130 0065 60       		.byte	96
 131 0066 36       		.byte	54
 132 0067 70       		.byte	112
 133 0068 37       		.byte	55
 134 0069 20       		.byte	32
 135 006a 39       		.byte	57
 136 006b 80       		.byte	-128
 137 006c 3E       		.byte	62
 138 006d 10       		.byte	16
 139 006e 3F       		.byte	63
 140 006f 54       		.byte	84
 141 0070 58       		.byte	88
 142 0071 0B       		.byte	11
 143 0072 59       		.byte	89
 144 0073 0B       		.byte	11
 145 0074 5F       		.byte	95
 146 0075 01       		.byte	1
 147 0076 80       		.byte	-128
 148 0077 B5       		.byte	-75
 149 0078 82       		.byte	-126
 150 0079 0A       		.byte	10
 151 007a 84       		.byte	-124
 152 007b 6C       		.byte	108
 153 007c 86       		.byte	-122
 154 007d 11       		.byte	17
 155 007e A7       		.byte	-89
 156 007f 01       		.byte	1
 157 0080 AC       		.byte	-84
 158 0081 C4       		.byte	-60
 159 0082 AE       		.byte	-82
 160 0083 1A       		.byte	26
 161 0084 B0       		.byte	-80
 162 0085 E0       		.byte	-32
 163 0086 B2       		.byte	-78
 164 0087 1C       		.byte	28
 165 0088 B4       		.byte	-76
 166 0089 03       		.byte	3
 167 008a B7       		.byte	-73
 168 008b 01       		.byte	1
 169 008c B8       		.byte	-72
 170 008d 08       		.byte	8
 171 008e BE       		.byte	-66
ARM GAS  C:\Users\Esteban\AppData\Local\Temp\ccwmd04J.s 			page 4


 172 008f 15       		.byte	21
 173 0090 D8       		.byte	-40
 174 0091 04       		.byte	4
 175 0092 D9       		.byte	-39
 176 0093 04       		.byte	4
 177 0094 DF       		.byte	-33
 178 0095 01       		.byte	1
 179 0096 00       		.byte	0
 180 0097 41       		.byte	65
 181 0098 05       		.byte	5
 182 0099 09       		.byte	9
 183 009a 08       		.byte	8
 184 009b 20       		.byte	32
 185 009c 12       		.byte	18
 186 009d 02       		.byte	2
 187 009e 17       		.byte	23
 188 009f 80       		.byte	-128
 189 00a0 18       		.byte	24
 190 00a1 41       		.byte	65
 191 00a2 19       		.byte	25
 192 00a3 09       		.byte	9
 193 00a4 1A       		.byte	26
 194 00a5 04       		.byte	4
 195 00a6 1C       		.byte	28
 196 00a7 20       		.byte	32
 197 00a8 1D       		.byte	29
 198 00a9 20       		.byte	32
 199 00aa 1F       		.byte	31
 200 00ab 01       		.byte	1
 201 00ac 22       		.byte	34
 202 00ad 26       		.byte	38
 203 00ae 23       		.byte	35
 204 00af 82       		.byte	-126
 205 00b0 26       		.byte	38
 206 00b1 40       		.byte	64
 207 00b2 29       		.byte	41
 208 00b3 09       		.byte	9
 209 00b4 2F       		.byte	47
 210 00b5 10       		.byte	16
 211 00b6 32       		.byte	50
 212 00b7 02       		.byte	2
 213 00b8 38       		.byte	56
 214 00b9 02       		.byte	2
 215 00ba 7A       		.byte	122
 216 00bb 40       		.byte	64
 217 00bc 81       		.byte	-127
 218 00bd 20       		.byte	32
 219 00be 82       		.byte	-126
 220 00bf 20       		.byte	32
 221 00c0 83       		.byte	-125
 222 00c1 01       		.byte	1
 223 00c2 86       		.byte	-122
 224 00c3 04       		.byte	4
 225 00c4 88       		.byte	-120
 226 00c5 10       		.byte	16
 227 00c6 90       		.byte	-112
 228 00c7 02       		.byte	2
ARM GAS  C:\Users\Esteban\AppData\Local\Temp\ccwmd04J.s 			page 5


 229 00c8 98       		.byte	-104
 230 00c9 20       		.byte	32
 231 00ca B0       		.byte	-80
 232 00cb 20       		.byte	32
 233 00cc B4       		.byte	-76
 234 00cd 01       		.byte	1
 235 00ce C0       		.byte	-64
 236 00cf 39       		.byte	57
 237 00d0 C2       		.byte	-62
 238 00d1 02       		.byte	2
 239 00d2 C4       		.byte	-60
 240 00d3 81       		.byte	-127
 241 00d4 CA       		.byte	-54
 242 00d5 43       		.byte	67
 243 00d6 CC       		.byte	-52
 244 00d7 01       		.byte	1
 245 00d8 CE       		.byte	-50
 246 00d9 01       		.byte	1
 247 00da DE       		.byte	-34
 248 00db 01       		.byte	1
 249 00dc E6       		.byte	-26
 250 00dd 80       		.byte	-128
 251 00de 97       		.byte	-105
 252 00df 20       		.byte	32
 253 00e0 AE       		.byte	-82
 254 00e1 04       		.byte	4
 255 00e2 AF       		.byte	-81
 256 00e3 02       		.byte	2
 257 00e4 EA       		.byte	-22
 258 00e5 C0       		.byte	-64
 259 00e6 87       		.byte	-121
 260 00e7 10       		.byte	16
 261 00e8 97       		.byte	-105
 262 00e9 20       		.byte	32
 263 00ea 97       		.byte	-105
 264 00eb 20       		.byte	32
 265 00ec 51       		.byte	81
 266 00ed 20       		.byte	32
 267 00ee 52       		.byte	82
 268 00ef 02       		.byte	2
 269 00f0 56       		.byte	86
 270 00f1 0A       		.byte	10
 271 00f2 5C       		.byte	92
 272 00f3 02       		.byte	2
 273 00f4 63       		.byte	99
 274 00f5 08       		.byte	8
 275 00f6 66       		.byte	102
 276 00f7 20       		.byte	32
 277 00f8 D4       		.byte	-44
 278 00f9 E0       		.byte	-32
 279 00fa D6       		.byte	-42
 280 00fb A0       		.byte	-96
 281 00fc D8       		.byte	-40
 282 00fd C0       		.byte	-64
 283 00fe 82       		.byte	-126
 284 00ff 28       		.byte	40
 285 0100 83       		.byte	-125
ARM GAS  C:\Users\Esteban\AppData\Local\Temp\ccwmd04J.s 			page 6


 286 0101 04       		.byte	4
 287 0102 86       		.byte	-122
 288 0103 02       		.byte	2
 289 0104 89       		.byte	-119
 290 0105 20       		.byte	32
 291 0106 9C       		.byte	-100
 292 0107 02       		.byte	2
 293 0108 9E       		.byte	-98
 294 0109 2A       		.byte	42
 295 010a A5       		.byte	-91
 296 010b 20       		.byte	32
 297 010c A6       		.byte	-90
 298 010d 02       		.byte	2
 299 010e A7       		.byte	-89
 300 010f 04       		.byte	4
 301 0110 E2       		.byte	-30
 302 0111 20       		.byte	32
 303 0112 E6       		.byte	-26
 304 0113 B0       		.byte	-80
 305 0114 AC       		.byte	-84
 306 0115 02       		.byte	2
 307 0116 AE       		.byte	-82
 308 0117 02       		.byte	2
 309 0118 EA       		.byte	-22
 310 0119 40       		.byte	64
 311 011a EE       		.byte	-18
 312 011b 40       		.byte	64
 313 011c 00       		.byte	0
 314 011d 02       		.byte	2
 315 011e 01       		.byte	1
 316 011f 08       		.byte	8
 317 0120 C0       		.byte	-64
 318 0121 08       		.byte	8
 319 0122 B0       		.byte	-80
 320 0123 01       		.byte	1
 321 0124 B5       		.byte	-75
 322 0125 08       		.byte	8
 323 0126 EA       		.byte	-22
 324 0127 03       		.byte	3
 325 0128 0D       		.byte	13
 326 0129 80       		.byte	-128
 327 012a 85       		.byte	-123
 328 012b 80       		.byte	-128
 329 012c C2       		.byte	-62
 330 012d 80       		.byte	-128
 331 012e E4       		.byte	-28
 332 012f 40       		.byte	64
 333 0130 00       		.byte	0
 334 0131 01       		.byte	1
 335 0132 0A       		.byte	10
 336 0133 01       		.byte	1
 337 0134 00       		.byte	0
 338 0135 7F       		.byte	127
 339 0136 7F       		.byte	127
 340 0137 00       		.byte	0
 341 0138 7F       		.byte	127
 342 0139 00       		.byte	0
ARM GAS  C:\Users\Esteban\AppData\Local\Temp\ccwmd04J.s 			page 7


 343 013a 00       		.byte	0
 344 013b 00       		.byte	0
 345 013c 00       		.byte	0
 346 013d 0B       		.byte	11
 347 013e 0B       		.byte	11
 348 013f 00       		.byte	0
 349 0140 00       		.byte	0
 350 0141 00       		.byte	0
 351 0142 00       		.byte	0
 352 0143 00       		.byte	0
 353 0144 81       		.byte	-127
 354 0145 00       		.byte	0
 355 0146 00       		.byte	0
 356 0147 00       		.byte	0
 357 0148 00       		.byte	0
 358 0149 00       		.byte	0
 359 014a 00       		.byte	0
 360 014b 00       		.byte	0
 361 014c 80       		.byte	-128
 362 014d 00       		.byte	0
 363 014e 00       		.byte	0
 364 014f 00       		.byte	0
 365 0150 00       		.byte	0
 366 0151 00       		.byte	0
 367 0152 00       		.byte	0
 368 0153 00       		.byte	0
 369              		.section	.cywolatch,"a",%progbits
 370              		.align	2
 371              		.type	cy_meta_wonvl, %object
 372              		.size	cy_meta_wonvl, 4
 373              	cy_meta_wonvl:
 374 0000 BC       		.byte	-68
 375 0001 90       		.byte	-112
 376 0002 AC       		.byte	-84
 377 0003 AF       		.byte	-81
 378              		.section	.cycustnvl,"a",%progbits
 379              		.align	2
 380              		.type	cy_meta_custnvl, %object
 381              		.size	cy_meta_custnvl, 4
 382              	cy_meta_custnvl:
 383 0000 00       		.byte	0
 384 0001 00       		.byte	0
 385 0002 40       		.byte	64
 386 0003 05       		.byte	5
 387              		.section	.cymeta,"a",%progbits
 388              		.align	2
 389              		.type	cy_metadata, %object
 390              		.size	cy_metadata, 12
 391              	cy_metadata:
 392 0000 00       		.byte	0
 393 0001 01       		.byte	1
 394 0002 2E       		.byte	46
 395 0003 12       		.byte	18
 396 0004 70       		.byte	112
 397 0005 69       		.byte	105
 398 0006 00       		.byte	0
 399 0007 01       		.byte	1
ARM GAS  C:\Users\Esteban\AppData\Local\Temp\ccwmd04J.s 			page 8


 400 0008 00       		.byte	0
 401 0009 00       		.byte	0
 402 000a 00       		.byte	0
 403 000b 00       		.byte	0
 404              		.section	.cyflashprotect,"a",%progbits
 405              		.align	2
 406              		.type	cy_meta_flashprotect, %object
 407              		.size	cy_meta_flashprotect, 256
 408              	cy_meta_flashprotect:
 409 0000 00000000 		.space	256
 409      00000000 
 409      00000000 
 409      00000000 
 409      00000000 
 410              		.text
 411              	.Letext0:
 412              		.file 1 "c:\\program files (x86)\\cypress\\psoc creator\\4.4\\psoc creator\\import\\gnu\\arm\\5.4.
 413              		.file 2 "c:\\program files (x86)\\cypress\\psoc creator\\4.4\\psoc creator\\import\\gnu\\arm\\5.4.
 414              		.file 3 "Generated_Source\\PSoC5\\cymetadata.c"
 415              		.section	.debug_info,"",%progbits
 416              	.Ldebug_info0:
 417 0000 31010000 		.4byte	0x131
 418 0004 0400     		.2byte	0x4
 419 0006 00000000 		.4byte	.Ldebug_abbrev0
 420 000a 04       		.byte	0x4
 421 000b 01       		.uleb128 0x1
 422 000c 24000000 		.4byte	.LASF17
 423 0010 0C       		.byte	0xc
 424 0011 03020000 		.4byte	.LASF18
 425 0015 F9000000 		.4byte	.LASF19
 426 0019 00000000 		.4byte	.Ldebug_line0
 427 001d 02       		.uleb128 0x2
 428 001e 01       		.byte	0x1
 429 001f 06       		.byte	0x6
 430 0020 F7010000 		.4byte	.LASF0
 431 0024 03       		.uleb128 0x3
 432 0025 00000000 		.4byte	.LASF9
 433 0029 01       		.byte	0x1
 434 002a 1D       		.byte	0x1d
 435 002b 2F000000 		.4byte	0x2f
 436 002f 02       		.uleb128 0x2
 437 0030 01       		.byte	0x1
 438 0031 08       		.byte	0x8
 439 0032 16000000 		.4byte	.LASF1
 440 0036 02       		.uleb128 0x2
 441 0037 02       		.byte	0x2
 442 0038 05       		.byte	0x5
 443 0039 E4010000 		.4byte	.LASF2
 444 003d 02       		.uleb128 0x2
 445 003e 02       		.byte	0x2
 446 003f 07       		.byte	0x7
 447 0040 C4000000 		.4byte	.LASF3
 448 0044 02       		.uleb128 0x2
 449 0045 04       		.byte	0x4
 450 0046 05       		.byte	0x5
 451 0047 EE010000 		.4byte	.LASF4
 452 004b 02       		.uleb128 0x2
ARM GAS  C:\Users\Esteban\AppData\Local\Temp\ccwmd04J.s 			page 9


 453 004c 04       		.byte	0x4
 454 004d 07       		.byte	0x7
 455 004e B2000000 		.4byte	.LASF5
 456 0052 02       		.uleb128 0x2
 457 0053 08       		.byte	0x8
 458 0054 05       		.byte	0x5
 459 0055 D6010000 		.4byte	.LASF6
 460 0059 02       		.uleb128 0x2
 461 005a 08       		.byte	0x8
 462 005b 07       		.byte	0x7
 463 005c 8B010000 		.4byte	.LASF7
 464 0060 04       		.uleb128 0x4
 465 0061 04       		.byte	0x4
 466 0062 05       		.byte	0x5
 467 0063 696E7400 		.ascii	"int\000"
 468 0067 02       		.uleb128 0x2
 469 0068 04       		.byte	0x4
 470 0069 07       		.byte	0x7
 471 006a 7E010000 		.4byte	.LASF8
 472 006e 03       		.uleb128 0x3
 473 006f A2010000 		.4byte	.LASF10
 474 0073 02       		.byte	0x2
 475 0074 18       		.byte	0x18
 476 0075 24000000 		.4byte	0x24
 477 0079 05       		.uleb128 0x5
 478 007a 91000000 		.4byte	0x91
 479 007e 8A000000 		.4byte	0x8a
 480 0082 06       		.uleb128 0x6
 481 0083 8A000000 		.4byte	0x8a
 482 0087 5301     		.2byte	0x153
 483 0089 00       		.byte	0
 484 008a 02       		.uleb128 0x2
 485 008b 04       		.byte	0x4
 486 008c 07       		.byte	0x7
 487 008d CD010000 		.4byte	.LASF11
 488 0091 07       		.uleb128 0x7
 489 0092 6E000000 		.4byte	0x6e
 490 0096 08       		.uleb128 0x8
 491 0097 E7000000 		.4byte	.LASF12
 492 009b 03       		.byte	0x3
 493 009c 1F       		.byte	0x1f
 494 009d A7000000 		.4byte	0xa7
 495 00a1 05       		.uleb128 0x5
 496 00a2 03       		.byte	0x3
 497 00a3 00000000 		.4byte	cy_meta_configecc
 498 00a7 07       		.uleb128 0x7
 499 00a8 79000000 		.4byte	0x79
 500 00ac 05       		.uleb128 0x5
 501 00ad 91000000 		.4byte	0x91
 502 00b1 BC000000 		.4byte	0xbc
 503 00b5 09       		.uleb128 0x9
 504 00b6 8A000000 		.4byte	0x8a
 505 00ba 03       		.byte	0x3
 506 00bb 00       		.byte	0
 507 00bc 08       		.uleb128 0x8
 508 00bd D7000000 		.4byte	.LASF13
 509 00c1 03       		.byte	0x3
ARM GAS  C:\Users\Esteban\AppData\Local\Temp\ccwmd04J.s 			page 10


 510 00c2 57       		.byte	0x57
 511 00c3 CD000000 		.4byte	0xcd
 512 00c7 05       		.uleb128 0x5
 513 00c8 03       		.byte	0x3
 514 00c9 00000000 		.4byte	cy_meta_custnvl
 515 00cd 07       		.uleb128 0x7
 516 00ce AC000000 		.4byte	0xac
 517 00d2 08       		.uleb128 0x8
 518 00d3 BF010000 		.4byte	.LASF14
 519 00d7 03       		.byte	0x3
 520 00d8 65       		.byte	0x65
 521 00d9 E3000000 		.4byte	0xe3
 522 00dd 05       		.uleb128 0x5
 523 00de 03       		.byte	0x3
 524 00df 00000000 		.4byte	cy_meta_wonvl
 525 00e3 07       		.uleb128 0x7
 526 00e4 AC000000 		.4byte	0xac
 527 00e8 05       		.uleb128 0x5
 528 00e9 91000000 		.4byte	0x91
 529 00ed F8000000 		.4byte	0xf8
 530 00f1 09       		.uleb128 0x9
 531 00f2 8A000000 		.4byte	0x8a
 532 00f6 FF       		.byte	0xff
 533 00f7 00       		.byte	0
 534 00f8 08       		.uleb128 0x8
 535 00f9 AA010000 		.4byte	.LASF15
 536 00fd 03       		.byte	0x3
 537 00fe 73       		.byte	0x73
 538 00ff 09010000 		.4byte	0x109
 539 0103 05       		.uleb128 0x5
 540 0104 03       		.byte	0x3
 541 0105 00000000 		.4byte	cy_meta_flashprotect
 542 0109 07       		.uleb128 0x7
 543 010a E8000000 		.4byte	0xe8
 544 010e 05       		.uleb128 0x5
 545 010f 91000000 		.4byte	0x91
 546 0113 1E010000 		.4byte	0x11e
 547 0117 09       		.uleb128 0x9
 548 0118 8A000000 		.4byte	0x8a
 549 011c 0B       		.byte	0xb
 550 011d 00       		.byte	0
 551 011e 08       		.uleb128 0x8
 552 011f 0A000000 		.4byte	.LASF16
 553 0123 03       		.byte	0x3
 554 0124 A0       		.byte	0xa0
 555 0125 2F010000 		.4byte	0x12f
 556 0129 05       		.uleb128 0x5
 557 012a 03       		.byte	0x3
 558 012b 00000000 		.4byte	cy_metadata
 559 012f 07       		.uleb128 0x7
 560 0130 0E010000 		.4byte	0x10e
 561 0134 00       		.byte	0
 562              		.section	.debug_abbrev,"",%progbits
 563              	.Ldebug_abbrev0:
 564 0000 01       		.uleb128 0x1
 565 0001 11       		.uleb128 0x11
 566 0002 01       		.byte	0x1
ARM GAS  C:\Users\Esteban\AppData\Local\Temp\ccwmd04J.s 			page 11


 567 0003 25       		.uleb128 0x25
 568 0004 0E       		.uleb128 0xe
 569 0005 13       		.uleb128 0x13
 570 0006 0B       		.uleb128 0xb
 571 0007 03       		.uleb128 0x3
 572 0008 0E       		.uleb128 0xe
 573 0009 1B       		.uleb128 0x1b
 574 000a 0E       		.uleb128 0xe
 575 000b 10       		.uleb128 0x10
 576 000c 17       		.uleb128 0x17
 577 000d 00       		.byte	0
 578 000e 00       		.byte	0
 579 000f 02       		.uleb128 0x2
 580 0010 24       		.uleb128 0x24
 581 0011 00       		.byte	0
 582 0012 0B       		.uleb128 0xb
 583 0013 0B       		.uleb128 0xb
 584 0014 3E       		.uleb128 0x3e
 585 0015 0B       		.uleb128 0xb
 586 0016 03       		.uleb128 0x3
 587 0017 0E       		.uleb128 0xe
 588 0018 00       		.byte	0
 589 0019 00       		.byte	0
 590 001a 03       		.uleb128 0x3
 591 001b 16       		.uleb128 0x16
 592 001c 00       		.byte	0
 593 001d 03       		.uleb128 0x3
 594 001e 0E       		.uleb128 0xe
 595 001f 3A       		.uleb128 0x3a
 596 0020 0B       		.uleb128 0xb
 597 0021 3B       		.uleb128 0x3b
 598 0022 0B       		.uleb128 0xb
 599 0023 49       		.uleb128 0x49
 600 0024 13       		.uleb128 0x13
 601 0025 00       		.byte	0
 602 0026 00       		.byte	0
 603 0027 04       		.uleb128 0x4
 604 0028 24       		.uleb128 0x24
 605 0029 00       		.byte	0
 606 002a 0B       		.uleb128 0xb
 607 002b 0B       		.uleb128 0xb
 608 002c 3E       		.uleb128 0x3e
 609 002d 0B       		.uleb128 0xb
 610 002e 03       		.uleb128 0x3
 611 002f 08       		.uleb128 0x8
 612 0030 00       		.byte	0
 613 0031 00       		.byte	0
 614 0032 05       		.uleb128 0x5
 615 0033 01       		.uleb128 0x1
 616 0034 01       		.byte	0x1
 617 0035 49       		.uleb128 0x49
 618 0036 13       		.uleb128 0x13
 619 0037 01       		.uleb128 0x1
 620 0038 13       		.uleb128 0x13
 621 0039 00       		.byte	0
 622 003a 00       		.byte	0
 623 003b 06       		.uleb128 0x6
ARM GAS  C:\Users\Esteban\AppData\Local\Temp\ccwmd04J.s 			page 12


 624 003c 21       		.uleb128 0x21
 625 003d 00       		.byte	0
 626 003e 49       		.uleb128 0x49
 627 003f 13       		.uleb128 0x13
 628 0040 2F       		.uleb128 0x2f
 629 0041 05       		.uleb128 0x5
 630 0042 00       		.byte	0
 631 0043 00       		.byte	0
 632 0044 07       		.uleb128 0x7
 633 0045 26       		.uleb128 0x26
 634 0046 00       		.byte	0
 635 0047 49       		.uleb128 0x49
 636 0048 13       		.uleb128 0x13
 637 0049 00       		.byte	0
 638 004a 00       		.byte	0
 639 004b 08       		.uleb128 0x8
 640 004c 34       		.uleb128 0x34
 641 004d 00       		.byte	0
 642 004e 03       		.uleb128 0x3
 643 004f 0E       		.uleb128 0xe
 644 0050 3A       		.uleb128 0x3a
 645 0051 0B       		.uleb128 0xb
 646 0052 3B       		.uleb128 0x3b
 647 0053 0B       		.uleb128 0xb
 648 0054 49       		.uleb128 0x49
 649 0055 13       		.uleb128 0x13
 650 0056 3F       		.uleb128 0x3f
 651 0057 19       		.uleb128 0x19
 652 0058 02       		.uleb128 0x2
 653 0059 18       		.uleb128 0x18
 654 005a 00       		.byte	0
 655 005b 00       		.byte	0
 656 005c 09       		.uleb128 0x9
 657 005d 21       		.uleb128 0x21
 658 005e 00       		.byte	0
 659 005f 49       		.uleb128 0x49
 660 0060 13       		.uleb128 0x13
 661 0061 2F       		.uleb128 0x2f
 662 0062 0B       		.uleb128 0xb
 663 0063 00       		.byte	0
 664 0064 00       		.byte	0
 665 0065 00       		.byte	0
 666              		.section	.debug_aranges,"",%progbits
 667 0000 14000000 		.4byte	0x14
 668 0004 0200     		.2byte	0x2
 669 0006 00000000 		.4byte	.Ldebug_info0
 670 000a 04       		.byte	0x4
 671 000b 00       		.byte	0
 672 000c 0000     		.2byte	0
 673 000e 0000     		.2byte	0
 674 0010 00000000 		.4byte	0
 675 0014 00000000 		.4byte	0
 676              		.section	.debug_line,"",%progbits
 677              	.Ldebug_line0:
 678 0000 3D010000 		.section	.debug_str,"MS",%progbits,1
 678      02003701 
 678      00000201 
ARM GAS  C:\Users\Esteban\AppData\Local\Temp\ccwmd04J.s 			page 13


 678      FB0E0D00 
 678      01010101 
 679              	.LASF9:
 680 0000 5F5F7569 		.ascii	"__uint8_t\000"
 680      6E74385F 
 680      7400
 681              	.LASF16:
 682 000a 63795F6D 		.ascii	"cy_metadata\000"
 682      65746164 
 682      61746100 
 683              	.LASF1:
 684 0016 756E7369 		.ascii	"unsigned char\000"
 684      676E6564 
 684      20636861 
 684      7200
 685              	.LASF17:
 686 0024 474E5520 		.ascii	"GNU C11 5.4.1 20160609 (release) [ARM/embedded-5-br"
 686      43313120 
 686      352E342E 
 686      31203230 
 686      31363036 
 687 0057 616E6368 		.ascii	"anch revision 237715] -mcpu=cortex-m3 -mthumb -g -O"
 687      20726576 
 687      6973696F 
 687      6E203233 
 687      37373135 
 688 008a 67202D66 		.ascii	"g -ffunction-sections -ffat-lto-objects\000"
 688      66756E63 
 688      74696F6E 
 688      2D736563 
 688      74696F6E 
 689              	.LASF5:
 690 00b2 6C6F6E67 		.ascii	"long unsigned int\000"
 690      20756E73 
 690      69676E65 
 690      6420696E 
 690      7400
 691              	.LASF3:
 692 00c4 73686F72 		.ascii	"short unsigned int\000"
 692      7420756E 
 692      7369676E 
 692      65642069 
 692      6E7400
 693              	.LASF13:
 694 00d7 63795F6D 		.ascii	"cy_meta_custnvl\000"
 694      6574615F 
 694      63757374 
 694      6E766C00 
 695              	.LASF12:
 696 00e7 63795F6D 		.ascii	"cy_meta_configecc\000"
 696      6574615F 
 696      636F6E66 
 696      69676563 
 696      6300
 697              	.LASF19:
 698 00f9 433A5C55 		.ascii	"C:\\Users\\Esteban\\OneDrive - Universidad de Antio"
 698      73657273 
ARM GAS  C:\Users\Esteban\AppData\Local\Temp\ccwmd04J.s 			page 14


 698      5C457374 
 698      6562616E 
 698      5C4F6E65 
 699 0129 71756961 		.ascii	"quia\\SEMESTRE 2023-1\\DISPOSITIVOS PROGRAMABLES\\L"
 699      5C53454D 
 699      45535452 
 699      45203230 
 699      32332D31 
 700 0159 41424F52 		.ascii	"ABORATORIO\\PRACTICA 3\\Design01.cydsn\000"
 700      41544F52 
 700      494F5C50 
 700      52414354 
 700      49434120 
 701              	.LASF8:
 702 017e 756E7369 		.ascii	"unsigned int\000"
 702      676E6564 
 702      20696E74 
 702      00
 703              	.LASF7:
 704 018b 6C6F6E67 		.ascii	"long long unsigned int\000"
 704      206C6F6E 
 704      6720756E 
 704      7369676E 
 704      65642069 
 705              	.LASF10:
 706 01a2 75696E74 		.ascii	"uint8_t\000"
 706      385F7400 
 707              	.LASF15:
 708 01aa 63795F6D 		.ascii	"cy_meta_flashprotect\000"
 708      6574615F 
 708      666C6173 
 708      6870726F 
 708      74656374 
 709              	.LASF14:
 710 01bf 63795F6D 		.ascii	"cy_meta_wonvl\000"
 710      6574615F 
 710      776F6E76 
 710      6C00
 711              	.LASF11:
 712 01cd 73697A65 		.ascii	"sizetype\000"
 712      74797065 
 712      00
 713              	.LASF6:
 714 01d6 6C6F6E67 		.ascii	"long long int\000"
 714      206C6F6E 
 714      6720696E 
 714      7400
 715              	.LASF2:
 716 01e4 73686F72 		.ascii	"short int\000"
 716      7420696E 
 716      7400
 717              	.LASF4:
 718 01ee 6C6F6E67 		.ascii	"long int\000"
 718      20696E74 
 718      00
 719              	.LASF0:
 720 01f7 7369676E 		.ascii	"signed char\000"
ARM GAS  C:\Users\Esteban\AppData\Local\Temp\ccwmd04J.s 			page 15


 720      65642063 
 720      68617200 
 721              	.LASF18:
 722 0203 47656E65 		.ascii	"Generated_Source\\PSoC5\\cymetadata.c\000"
 722      72617465 
 722      645F536F 
 722      75726365 
 722      5C50536F 
 723              		.ident	"GCC: (GNU Tools for ARM Embedded Processors) 5.4.1 20160609 (release) [ARM/embedded-5-bran
