--------------- Build Started: 03/14/2023 00:57:42 Project: Design01, Configuration: ARM GCC 5.4-2016-q2-update Debug ---------------
cydsfit.exe -.appdatapath "C:\Users\User\AppData\Local\Cypress Semiconductor\PSoC Creator\4.4" -.fdsnotice -.fdswarpdepfile=warp_dependencies.txt -.fdselabdepfile=elab_dependencies.txt -.fdsbldfile=generated_files.txt -.fdsreffile=referenced_files.txt -p "C:\Users\User\OneDrive - Universidad de Antioquia\2023-1\Dispositivos programables\LABORATORIO\PRACTICA 3\PRACTICA 3_solo_falta_boton2\Design01.cydsn\Design01.cyprj" -d CY8C5868LTI-LP039 -s "C:\Users\User\OneDrive - Universidad de Antioquia\2023-1\Dispositivos programables\LABORATORIO\PRACTICA 3\PRACTICA 3_solo_falta_boton2\Design01.cydsn\Generated_Source\PSoC5" -- -yv2 -q10 -ygs -o2 -v3 -.fftcfgtype=LE
Elaborating Design...
HDL Generation...
Synthesis...
Tech Mapping...
Analog Placement...
Analog Routing...
Analog Code Generation...
Digital Placement...
Digital Routing...
Bitstream Generation...
Bitstream Verification...
Static timing analysis...
API Generation...
Dependency Generation...
Cleanup...
The compile step is up to date, no work needs to be done.
arm-none-eabi-ar.exe -rs .\CortexM3\ARM_GCC_541\Debug\Design01.a .\CortexM3\ARM_GCC_541\Debug\A.o .\CortexM3\ARM_GCC_541\Debug\B.o .\CortexM3\ARM_GCC_541\Debug\C.o .\CortexM3\ARM_GCC_541\Debug\D.o .\CortexM3\ARM_GCC_541\Debug\E.o .\CortexM3\ARM_GCC_541\Debug\F.o .\CortexM3\ARM_GCC_541\Debug\G.o .\CortexM3\ARM_GCC_541\Debug\Clock_1.o .\CortexM3\ARM_GCC_541\Debug\BOT1.o .\CortexM3\ARM_GCC_541\Debug\SWITCHE.o .\CortexM3\ARM_GCC_541\Debug\CyDmac.o .\CortexM3\ARM_GCC_541\Debug\CyFlash.o .\CortexM3\ARM_GCC_541\Debug\CyLib.o .\CortexM3\ARM_GCC_541\Debug\cyPm.o .\CortexM3\ARM_GCC_541\Debug\CySpc.o .\CortexM3\ARM_GCC_541\Debug\cyutils.o .\CortexM3\ARM_GCC_541\Debug\cy_em_eeprom.o .\CortexM3\ARM_GCC_541\Debug\LED1.o .\CortexM3\ARM_GCC_541\Debug\LED2.o .\CortexM3\ARM_GCC_541\Debug\LED3.o .\CortexM3\ARM_GCC_541\Debug\LED4.o .\CortexM3\ARM_GCC_541\Debug\LED5.o .\CortexM3\ARM_GCC_541\Debug\LED6.o .\CortexM3\ARM_GCC_541\Debug\LED7.o .\CortexM3\ARM_GCC_541\Debug\LED8.o .\CortexM3\ARM_GCC_541\Debug\RGB.o .\CortexM3\ARM_GCC_541\Debug\BUZZER.o .\CortexM3\ARM_GCC_541\Debug\BOTON2.o .\CortexM3\ARM_GCC_541\Debug\CyBootAsmGnu.o
arm-none-eabi-ar.exe: creating .\CortexM3\ARM_GCC_541\Debug\Design01.a
arm-none-eabi-gcc.exe -Wl,--start-group -o "C:\Users\User\OneDrive - Universidad de Antioquia\2023-1\Dispositivos programables\LABORATORIO\PRACTICA 3\PRACTICA 3_solo_falta_boton2\Design01.cydsn\CortexM3\ARM_GCC_541\Debug\Design01.elf" .\CortexM3\ARM_GCC_541\Debug\main.o .\CortexM3\ARM_GCC_541\Debug\cyfitter_cfg.o .\CortexM3\ARM_GCC_541\Debug\cymetadata.o .\CortexM3\ARM_GCC_541\Debug\Cm3Start.o .\CortexM3\ARM_GCC_541\Debug\Design01.a "C:\Program Files (x86)\Cypress\PSoC Creator\4.4\PSoC Creator\psoc\content\cycomponentlibrary\CyComponentLibrary.cylib\CortexM3\ARM_GCC_541\Debug\CyComponentLibrary.a" -mcpu=cortex-m3 -mthumb -L Generated_Source\PSoC5 -Wl,-Map,.\CortexM3\ARM_GCC_541\Debug/Design01.map -T Generated_Source\PSoC5\cm3gcc.ld -specs=nano.specs -Wl,--gc-sections -g -ffunction-sections -Og -ffat-lto-objects -Wl,--end-group
cyelftool.exe -C "C:\Users\User\OneDrive - Universidad de Antioquia\2023-1\Dispositivos programables\LABORATORIO\PRACTICA 3\PRACTICA 3_solo_falta_boton2\Design01.cydsn\CortexM3\ARM_GCC_541\Debug\Design01.elf" --flash_row_size 256 --flash_size 262144 --flash_offset 0x00000000
No ELF section .cychecksum found, creating one
Application checksum calculated and stored in ELF section .cychecksum
Checksum calculated and stored in ELF section .cymeta
cyelftool.exe -S "C:\Users\User\OneDrive - Universidad de Antioquia\2023-1\Dispositivos programables\LABORATORIO\PRACTICA 3\PRACTICA 3_solo_falta_boton2\Design01.cydsn\CortexM3\ARM_GCC_541\Debug\Design01.elf"
Flash used: 1286 of 262144 bytes (0.5 %).
SRAM used: 2505 of 65536 bytes (3.8 %). Stack: 2048 bytes. Heap: 128 bytes.
--------------- Build Succeeded: 03/14/2023 00:57:56 ---------------
