ARM GAS  C:\Users\User\AppData\Local\Temp\ccfngN4r.s 			page 1


   1              		.syntax unified
   2              		.cpu cortex-m3
   3              		.fpu softvfp
   4              		.eabi_attribute 20, 1
   5              		.eabi_attribute 21, 1
   6              		.eabi_attribute 23, 3
   7              		.eabi_attribute 24, 1
   8              		.eabi_attribute 25, 1
   9              		.eabi_attribute 26, 1
  10              		.eabi_attribute 30, 1
  11              		.eabi_attribute 34, 1
  12              		.eabi_attribute 18, 4
  13              		.thumb
  14              		.syntax unified
  15              		.file	"cymetadata.c"
  16              		.text
  17              	.Ltext0:
  18              		.cfi_sections	.debug_frame
  19              		.global	cy_metadata
  20              		.global	cy_meta_flashprotect
  21              		.global	cy_meta_wonvl
  22              		.global	cy_meta_custnvl
  23              		.global	cy_meta_configecc
  24              		.section	.cyconfigecc,"a",%progbits
  25              		.align	2
  26              		.type	cy_meta_configecc, %object
  27              		.size	cy_meta_configecc, 616
  28              	cy_meta_configecc:
  29 0000 05       		.byte	5
  30 0001 52       		.byte	82
  31 0002 00       		.byte	0
  32 0003 40       		.byte	64
  33 0004 1D       		.byte	29
  34 0005 02       		.byte	2
  35 0006 01       		.byte	1
  36 0007 40       		.byte	64
  37 0008 1A       		.byte	26
  38 0009 03       		.byte	3
  39 000a 01       		.byte	1
  40 000b 40       		.byte	64
  41 000c 2A       		.byte	42
  42 000d 04       		.byte	4
  43 000e 01       		.byte	1
  44 000f 40       		.byte	64
  45 0010 2E       		.byte	46
  46 0011 05       		.byte	5
  47 0012 01       		.byte	1
  48 0013 40       		.byte	64
  49 0014 07       		.byte	7
  50 0015 07       		.byte	7
  51 0016 01       		.byte	1
  52 0017 40       		.byte	64
  53 0018 01       		.byte	1
  54 0019 09       		.byte	9
  55 001a 01       		.byte	1
  56 001b 40       		.byte	64
  57 001c 03       		.byte	3
ARM GAS  C:\Users\User\AppData\Local\Temp\ccfngN4r.s 			page 2


  58 001d 0B       		.byte	11
  59 001e 01       		.byte	1
  60 001f 40       		.byte	64
  61 0020 02       		.byte	2
  62 0021 15       		.byte	21
  63 0022 01       		.byte	1
  64 0023 40       		.byte	64
  65 0024 02       		.byte	2
  66 0025 17       		.byte	23
  67 0026 01       		.byte	1
  68 0027 40       		.byte	64
  69 0028 10       		.byte	16
  70 0029 41       		.byte	65
  71 002a 01       		.byte	1
  72 002b 40       		.byte	64
  73 002c 0F       		.byte	15
  74 002d 42       		.byte	66
  75 002e 01       		.byte	1
  76 002f 40       		.byte	64
  77 0030 03       		.byte	3
  78 0031 43       		.byte	67
  79 0032 01       		.byte	1
  80 0033 40       		.byte	64
  81 0034 04       		.byte	4
  82 0035 44       		.byte	68
  83 0036 01       		.byte	1
  84 0037 40       		.byte	64
  85 0038 04       		.byte	4
  86 0039 45       		.byte	69
  87 003a 01       		.byte	1
  88 003b 40       		.byte	64
  89 003c 08       		.byte	8
  90 003d 46       		.byte	70
  91 003e 01       		.byte	1
  92 003f 40       		.byte	64
  93 0040 03       		.byte	3
  94 0041 47       		.byte	71
  95 0042 01       		.byte	1
  96 0043 40       		.byte	64
  97 0044 05       		.byte	5
  98 0045 48       		.byte	72
  99 0046 01       		.byte	1
 100 0047 40       		.byte	64
 101 0048 09       		.byte	9
 102 0049 49       		.byte	73
 103 004a 01       		.byte	1
 104 004b 40       		.byte	64
 105 004c 01       		.byte	1
 106 004d 4C       		.byte	76
 107 004e 01       		.byte	1
 108 004f 40       		.byte	64
 109 0050 05       		.byte	5
 110 0051 4D       		.byte	77
 111 0052 01       		.byte	1
 112 0053 40       		.byte	64
 113 0054 03       		.byte	3
 114 0055 50       		.byte	80
ARM GAS  C:\Users\User\AppData\Local\Temp\ccfngN4r.s 			page 3


 115 0056 01       		.byte	1
 116 0057 40       		.byte	64
 117 0058 00       		.byte	0
 118 0059 3C       		.byte	60
 119 005a 01       		.byte	1
 120 005b 99       		.byte	-103
 121 005c 60       		.byte	96
 122 005d 33       		.byte	51
 123 005e 61       		.byte	97
 124 005f 69       		.byte	105
 125 0060 78       		.byte	120
 126 0061 04       		.byte	4
 127 0062 04       		.byte	4
 128 0063 0A       		.byte	10
 129 0064 06       		.byte	6
 130 0065 25       		.byte	37
 131 0066 11       		.byte	17
 132 0067 31       		.byte	49
 133 0068 13       		.byte	19
 134 0069 82       		.byte	-126
 135 006a 14       		.byte	20
 136 006b 72       		.byte	114
 137 006c 15       		.byte	21
 138 006d 80       		.byte	-128
 139 006e 16       		.byte	22
 140 006f 8D       		.byte	-115
 141 0070 19       		.byte	25
 142 0071 4A       		.byte	74
 143 0072 1B       		.byte	27
 144 0073 A0       		.byte	-96
 145 0074 1C       		.byte	28
 146 0075 C9       		.byte	-55
 147 0076 1E       		.byte	30
 148 0077 16       		.byte	22
 149 0078 28       		.byte	40
 150 0079 4C       		.byte	76
 151 007a 29       		.byte	41
 152 007b 10       		.byte	16
 153 007c 2A       		.byte	42
 154 007d B1       		.byte	-79
 155 007e 2B       		.byte	43
 156 007f C6       		.byte	-58
 157 0080 2D       		.byte	45
 158 0081 0D       		.byte	13
 159 0082 31       		.byte	49
 160 0083 32       		.byte	50
 161 0084 32       		.byte	50
 162 0085 3C       		.byte	60
 163 0086 33       		.byte	51
 164 0087 0F       		.byte	15
 165 0088 34       		.byte	52
 166 0089 D0       		.byte	-48
 167 008a 35       		.byte	53
 168 008b 80       		.byte	-128
 169 008c 36       		.byte	54
 170 008d 07       		.byte	7
 171 008e 37       		.byte	55
ARM GAS  C:\Users\User\AppData\Local\Temp\ccfngN4r.s 			page 4


 172 008f 60       		.byte	96
 173 0090 38       		.byte	56
 174 0091 20       		.byte	32
 175 0092 3E       		.byte	62
 176 0093 10       		.byte	16
 177 0094 3F       		.byte	63
 178 0095 51       		.byte	81
 179 0096 58       		.byte	88
 180 0097 09       		.byte	9
 181 0098 59       		.byte	89
 182 0099 09       		.byte	9
 183 009a 5F       		.byte	95
 184 009b 01       		.byte	1
 185 009c 05       		.byte	5
 186 009d 08       		.byte	8
 187 009e 0E       		.byte	14
 188 009f 22       		.byte	34
 189 00a0 17       		.byte	23
 190 00a1 20       		.byte	32
 191 00a2 1E       		.byte	30
 192 00a3 22       		.byte	34
 193 00a4 1F       		.byte	31
 194 00a5 18       		.byte	24
 195 00a6 24       		.byte	36
 196 00a7 08       		.byte	8
 197 00a8 25       		.byte	37
 198 00a9 01       		.byte	1
 199 00aa 26       		.byte	38
 200 00ab 80       		.byte	-128
 201 00ac 27       		.byte	39
 202 00ad 20       		.byte	32
 203 00ae 2D       		.byte	45
 204 00af 40       		.byte	64
 205 00b0 2F       		.byte	47
 206 00b1 08       		.byte	8
 207 00b2 34       		.byte	52
 208 00b3 08       		.byte	8
 209 00b4 36       		.byte	54
 210 00b5 01       		.byte	1
 211 00b6 37       		.byte	55
 212 00b7 20       		.byte	32
 213 00b8 7E       		.byte	126
 214 00b9 08       		.byte	8
 215 00ba 81       		.byte	-127
 216 00bb 01       		.byte	1
 217 00bc 87       		.byte	-121
 218 00bd 20       		.byte	32
 219 00be 8A       		.byte	-118
 220 00bf 80       		.byte	-128
 221 00c0 8C       		.byte	-116
 222 00c1 10       		.byte	16
 223 00c2 C0       		.byte	-64
 224 00c3 20       		.byte	32
 225 00c4 C2       		.byte	-62
 226 00c5 A0       		.byte	-96
 227 00c6 C4       		.byte	-60
 228 00c7 40       		.byte	64
ARM GAS  C:\Users\User\AppData\Local\Temp\ccfngN4r.s 			page 5


 229 00c8 CA       		.byte	-54
 230 00c9 30       		.byte	48
 231 00ca CC       		.byte	-52
 232 00cb E0       		.byte	-32
 233 00cc DE       		.byte	-34
 234 00cd 20       		.byte	32
 235 00ce E2       		.byte	-30
 236 00cf 90       		.byte	-112
 237 00d0 08       		.byte	8
 238 00d1 15       		.byte	21
 239 00d2 09       		.byte	9
 240 00d3 04       		.byte	4
 241 00d4 0A       		.byte	10
 242 00d5 22       		.byte	34
 243 00d6 0B       		.byte	11
 244 00d7 49       		.byte	73
 245 00d8 15       		.byte	21
 246 00d9 04       		.byte	4
 247 00da 17       		.byte	23
 248 00db 3A       		.byte	58
 249 00dc 20       		.byte	32
 250 00dd 0D       		.byte	13
 251 00de 21       		.byte	33
 252 00df 10       		.byte	16
 253 00e0 22       		.byte	34
 254 00e1 60       		.byte	96
 255 00e2 23       		.byte	35
 256 00e3 2D       		.byte	45
 257 00e4 28       		.byte	40
 258 00e5 59       		.byte	89
 259 00e6 2A       		.byte	42
 260 00e7 02       		.byte	2
 261 00e8 30       		.byte	48
 262 00e9 23       		.byte	35
 263 00ea 31       		.byte	49
 264 00eb 0C       		.byte	12
 265 00ec 32       		.byte	50
 266 00ed 60       		.byte	96
 267 00ee 33       		.byte	51
 268 00ef 03       		.byte	3
 269 00f0 34       		.byte	52
 270 00f1 1C       		.byte	28
 271 00f2 35       		.byte	53
 272 00f3 11       		.byte	17
 273 00f4 36       		.byte	54
 274 00f5 03       		.byte	3
 275 00f6 37       		.byte	55
 276 00f7 60       		.byte	96
 277 00f8 3E       		.byte	62
 278 00f9 55       		.byte	85
 279 00fa 3F       		.byte	63
 280 00fb 55       		.byte	85
 281 00fc 58       		.byte	88
 282 00fd 04       		.byte	4
 283 00fe 59       		.byte	89
 284 00ff 04       		.byte	4
 285 0100 5F       		.byte	95
ARM GAS  C:\Users\User\AppData\Local\Temp\ccfngN4r.s 			page 6


 286 0101 01       		.byte	1
 287 0102 84       		.byte	-124
 288 0103 14       		.byte	20
 289 0104 86       		.byte	-122
 290 0105 29       		.byte	41
 291 0106 94       		.byte	-108
 292 0107 02       		.byte	2
 293 0108 96       		.byte	-106
 294 0109 19       		.byte	25
 295 010a 9C       		.byte	-100
 296 010b 21       		.byte	33
 297 010c 9E       		.byte	-98
 298 010d 06       		.byte	6
 299 010e A7       		.byte	-89
 300 010f 01       		.byte	1
 301 0110 B0       		.byte	-80
 302 0111 10       		.byte	16
 303 0112 B2       		.byte	-78
 304 0113 0A       		.byte	10
 305 0114 B3       		.byte	-77
 306 0115 01       		.byte	1
 307 0116 B4       		.byte	-76
 308 0117 20       		.byte	32
 309 0118 B6       		.byte	-74
 310 0119 07       		.byte	7
 311 011a B8       		.byte	-72
 312 011b 20       		.byte	32
 313 011c BE       		.byte	-66
 314 011d 55       		.byte	85
 315 011e D8       		.byte	-40
 316 011f 04       		.byte	4
 317 0120 D9       		.byte	-39
 318 0121 04       		.byte	4
 319 0122 DF       		.byte	-33
 320 0123 01       		.byte	1
 321 0124 03       		.byte	3
 322 0125 08       		.byte	8
 323 0126 07       		.byte	7
 324 0127 20       		.byte	32
 325 0128 0C       		.byte	12
 326 0129 40       		.byte	64
 327 012a 0E       		.byte	14
 328 012b 22       		.byte	34
 329 012c 0F       		.byte	15
 330 012d 01       		.byte	1
 331 012e 11       		.byte	17
 332 012f 10       		.byte	16
 333 0130 13       		.byte	19
 334 0131 21       		.byte	33
 335 0132 18       		.byte	24
 336 0133 20       		.byte	32
 337 0134 19       		.byte	25
 338 0135 12       		.byte	18
 339 0136 1A       		.byte	26
 340 0137 01       		.byte	1
 341 0138 1C       		.byte	28
 342 0139 10       		.byte	16
ARM GAS  C:\Users\User\AppData\Local\Temp\ccfngN4r.s 			page 7


 343 013a 1F       		.byte	31
 344 013b 62       		.byte	98
 345 013c 21       		.byte	33
 346 013d 60       		.byte	96
 347 013e 22       		.byte	34
 348 013f 02       		.byte	2
 349 0140 23       		.byte	35
 350 0141 10       		.byte	16
 351 0142 26       		.byte	38
 352 0143 08       		.byte	8
 353 0144 28       		.byte	40
 354 0145 40       		.byte	64
 355 0146 2F       		.byte	47
 356 0147 10       		.byte	16
 357 0148 33       		.byte	51
 358 0149 08       		.byte	8
 359 014a 39       		.byte	57
 360 014b 10       		.byte	16
 361 014c 81       		.byte	-127
 362 014d 60       		.byte	96
 363 014e 85       		.byte	-123
 364 014f 02       		.byte	2
 365 0150 86       		.byte	-122
 366 0151 02       		.byte	2
 367 0152 8B       		.byte	-117
 368 0153 40       		.byte	64
 369 0154 94       		.byte	-108
 370 0155 30       		.byte	48
 371 0156 96       		.byte	-106
 372 0157 01       		.byte	1
 373 0158 9B       		.byte	-101
 374 0159 20       		.byte	32
 375 015a 9C       		.byte	-100
 376 015b 08       		.byte	8
 377 015c 9D       		.byte	-99
 378 015d 10       		.byte	16
 379 015e A2       		.byte	-94
 380 015f 11       		.byte	17
 381 0160 A3       		.byte	-93
 382 0161 08       		.byte	8
 383 0162 A6       		.byte	-90
 384 0163 08       		.byte	8
 385 0164 A9       		.byte	-87
 386 0165 10       		.byte	16
 387 0166 B2       		.byte	-78
 388 0167 01       		.byte	1
 389 0168 B3       		.byte	-77
 390 0169 10       		.byte	16
 391 016a B4       		.byte	-76
 392 016b 14       		.byte	20
 393 016c B5       		.byte	-75
 394 016d 48       		.byte	72
 395 016e C0       		.byte	-64
 396 016f 22       		.byte	34
 397 0170 C2       		.byte	-62
 398 0171 A0       		.byte	-96
 399 0172 C4       		.byte	-60
ARM GAS  C:\Users\User\AppData\Local\Temp\ccfngN4r.s 			page 8


 400 0173 0A       		.byte	10
 401 0174 CA       		.byte	-54
 402 0175 41       		.byte	65
 403 0176 CC       		.byte	-52
 404 0177 02       		.byte	2
 405 0178 CE       		.byte	-50
 406 0179 04       		.byte	4
 407 017a E0       		.byte	-32
 408 017b 05       		.byte	5
 409 017c E6       		.byte	-26
 410 017d 80       		.byte	-128
 411 017e EA       		.byte	-22
 412 017f 30       		.byte	48
 413 0180 93       		.byte	-109
 414 0181 10       		.byte	16
 415 0182 97       		.byte	-105
 416 0183 20       		.byte	32
 417 0184 B3       		.byte	-77
 418 0185 20       		.byte	32
 419 0186 B4       		.byte	-76
 420 0187 08       		.byte	8
 421 0188 B7       		.byte	-73
 422 0189 02       		.byte	2
 423 018a EA       		.byte	-22
 424 018b 80       		.byte	-128
 425 018c EE       		.byte	-18
 426 018d 40       		.byte	64
 427 018e EA       		.byte	-22
 428 018f 40       		.byte	64
 429 0190 E0       		.byte	-32
 430 0191 05       		.byte	5
 431 0192 EA       		.byte	-22
 432 0193 40       		.byte	64
 433 0194 EC       		.byte	-20
 434 0195 C0       		.byte	-64
 435 0196 87       		.byte	-121
 436 0197 10       		.byte	16
 437 0198 97       		.byte	-105
 438 0199 20       		.byte	32
 439 019a 97       		.byte	-105
 440 019b 20       		.byte	32
 441 019c AF       		.byte	-81
 442 019d 10       		.byte	16
 443 019e 52       		.byte	82
 444 019f 20       		.byte	32
 445 01a0 54       		.byte	84
 446 01a1 01       		.byte	1
 447 01a2 57       		.byte	87
 448 01a3 40       		.byte	64
 449 01a4 5B       		.byte	91
 450 01a5 42       		.byte	66
 451 01a6 5D       		.byte	93
 452 01a7 08       		.byte	8
 453 01a8 60       		.byte	96
 454 01a9 10       		.byte	16
 455 01aa 67       		.byte	103
 456 01ab 08       		.byte	8
ARM GAS  C:\Users\User\AppData\Local\Temp\ccfngN4r.s 			page 9


 457 01ac 83       		.byte	-125
 458 01ad 40       		.byte	64
 459 01ae 86       		.byte	-122
 460 01af 10       		.byte	16
 461 01b0 88       		.byte	-120
 462 01b1 01       		.byte	1
 463 01b2 8F       		.byte	-113
 464 01b3 02       		.byte	2
 465 01b4 D4       		.byte	-44
 466 01b5 E0       		.byte	-32
 467 01b6 D6       		.byte	-42
 468 01b7 E0       		.byte	-32
 469 01b8 D8       		.byte	-40
 470 01b9 C0       		.byte	-64
 471 01ba E2       		.byte	-30
 472 01bb 40       		.byte	64
 473 01bc E6       		.byte	-26
 474 01bd 80       		.byte	-128
 475 01be 51       		.byte	81
 476 01bf 10       		.byte	16
 477 01c0 57       		.byte	87
 478 01c1 80       		.byte	-128
 479 01c2 85       		.byte	-123
 480 01c3 10       		.byte	16
 481 01c4 87       		.byte	-121
 482 01c5 80       		.byte	-128
 483 01c6 8A       		.byte	-118
 484 01c7 40       		.byte	64
 485 01c8 97       		.byte	-105
 486 01c9 08       		.byte	8
 487 01ca 9A       		.byte	-102
 488 01cb 10       		.byte	16
 489 01cc A7       		.byte	-89
 490 01cd 40       		.byte	64
 491 01ce A9       		.byte	-87
 492 01cf 08       		.byte	8
 493 01d0 B2       		.byte	-78
 494 01d1 20       		.byte	32
 495 01d2 B4       		.byte	-76
 496 01d3 10       		.byte	16
 497 01d4 D4       		.byte	-44
 498 01d5 60       		.byte	96
 499 01d6 E2       		.byte	-30
 500 01d7 40       		.byte	64
 501 01d8 E6       		.byte	-26
 502 01d9 10       		.byte	16
 503 01da EE       		.byte	-18
 504 01db 20       		.byte	32
 505 01dc 9A       		.byte	-102
 506 01dd 50       		.byte	80
 507 01de B3       		.byte	-77
 508 01df 04       		.byte	4
 509 01e0 B7       		.byte	-73
 510 01e1 40       		.byte	64
 511 01e2 70       		.byte	112
 512 01e3 02       		.byte	2
 513 01e4 76       		.byte	118
ARM GAS  C:\Users\User\AppData\Local\Temp\ccfngN4r.s 			page 10


 514 01e5 20       		.byte	32
 515 01e6 DC       		.byte	-36
 516 01e7 01       		.byte	1
 517 01e8 DE       		.byte	-34
 518 01e9 04       		.byte	4
 519 01ea 01       		.byte	1
 520 01eb 08       		.byte	8
 521 01ec 9E       		.byte	-98
 522 01ed 20       		.byte	32
 523 01ee A4       		.byte	-92
 524 01ef 02       		.byte	2
 525 01f0 C0       		.byte	-64
 526 01f1 08       		.byte	8
 527 01f2 03       		.byte	3
 528 01f3 20       		.byte	32
 529 01f4 83       		.byte	-125
 530 01f5 90       		.byte	-112
 531 01f6 B0       		.byte	-80
 532 01f7 02       		.byte	2
 533 01f8 B5       		.byte	-75
 534 01f9 08       		.byte	8
 535 01fa B6       		.byte	-74
 536 01fb 20       		.byte	32
 537 01fc C0       		.byte	-64
 538 01fd 08       		.byte	8
 539 01fe EA       		.byte	-22
 540 01ff 02       		.byte	2
 541 0200 EC       		.byte	-20
 542 0201 03       		.byte	3
 543 0202 9B       		.byte	-101
 544 0203 90       		.byte	-112
 545 0204 B7       		.byte	-73
 546 0205 20       		.byte	32
 547 0206 EA       		.byte	-22
 548 0207 02       		.byte	2
 549 0208 56       		.byte	86
 550 0209 40       		.byte	64
 551 020a 9A       		.byte	-102
 552 020b 70       		.byte	112
 553 020c AE       		.byte	-82
 554 020d 20       		.byte	32
 555 020e D4       		.byte	-44
 556 020f 40       		.byte	64
 557 0210 EA       		.byte	-22
 558 0211 10       		.byte	16
 559 0212 0D       		.byte	13
 560 0213 80       		.byte	-128
 561 0214 72       		.byte	114
 562 0215 20       		.byte	32
 563 0216 76       		.byte	118
 564 0217 10       		.byte	16
 565 0218 85       		.byte	-123
 566 0219 80       		.byte	-128
 567 021a 9A       		.byte	-102
 568 021b 30       		.byte	48
 569 021c C2       		.byte	-62
 570 021d 80       		.byte	-128
ARM GAS  C:\Users\User\AppData\Local\Temp\ccfngN4r.s 			page 11


 571 021e DC       		.byte	-36
 572 021f 80       		.byte	-128
 573 0220 DE       		.byte	-34
 574 0221 20       		.byte	32
 575 0222 E4       		.byte	-28
 576 0223 40       		.byte	64
 577 0224 9B       		.byte	-101
 578 0225 90       		.byte	-112
 579 0226 73       		.byte	115
 580 0227 80       		.byte	-128
 581 0228 77       		.byte	119
 582 0229 10       		.byte	16
 583 022a 9B       		.byte	-101
 584 022b 90       		.byte	-112
 585 022c DC       		.byte	-36
 586 022d 01       		.byte	1
 587 022e DE       		.byte	-34
 588 022f 04       		.byte	4
 589 0230 00       		.byte	0
 590 0231 01       		.byte	1
 591 0232 08       		.byte	8
 592 0233 01       		.byte	1
 593 0234 0A       		.byte	10
 594 0235 01       		.byte	1
 595 0236 00       		.byte	0
 596 0237 00       		.byte	0
 597 0238 00       		.byte	0
 598 0239 FF       		.byte	-1
 599 023a FF       		.byte	-1
 600 023b 00       		.byte	0
 601 023c FF       		.byte	-1
 602 023d 00       		.byte	0
 603 023e 00       		.byte	0
 604 023f 00       		.byte	0
 605 0240 00       		.byte	0
 606 0241 FF       		.byte	-1
 607 0242 FF       		.byte	-1
 608 0243 00       		.byte	0
 609 0244 FF       		.byte	-1
 610 0245 00       		.byte	0
 611 0246 00       		.byte	0
 612 0247 00       		.byte	0
 613 0248 10       		.byte	16
 614 0249 04       		.byte	4
 615 024a 04       		.byte	4
 616 024b 00       		.byte	0
 617 024c 04       		.byte	4
 618 024d 00       		.byte	0
 619 024e 00       		.byte	0
 620 024f 00       		.byte	0
 621 0250 00       		.byte	0
 622 0251 0B       		.byte	11
 623 0252 0B       		.byte	11
 624 0253 00       		.byte	0
 625 0254 00       		.byte	0
 626 0255 00       		.byte	0
 627 0256 00       		.byte	0
ARM GAS  C:\Users\User\AppData\Local\Temp\ccfngN4r.s 			page 12


 628 0257 00       		.byte	0
 629 0258 01       		.byte	1
 630 0259 00       		.byte	0
 631 025a 00       		.byte	0
 632 025b 00       		.byte	0
 633 025c 00       		.byte	0
 634 025d 00       		.byte	0
 635 025e 00       		.byte	0
 636 025f 00       		.byte	0
 637 0260 80       		.byte	-128
 638 0261 00       		.byte	0
 639 0262 00       		.byte	0
 640 0263 00       		.byte	0
 641 0264 00       		.byte	0
 642 0265 00       		.byte	0
 643 0266 00       		.byte	0
 644 0267 00       		.byte	0
 645              		.section	.cywolatch,"a",%progbits
 646              		.align	2
 647              		.type	cy_meta_wonvl, %object
 648              		.size	cy_meta_wonvl, 4
 649              	cy_meta_wonvl:
 650 0000 BC       		.byte	-68
 651 0001 90       		.byte	-112
 652 0002 AC       		.byte	-84
 653 0003 AF       		.byte	-81
 654              		.section	.cycustnvl,"a",%progbits
 655              		.align	2
 656              		.type	cy_meta_custnvl, %object
 657              		.size	cy_meta_custnvl, 4
 658              	cy_meta_custnvl:
 659 0000 00       		.byte	0
 660 0001 00       		.byte	0
 661 0002 40       		.byte	64
 662 0003 05       		.byte	5
 663              		.section	.cymeta,"a",%progbits
 664              		.align	2
 665              		.type	cy_metadata, %object
 666              		.size	cy_metadata, 12
 667              	cy_metadata:
 668 0000 00       		.byte	0
 669 0001 01       		.byte	1
 670 0002 2E       		.byte	46
 671 0003 12       		.byte	18
 672 0004 70       		.byte	112
 673 0005 69       		.byte	105
 674 0006 00       		.byte	0
 675 0007 01       		.byte	1
 676 0008 00       		.byte	0
 677 0009 00       		.byte	0
 678 000a 00       		.byte	0
 679 000b 00       		.byte	0
 680              		.section	.cyflashprotect,"a",%progbits
 681              		.align	2
 682              		.type	cy_meta_flashprotect, %object
 683              		.size	cy_meta_flashprotect, 256
 684              	cy_meta_flashprotect:
ARM GAS  C:\Users\User\AppData\Local\Temp\ccfngN4r.s 			page 13


 685 0000 00000000 		.space	256
 685      00000000 
 685      00000000 
 685      00000000 
 685      00000000 
 686              		.text
 687              	.Letext0:
 688              		.file 1 "c:\\program files (x86)\\cypress\\psoc creator\\4.4\\psoc creator\\import\\gnu\\arm\\5.4.
 689              		.file 2 "c:\\program files (x86)\\cypress\\psoc creator\\4.4\\psoc creator\\import\\gnu\\arm\\5.4.
 690              		.file 3 "Generated_Source\\PSoC5\\cymetadata.c"
 691              		.section	.debug_info,"",%progbits
 692              	.Ldebug_info0:
 693 0000 31010000 		.4byte	0x131
 694 0004 0400     		.2byte	0x4
 695 0006 00000000 		.4byte	.Ldebug_abbrev0
 696 000a 04       		.byte	0x4
 697 000b 01       		.uleb128 0x1
 698 000c 56000000 		.4byte	.LASF17
 699 0010 0C       		.byte	0xc
 700 0011 B0010000 		.4byte	.LASF18
 701 0015 16000000 		.4byte	.LASF19
 702 0019 00000000 		.4byte	.Ldebug_line0
 703 001d 02       		.uleb128 0x2
 704 001e 01       		.byte	0x1
 705 001f 06       		.byte	0x6
 706 0020 A4010000 		.4byte	.LASF0
 707 0024 03       		.uleb128 0x3
 708 0025 00000000 		.4byte	.LASF9
 709 0029 01       		.byte	0x1
 710 002a 1D       		.byte	0x1d
 711 002b 2F000000 		.4byte	0x2f
 712 002f 02       		.uleb128 0x2
 713 0030 01       		.byte	0x1
 714 0031 08       		.byte	0x8
 715 0032 48000000 		.4byte	.LASF1
 716 0036 02       		.uleb128 0x2
 717 0037 02       		.byte	0x2
 718 0038 05       		.byte	0x5
 719 0039 91010000 		.4byte	.LASF2
 720 003d 02       		.uleb128 0x2
 721 003e 02       		.byte	0x2
 722 003f 07       		.byte	0x7
 723 0040 F6000000 		.4byte	.LASF3
 724 0044 02       		.uleb128 0x2
 725 0045 04       		.byte	0x4
 726 0046 05       		.byte	0x5
 727 0047 9B010000 		.4byte	.LASF4
 728 004b 02       		.uleb128 0x2
 729 004c 04       		.byte	0x4
 730 004d 07       		.byte	0x7
 731 004e E4000000 		.4byte	.LASF5
 732 0052 02       		.uleb128 0x2
 733 0053 08       		.byte	0x8
 734 0054 05       		.byte	0x5
 735 0055 83010000 		.4byte	.LASF6
 736 0059 02       		.uleb128 0x2
 737 005a 08       		.byte	0x8
ARM GAS  C:\Users\User\AppData\Local\Temp\ccfngN4r.s 			page 14


 738 005b 07       		.byte	0x7
 739 005c 38010000 		.4byte	.LASF7
 740 0060 04       		.uleb128 0x4
 741 0061 04       		.byte	0x4
 742 0062 05       		.byte	0x5
 743 0063 696E7400 		.ascii	"int\000"
 744 0067 02       		.uleb128 0x2
 745 0068 04       		.byte	0x4
 746 0069 07       		.byte	0x7
 747 006a 2B010000 		.4byte	.LASF8
 748 006e 03       		.uleb128 0x3
 749 006f 4F010000 		.4byte	.LASF10
 750 0073 02       		.byte	0x2
 751 0074 18       		.byte	0x18
 752 0075 24000000 		.4byte	0x24
 753 0079 05       		.uleb128 0x5
 754 007a 91000000 		.4byte	0x91
 755 007e 8A000000 		.4byte	0x8a
 756 0082 06       		.uleb128 0x6
 757 0083 8A000000 		.4byte	0x8a
 758 0087 6702     		.2byte	0x267
 759 0089 00       		.byte	0
 760 008a 02       		.uleb128 0x2
 761 008b 04       		.byte	0x4
 762 008c 07       		.byte	0x7
 763 008d 7A010000 		.4byte	.LASF11
 764 0091 07       		.uleb128 0x7
 765 0092 6E000000 		.4byte	0x6e
 766 0096 08       		.uleb128 0x8
 767 0097 19010000 		.4byte	.LASF12
 768 009b 03       		.byte	0x3
 769 009c 1F       		.byte	0x1f
 770 009d A7000000 		.4byte	0xa7
 771 00a1 05       		.uleb128 0x5
 772 00a2 03       		.byte	0x3
 773 00a3 00000000 		.4byte	cy_meta_configecc
 774 00a7 07       		.uleb128 0x7
 775 00a8 79000000 		.4byte	0x79
 776 00ac 05       		.uleb128 0x5
 777 00ad 91000000 		.4byte	0x91
 778 00b1 BC000000 		.4byte	0xbc
 779 00b5 09       		.uleb128 0x9
 780 00b6 8A000000 		.4byte	0x8a
 781 00ba 03       		.byte	0x3
 782 00bb 00       		.byte	0
 783 00bc 08       		.uleb128 0x8
 784 00bd 09010000 		.4byte	.LASF13
 785 00c1 03       		.byte	0x3
 786 00c2 79       		.byte	0x79
 787 00c3 CD000000 		.4byte	0xcd
 788 00c7 05       		.uleb128 0x5
 789 00c8 03       		.byte	0x3
 790 00c9 00000000 		.4byte	cy_meta_custnvl
 791 00cd 07       		.uleb128 0x7
 792 00ce AC000000 		.4byte	0xac
 793 00d2 08       		.uleb128 0x8
 794 00d3 6C010000 		.4byte	.LASF14
ARM GAS  C:\Users\User\AppData\Local\Temp\ccfngN4r.s 			page 15


 795 00d7 03       		.byte	0x3
 796 00d8 87       		.byte	0x87
 797 00d9 E3000000 		.4byte	0xe3
 798 00dd 05       		.uleb128 0x5
 799 00de 03       		.byte	0x3
 800 00df 00000000 		.4byte	cy_meta_wonvl
 801 00e3 07       		.uleb128 0x7
 802 00e4 AC000000 		.4byte	0xac
 803 00e8 05       		.uleb128 0x5
 804 00e9 91000000 		.4byte	0x91
 805 00ed F8000000 		.4byte	0xf8
 806 00f1 09       		.uleb128 0x9
 807 00f2 8A000000 		.4byte	0x8a
 808 00f6 FF       		.byte	0xff
 809 00f7 00       		.byte	0
 810 00f8 08       		.uleb128 0x8
 811 00f9 57010000 		.4byte	.LASF15
 812 00fd 03       		.byte	0x3
 813 00fe 95       		.byte	0x95
 814 00ff 09010000 		.4byte	0x109
 815 0103 05       		.uleb128 0x5
 816 0104 03       		.byte	0x3
 817 0105 00000000 		.4byte	cy_meta_flashprotect
 818 0109 07       		.uleb128 0x7
 819 010a E8000000 		.4byte	0xe8
 820 010e 05       		.uleb128 0x5
 821 010f 91000000 		.4byte	0x91
 822 0113 1E010000 		.4byte	0x11e
 823 0117 09       		.uleb128 0x9
 824 0118 8A000000 		.4byte	0x8a
 825 011c 0B       		.byte	0xb
 826 011d 00       		.byte	0
 827 011e 08       		.uleb128 0x8
 828 011f 0A000000 		.4byte	.LASF16
 829 0123 03       		.byte	0x3
 830 0124 C2       		.byte	0xc2
 831 0125 2F010000 		.4byte	0x12f
 832 0129 05       		.uleb128 0x5
 833 012a 03       		.byte	0x3
 834 012b 00000000 		.4byte	cy_metadata
 835 012f 07       		.uleb128 0x7
 836 0130 0E010000 		.4byte	0x10e
 837 0134 00       		.byte	0
 838              		.section	.debug_abbrev,"",%progbits
 839              	.Ldebug_abbrev0:
 840 0000 01       		.uleb128 0x1
 841 0001 11       		.uleb128 0x11
 842 0002 01       		.byte	0x1
 843 0003 25       		.uleb128 0x25
 844 0004 0E       		.uleb128 0xe
 845 0005 13       		.uleb128 0x13
 846 0006 0B       		.uleb128 0xb
 847 0007 03       		.uleb128 0x3
 848 0008 0E       		.uleb128 0xe
 849 0009 1B       		.uleb128 0x1b
 850 000a 0E       		.uleb128 0xe
 851 000b 10       		.uleb128 0x10
ARM GAS  C:\Users\User\AppData\Local\Temp\ccfngN4r.s 			page 16


 852 000c 17       		.uleb128 0x17
 853 000d 00       		.byte	0
 854 000e 00       		.byte	0
 855 000f 02       		.uleb128 0x2
 856 0010 24       		.uleb128 0x24
 857 0011 00       		.byte	0
 858 0012 0B       		.uleb128 0xb
 859 0013 0B       		.uleb128 0xb
 860 0014 3E       		.uleb128 0x3e
 861 0015 0B       		.uleb128 0xb
 862 0016 03       		.uleb128 0x3
 863 0017 0E       		.uleb128 0xe
 864 0018 00       		.byte	0
 865 0019 00       		.byte	0
 866 001a 03       		.uleb128 0x3
 867 001b 16       		.uleb128 0x16
 868 001c 00       		.byte	0
 869 001d 03       		.uleb128 0x3
 870 001e 0E       		.uleb128 0xe
 871 001f 3A       		.uleb128 0x3a
 872 0020 0B       		.uleb128 0xb
 873 0021 3B       		.uleb128 0x3b
 874 0022 0B       		.uleb128 0xb
 875 0023 49       		.uleb128 0x49
 876 0024 13       		.uleb128 0x13
 877 0025 00       		.byte	0
 878 0026 00       		.byte	0
 879 0027 04       		.uleb128 0x4
 880 0028 24       		.uleb128 0x24
 881 0029 00       		.byte	0
 882 002a 0B       		.uleb128 0xb
 883 002b 0B       		.uleb128 0xb
 884 002c 3E       		.uleb128 0x3e
 885 002d 0B       		.uleb128 0xb
 886 002e 03       		.uleb128 0x3
 887 002f 08       		.uleb128 0x8
 888 0030 00       		.byte	0
 889 0031 00       		.byte	0
 890 0032 05       		.uleb128 0x5
 891 0033 01       		.uleb128 0x1
 892 0034 01       		.byte	0x1
 893 0035 49       		.uleb128 0x49
 894 0036 13       		.uleb128 0x13
 895 0037 01       		.uleb128 0x1
 896 0038 13       		.uleb128 0x13
 897 0039 00       		.byte	0
 898 003a 00       		.byte	0
 899 003b 06       		.uleb128 0x6
 900 003c 21       		.uleb128 0x21
 901 003d 00       		.byte	0
 902 003e 49       		.uleb128 0x49
 903 003f 13       		.uleb128 0x13
 904 0040 2F       		.uleb128 0x2f
 905 0041 05       		.uleb128 0x5
 906 0042 00       		.byte	0
 907 0043 00       		.byte	0
 908 0044 07       		.uleb128 0x7
ARM GAS  C:\Users\User\AppData\Local\Temp\ccfngN4r.s 			page 17


 909 0045 26       		.uleb128 0x26
 910 0046 00       		.byte	0
 911 0047 49       		.uleb128 0x49
 912 0048 13       		.uleb128 0x13
 913 0049 00       		.byte	0
 914 004a 00       		.byte	0
 915 004b 08       		.uleb128 0x8
 916 004c 34       		.uleb128 0x34
 917 004d 00       		.byte	0
 918 004e 03       		.uleb128 0x3
 919 004f 0E       		.uleb128 0xe
 920 0050 3A       		.uleb128 0x3a
 921 0051 0B       		.uleb128 0xb
 922 0052 3B       		.uleb128 0x3b
 923 0053 0B       		.uleb128 0xb
 924 0054 49       		.uleb128 0x49
 925 0055 13       		.uleb128 0x13
 926 0056 3F       		.uleb128 0x3f
 927 0057 19       		.uleb128 0x19
 928 0058 02       		.uleb128 0x2
 929 0059 18       		.uleb128 0x18
 930 005a 00       		.byte	0
 931 005b 00       		.byte	0
 932 005c 09       		.uleb128 0x9
 933 005d 21       		.uleb128 0x21
 934 005e 00       		.byte	0
 935 005f 49       		.uleb128 0x49
 936 0060 13       		.uleb128 0x13
 937 0061 2F       		.uleb128 0x2f
 938 0062 0B       		.uleb128 0xb
 939 0063 00       		.byte	0
 940 0064 00       		.byte	0
 941 0065 00       		.byte	0
 942              		.section	.debug_aranges,"",%progbits
 943 0000 14000000 		.4byte	0x14
 944 0004 0200     		.2byte	0x2
 945 0006 00000000 		.4byte	.Ldebug_info0
 946 000a 04       		.byte	0x4
 947 000b 00       		.byte	0
 948 000c 0000     		.2byte	0
 949 000e 0000     		.2byte	0
 950 0010 00000000 		.4byte	0
 951 0014 00000000 		.4byte	0
 952              		.section	.debug_line,"",%progbits
 953              	.Ldebug_line0:
 954 0000 3D010000 		.section	.debug_str,"MS",%progbits,1
 954      02003701 
 954      00000201 
 954      FB0E0D00 
 954      01010101 
 955              	.LASF9:
 956 0000 5F5F7569 		.ascii	"__uint8_t\000"
 956      6E74385F 
 956      7400
 957              	.LASF16:
 958 000a 63795F6D 		.ascii	"cy_metadata\000"
 958      65746164 
ARM GAS  C:\Users\User\AppData\Local\Temp\ccfngN4r.s 			page 18


 958      61746100 
 959              	.LASF19:
 960 0016 433A5C55 		.ascii	"C:\\Users\\User\\Downloads\\PRACTICA 3\\Design01.cy"
 960      73657273 
 960      5C557365 
 960      725C446F 
 960      776E6C6F 
 961 0044 64736E00 		.ascii	"dsn\000"
 962              	.LASF1:
 963 0048 756E7369 		.ascii	"unsigned char\000"
 963      676E6564 
 963      20636861 
 963      7200
 964              	.LASF17:
 965 0056 474E5520 		.ascii	"GNU C11 5.4.1 20160609 (release) [ARM/embedded-5-br"
 965      43313120 
 965      352E342E 
 965      31203230 
 965      31363036 
 966 0089 616E6368 		.ascii	"anch revision 237715] -mcpu=cortex-m3 -mthumb -g -O"
 966      20726576 
 966      6973696F 
 966      6E203233 
 966      37373135 
 967 00bc 67202D66 		.ascii	"g -ffunction-sections -ffat-lto-objects\000"
 967      66756E63 
 967      74696F6E 
 967      2D736563 
 967      74696F6E 
 968              	.LASF5:
 969 00e4 6C6F6E67 		.ascii	"long unsigned int\000"
 969      20756E73 
 969      69676E65 
 969      6420696E 
 969      7400
 970              	.LASF3:
 971 00f6 73686F72 		.ascii	"short unsigned int\000"
 971      7420756E 
 971      7369676E 
 971      65642069 
 971      6E7400
 972              	.LASF13:
 973 0109 63795F6D 		.ascii	"cy_meta_custnvl\000"
 973      6574615F 
 973      63757374 
 973      6E766C00 
 974              	.LASF12:
 975 0119 63795F6D 		.ascii	"cy_meta_configecc\000"
 975      6574615F 
 975      636F6E66 
 975      69676563 
 975      6300
 976              	.LASF8:
 977 012b 756E7369 		.ascii	"unsigned int\000"
 977      676E6564 
 977      20696E74 
 977      00
ARM GAS  C:\Users\User\AppData\Local\Temp\ccfngN4r.s 			page 19


 978              	.LASF7:
 979 0138 6C6F6E67 		.ascii	"long long unsigned int\000"
 979      206C6F6E 
 979      6720756E 
 979      7369676E 
 979      65642069 
 980              	.LASF10:
 981 014f 75696E74 		.ascii	"uint8_t\000"
 981      385F7400 
 982              	.LASF15:
 983 0157 63795F6D 		.ascii	"cy_meta_flashprotect\000"
 983      6574615F 
 983      666C6173 
 983      6870726F 
 983      74656374 
 984              	.LASF14:
 985 016c 63795F6D 		.ascii	"cy_meta_wonvl\000"
 985      6574615F 
 985      776F6E76 
 985      6C00
 986              	.LASF11:
 987 017a 73697A65 		.ascii	"sizetype\000"
 987      74797065 
 987      00
 988              	.LASF6:
 989 0183 6C6F6E67 		.ascii	"long long int\000"
 989      206C6F6E 
 989      6720696E 
 989      7400
 990              	.LASF2:
 991 0191 73686F72 		.ascii	"short int\000"
 991      7420696E 
 991      7400
 992              	.LASF4:
 993 019b 6C6F6E67 		.ascii	"long int\000"
 993      20696E74 
 993      00
 994              	.LASF0:
 995 01a4 7369676E 		.ascii	"signed char\000"
 995      65642063 
 995      68617200 
 996              	.LASF18:
 997 01b0 47656E65 		.ascii	"Generated_Source\\PSoC5\\cymetadata.c\000"
 997      72617465 
 997      645F536F 
 997      75726365 
 997      5C50536F 
 998              		.ident	"GCC: (GNU Tools for ARM Embedded Processors) 5.4.1 20160609 (release) [ARM/embedded-5-bran
