ARM GAS  C:\Users\Esteban\AppData\Local\Temp\ccnwV859.s 			page 1


   1              		.syntax unified
   2              		.cpu cortex-m3
   3              		.fpu softvfp
   4              		.eabi_attribute 20, 1
   5              		.eabi_attribute 21, 1
   6              		.eabi_attribute 23, 3
   7              		.eabi_attribute 24, 1
   8              		.eabi_attribute 25, 1
   9              		.eabi_attribute 26, 1
  10              		.eabi_attribute 30, 1
  11              		.eabi_attribute 34, 1
  12              		.eabi_attribute 18, 4
  13              		.thumb
  14              		.syntax unified
  15              		.file	"cymetadata.c"
  16              		.text
  17              	.Ltext0:
  18              		.cfi_sections	.debug_frame
  19              		.global	cy_metadata
  20              		.global	cy_meta_flashprotect
  21              		.global	cy_meta_wonvl
  22              		.global	cy_meta_custnvl
  23              		.global	cy_meta_configecc
  24              		.section	.cyconfigecc,"a",%progbits
  25              		.align	2
  26              		.type	cy_meta_configecc, %object
  27              		.size	cy_meta_configecc, 552
  28              	cy_meta_configecc:
  29 0000 01       		.byte	1
  30 0001 4F       		.byte	79
  31 0002 00       		.byte	0
  32 0003 40       		.byte	64
  33 0004 04       		.byte	4
  34 0005 52       		.byte	82
  35 0006 00       		.byte	0
  36 0007 40       		.byte	64
  37 0008 02       		.byte	2
  38 0009 05       		.byte	5
  39 000a 01       		.byte	1
  40 000b 40       		.byte	64
  41 000c 04       		.byte	4
  42 000d 07       		.byte	7
  43 000e 01       		.byte	1
  44 000f 40       		.byte	64
  45 0010 06       		.byte	6
  46 0011 09       		.byte	9
  47 0012 01       		.byte	1
  48 0013 40       		.byte	64
  49 0014 09       		.byte	9
  50 0015 0A       		.byte	10
  51 0016 01       		.byte	1
  52 0017 40       		.byte	64
  53 0018 0F       		.byte	15
  54 0019 0B       		.byte	11
  55 001a 01       		.byte	1
  56 001b 40       		.byte	64
  57 001c 34       		.byte	52
ARM GAS  C:\Users\Esteban\AppData\Local\Temp\ccnwV859.s 			page 2


  58 001d 14       		.byte	20
  59 001e 01       		.byte	1
  60 001f 40       		.byte	64
  61 0020 25       		.byte	37
  62 0021 15       		.byte	21
  63 0022 01       		.byte	1
  64 0023 40       		.byte	64
  65 0024 02       		.byte	2
  66 0025 17       		.byte	23
  67 0026 01       		.byte	1
  68 0027 40       		.byte	64
  69 0028 09       		.byte	9
  70 0029 40       		.byte	64
  71 002a 01       		.byte	1
  72 002b 40       		.byte	64
  73 002c 08       		.byte	8
  74 002d 41       		.byte	65
  75 002e 01       		.byte	1
  76 002f 40       		.byte	64
  77 0030 0E       		.byte	14
  78 0031 42       		.byte	66
  79 0032 01       		.byte	1
  80 0033 40       		.byte	64
  81 0034 07       		.byte	7
  82 0035 43       		.byte	67
  83 0036 01       		.byte	1
  84 0037 40       		.byte	64
  85 0038 08       		.byte	8
  86 0039 45       		.byte	69
  87 003a 01       		.byte	1
  88 003b 40       		.byte	64
  89 003c 0A       		.byte	10
  90 003d 46       		.byte	70
  91 003e 01       		.byte	1
  92 003f 40       		.byte	64
  93 0040 05       		.byte	5
  94 0041 47       		.byte	71
  95 0042 01       		.byte	1
  96 0043 40       		.byte	64
  97 0044 02       		.byte	2
  98 0045 48       		.byte	72
  99 0046 01       		.byte	1
 100 0047 40       		.byte	64
 101 0048 0F       		.byte	15
 102 0049 49       		.byte	73
 103 004a 01       		.byte	1
 104 004b 40       		.byte	64
 105 004c 04       		.byte	4
 106 004d 50       		.byte	80
 107 004e 01       		.byte	1
 108 004f 40       		.byte	64
 109 0050 02       		.byte	2
 110 0051 51       		.byte	81
 111 0052 01       		.byte	1
 112 0053 40       		.byte	64
 113 0054 0A       		.byte	10
 114 0055 4B       		.byte	75
ARM GAS  C:\Users\Esteban\AppData\Local\Temp\ccnwV859.s 			page 3


 115 0056 10       		.byte	16
 116 0057 3A       		.byte	58
 117 0058 11       		.byte	17
 118 0059 23       		.byte	35
 119 005a 18       		.byte	24
 120 005b 05       		.byte	5
 121 005c 19       		.byte	25
 122 005d 0C       		.byte	12
 123 005e 87       		.byte	-121
 124 005f 20       		.byte	32
 125 0060 EC       		.byte	-20
 126 0061 04       		.byte	4
 127 0062 8C       		.byte	-116
 128 0063 01       		.byte	1
 129 0064 A7       		.byte	-89
 130 0065 20       		.byte	32
 131 0066 E6       		.byte	-26
 132 0067 10       		.byte	16
 133 0068 EE       		.byte	-18
 134 0069 09       		.byte	9
 135 006a AB       		.byte	-85
 136 006b 40       		.byte	64
 137 006c AD       		.byte	-83
 138 006d 20       		.byte	32
 139 006e AF       		.byte	-81
 140 006f 01       		.byte	1
 141 0070 B3       		.byte	-77
 142 0071 20       		.byte	32
 143 0072 B6       		.byte	-74
 144 0073 40       		.byte	64
 145 0074 E8       		.byte	-24
 146 0075 08       		.byte	8
 147 0076 3E       		.byte	62
 148 0077 01       		.byte	1
 149 0078 58       		.byte	88
 150 0079 04       		.byte	4
 151 007a 5B       		.byte	91
 152 007b 04       		.byte	4
 153 007c 5F       		.byte	95
 154 007d 01       		.byte	1
 155 007e 87       		.byte	-121
 156 007f 01       		.byte	1
 157 0080 B1       		.byte	-79
 158 0081 01       		.byte	1
 159 0082 D9       		.byte	-39
 160 0083 04       		.byte	4
 161 0084 DC       		.byte	-36
 162 0085 20       		.byte	32
 163 0086 DF       		.byte	-33
 164 0087 01       		.byte	1
 165 0088 1B       		.byte	27
 166 0089 01       		.byte	1
 167 008a 27       		.byte	39
 168 008b 40       		.byte	64
 169 008c 3F       		.byte	63
 170 008d 08       		.byte	8
 171 008e 69       		.byte	105
ARM GAS  C:\Users\Esteban\AppData\Local\Temp\ccnwV859.s 			page 4


 172 008f 11       		.byte	17
 173 0090 6A       		.byte	106
 174 0091 80       		.byte	-128
 175 0092 6B       		.byte	107
 176 0093 20       		.byte	32
 177 0094 70       		.byte	112
 178 0095 88       		.byte	-120
 179 0096 71       		.byte	113
 180 0097 20       		.byte	32
 181 0098 80       		.byte	-128
 182 0099 08       		.byte	8
 183 009a 89       		.byte	-119
 184 009b 11       		.byte	17
 185 009c 8C       		.byte	-116
 186 009d 80       		.byte	-128
 187 009e A3       		.byte	-93
 188 009f 04       		.byte	4
 189 00a0 AB       		.byte	-85
 190 00a1 04       		.byte	4
 191 00a2 CE       		.byte	-50
 192 00a3 40       		.byte	64
 193 00a4 E0       		.byte	-32
 194 00a5 01       		.byte	1
 195 00a6 00       		.byte	0
 196 00a7 88       		.byte	-120
 197 00a8 01       		.byte	1
 198 00a9 04       		.byte	4
 199 00aa 02       		.byte	2
 200 00ab 20       		.byte	32
 201 00ac 03       		.byte	3
 202 00ad 08       		.byte	8
 203 00ae 05       		.byte	5
 204 00af 08       		.byte	8
 205 00b0 07       		.byte	7
 206 00b1 04       		.byte	4
 207 00b2 0C       		.byte	12
 208 00b3 44       		.byte	68
 209 00b4 0E       		.byte	14
 210 00b5 B3       		.byte	-77
 211 00b6 14       		.byte	20
 212 00b7 03       		.byte	3
 213 00b8 16       		.byte	22
 214 00b9 08       		.byte	8
 215 00ba 19       		.byte	25
 216 00bb 01       		.byte	1
 217 00bc 1B       		.byte	27
 218 00bd 02       		.byte	2
 219 00be 1E       		.byte	30
 220 00bf 50       		.byte	80
 221 00c0 1F       		.byte	31
 222 00c1 03       		.byte	3
 223 00c2 26       		.byte	38
 224 00c3 99       		.byte	-103
 225 00c4 2A       		.byte	42
 226 00c5 02       		.byte	2
 227 00c6 30       		.byte	48
 228 00c7 30       		.byte	48
ARM GAS  C:\Users\Esteban\AppData\Local\Temp\ccnwV859.s 			page 5


 229 00c8 32       		.byte	50
 230 00c9 0C       		.byte	12
 231 00ca 33       		.byte	51
 232 00cb 01       		.byte	1
 233 00cc 34       		.byte	52
 234 00cd 03       		.byte	3
 235 00ce 35       		.byte	53
 236 00cf 0C       		.byte	12
 237 00d0 36       		.byte	54
 238 00d1 C0       		.byte	-64
 239 00d2 37       		.byte	55
 240 00d3 02       		.byte	2
 241 00d4 3A       		.byte	58
 242 00d5 80       		.byte	-128
 243 00d6 3F       		.byte	63
 244 00d7 10       		.byte	16
 245 00d8 40       		.byte	64
 246 00d9 13       		.byte	19
 247 00da 45       		.byte	69
 248 00db 06       		.byte	6
 249 00dc 47       		.byte	71
 250 00dd 05       		.byte	5
 251 00de 48       		.byte	72
 252 00df 11       		.byte	17
 253 00e0 49       		.byte	73
 254 00e1 FF       		.byte	-1
 255 00e2 4A       		.byte	74
 256 00e3 FF       		.byte	-1
 257 00e4 4B       		.byte	75
 258 00e5 FF       		.byte	-1
 259 00e6 4D       		.byte	77
 260 00e7 10       		.byte	16
 261 00e8 4E       		.byte	78
 262 00e9 70       		.byte	112
 263 00ea 4F       		.byte	79
 264 00eb 0F       		.byte	15
 265 00ec 50       		.byte	80
 266 00ed 08       		.byte	8
 267 00ee 52       		.byte	82
 268 00ef 01       		.byte	1
 269 00f0 58       		.byte	88
 270 00f1 04       		.byte	4
 271 00f2 59       		.byte	89
 272 00f3 04       		.byte	4
 273 00f4 5A       		.byte	90
 274 00f5 04       		.byte	4
 275 00f6 5B       		.byte	91
 276 00f7 04       		.byte	4
 277 00f8 5C       		.byte	92
 278 00f9 11       		.byte	17
 279 00fa 5D       		.byte	93
 280 00fb 11       		.byte	17
 281 00fc 5F       		.byte	95
 282 00fd 01       		.byte	1
 283 00fe 60       		.byte	96
 284 00ff 10       		.byte	16
 285 0100 61       		.byte	97
ARM GAS  C:\Users\Esteban\AppData\Local\Temp\ccnwV859.s 			page 6


 286 0101 BC       		.byte	-68
 287 0102 62       		.byte	98
 288 0103 10       		.byte	16
 289 0104 63       		.byte	99
 290 0105 58       		.byte	88
 291 0106 64       		.byte	100
 292 0107 90       		.byte	-112
 293 0108 65       		.byte	101
 294 0109 58       		.byte	88
 295 010a DB       		.byte	-37
 296 010b 04       		.byte	4
 297 010c DF       		.byte	-33
 298 010d 01       		.byte	1
 299 010e 01       		.byte	1
 300 010f 42       		.byte	66
 301 0110 0A       		.byte	10
 302 0111 11       		.byte	17
 303 0112 10       		.byte	16
 304 0113 20       		.byte	32
 305 0114 12       		.byte	18
 306 0115 08       		.byte	8
 307 0116 19       		.byte	25
 308 0117 02       		.byte	2
 309 0118 1A       		.byte	26
 310 0119 11       		.byte	17
 311 011a 1B       		.byte	27
 312 011b 20       		.byte	32
 313 011c 20       		.byte	32
 314 011d 01       		.byte	1
 315 011e 21       		.byte	33
 316 011f 04       		.byte	4
 317 0120 22       		.byte	34
 318 0121 20       		.byte	32
 319 0122 30       		.byte	48
 320 0123 20       		.byte	32
 321 0124 32       		.byte	50
 322 0125 40       		.byte	64
 323 0126 38       		.byte	56
 324 0127 01       		.byte	1
 325 0128 3A       		.byte	58
 326 0129 04       		.byte	4
 327 012a 40       		.byte	64
 328 012b 01       		.byte	1
 329 012c 41       		.byte	65
 330 012d 04       		.byte	4
 331 012e 48       		.byte	72
 332 012f 20       		.byte	32
 333 0130 52       		.byte	82
 334 0131 08       		.byte	8
 335 0132 69       		.byte	105
 336 0133 40       		.byte	64
 337 0134 6A       		.byte	106
 338 0135 80       		.byte	-128
 339 0136 6C       		.byte	108
 340 0137 14       		.byte	20
 341 0138 6E       		.byte	110
 342 0139 80       		.byte	-128
ARM GAS  C:\Users\Esteban\AppData\Local\Temp\ccnwV859.s 			page 7


 343 013a 6F       		.byte	111
 344 013b 80       		.byte	-128
 345 013c 80       		.byte	-128
 346 013d 14       		.byte	20
 347 013e 82       		.byte	-126
 348 013f 04       		.byte	4
 349 0140 83       		.byte	-125
 350 0141 80       		.byte	-128
 351 0142 86       		.byte	-122
 352 0143 40       		.byte	64
 353 0144 8E       		.byte	-114
 354 0145 20       		.byte	32
 355 0146 94       		.byte	-108
 356 0147 01       		.byte	1
 357 0148 A7       		.byte	-89
 358 0149 20       		.byte	32
 359 014a C0       		.byte	-64
 360 014b 09       		.byte	9
 361 014c C2       		.byte	-62
 362 014d 05       		.byte	5
 363 014e C4       		.byte	-60
 364 014f 06       		.byte	6
 365 0150 CC       		.byte	-52
 366 0151 0C       		.byte	12
 367 0152 CE       		.byte	-50
 368 0153 03       		.byte	3
 369 0154 D0       		.byte	-48
 370 0155 0A       		.byte	10
 371 0156 E2       		.byte	-30
 372 0157 10       		.byte	16
 373 0158 94       		.byte	-108
 374 0159 01       		.byte	1
 375 015a A7       		.byte	-89
 376 015b 20       		.byte	32
 377 015c 12       		.byte	18
 378 015d 02       		.byte	2
 379 015e 33       		.byte	51
 380 015f 40       		.byte	64
 381 0160 36       		.byte	54
 382 0161 80       		.byte	-128
 383 0162 38       		.byte	56
 384 0163 08       		.byte	8
 385 0164 3D       		.byte	61
 386 0165 20       		.byte	32
 387 0166 3E       		.byte	62
 388 0167 02       		.byte	2
 389 0168 C4       		.byte	-60
 390 0169 40       		.byte	64
 391 016a CC       		.byte	-52
 392 016b 30       		.byte	48
 393 016c CE       		.byte	-50
 394 016d E0       		.byte	-32
 395 016e 01       		.byte	1
 396 016f 40       		.byte	64
 397 0170 94       		.byte	-108
 398 0171 08       		.byte	8
 399 0172 9E       		.byte	-98
ARM GAS  C:\Users\Esteban\AppData\Local\Temp\ccnwV859.s 			page 8


 400 0173 02       		.byte	2
 401 0174 9F       		.byte	-97
 402 0175 40       		.byte	64
 403 0176 A2       		.byte	-94
 404 0177 02       		.byte	2
 405 0178 A5       		.byte	-91
 406 0179 10       		.byte	16
 407 017a A6       		.byte	-90
 408 017b 80       		.byte	-128
 409 017c C0       		.byte	-64
 410 017d 40       		.byte	64
 411 017e 12       		.byte	18
 412 017f 80       		.byte	-128
 413 0180 63       		.byte	99
 414 0181 02       		.byte	2
 415 0182 86       		.byte	-122
 416 0183 02       		.byte	2
 417 0184 94       		.byte	-108
 418 0185 08       		.byte	8
 419 0186 9E       		.byte	-98
 420 0187 02       		.byte	2
 421 0188 9F       		.byte	-97
 422 0189 40       		.byte	64
 423 018a A2       		.byte	-94
 424 018b 02       		.byte	2
 425 018c A5       		.byte	-91
 426 018d 10       		.byte	16
 427 018e A6       		.byte	-90
 428 018f 80       		.byte	-128
 429 0190 A9       		.byte	-87
 430 0191 40       		.byte	64
 431 0192 C4       		.byte	-60
 432 0193 10       		.byte	16
 433 0194 D6       		.byte	-42
 434 0195 40       		.byte	64
 435 0196 E6       		.byte	-26
 436 0197 10       		.byte	16
 437 0198 EC       		.byte	-20
 438 0199 20       		.byte	32
 439 019a 8D       		.byte	-115
 440 019b 10       		.byte	16
 441 019c 94       		.byte	-108
 442 019d 08       		.byte	8
 443 019e A2       		.byte	-94
 444 019f 02       		.byte	2
 445 01a0 A5       		.byte	-91
 446 01a1 10       		.byte	16
 447 01a2 AB       		.byte	-85
 448 01a3 40       		.byte	64
 449 01a4 AF       		.byte	-81
 450 01a5 01       		.byte	1
 451 01a6 EE       		.byte	-18
 452 01a7 90       		.byte	-112
 453 01a8 51       		.byte	81
 454 01a9 08       		.byte	8
 455 01aa 54       		.byte	84
 456 01ab 11       		.byte	17
ARM GAS  C:\Users\Esteban\AppData\Local\Temp\ccnwV859.s 			page 9


 457 01ac 5B       		.byte	91
 458 01ad 44       		.byte	68
 459 01ae 65       		.byte	101
 460 01af 80       		.byte	-128
 461 01b0 67       		.byte	103
 462 01b1 80       		.byte	-128
 463 01b2 D4       		.byte	-44
 464 01b3 07       		.byte	7
 465 01b4 D6       		.byte	-42
 466 01b5 07       		.byte	7
 467 01b6 D8       		.byte	-40
 468 01b7 01       		.byte	1
 469 01b8 83       		.byte	-125
 470 01b9 04       		.byte	4
 471 01ba 88       		.byte	-120
 472 01bb 11       		.byte	17
 473 01bc 8D       		.byte	-115
 474 01bd 80       		.byte	-128
 475 01be 97       		.byte	-105
 476 01bf 80       		.byte	-128
 477 01c0 9D       		.byte	-99
 478 01c1 80       		.byte	-128
 479 01c2 9F       		.byte	-97
 480 01c3 44       		.byte	68
 481 01c4 A4       		.byte	-92
 482 01c5 11       		.byte	17
 483 01c6 A5       		.byte	-91
 484 01c7 08       		.byte	8
 485 01c8 E0       		.byte	-32
 486 01c9 01       		.byte	1
 487 01ca E4       		.byte	-28
 488 01cb 03       		.byte	3
 489 01cc AF       		.byte	-81
 490 01cd 40       		.byte	64
 491 01ce B1       		.byte	-79
 492 01cf 08       		.byte	8
 493 01d0 B7       		.byte	-73
 494 01d1 40       		.byte	64
 495 01d2 E8       		.byte	-24
 496 01d3 08       		.byte	8
 497 01d4 EC       		.byte	-20
 498 01d5 04       		.byte	4
 499 01d6 94       		.byte	-108
 500 01d7 08       		.byte	8
 501 01d8 A2       		.byte	-94
 502 01d9 02       		.byte	2
 503 01da 52       		.byte	82
 504 01db 20       		.byte	32
 505 01dc 53       		.byte	83
 506 01dd 01       		.byte	1
 507 01de 57       		.byte	87
 508 01df 08       		.byte	8
 509 01e0 5E       		.byte	94
 510 01e1 40       		.byte	64
 511 01e2 82       		.byte	-126
 512 01e3 62       		.byte	98
 513 01e4 83       		.byte	-125
ARM GAS  C:\Users\Esteban\AppData\Local\Temp\ccnwV859.s 			page 10


 514 01e5 01       		.byte	1
 515 01e6 87       		.byte	-121
 516 01e7 08       		.byte	8
 517 01e8 8C       		.byte	-116
 518 01e9 04       		.byte	4
 519 01ea 94       		.byte	-108
 520 01eb 08       		.byte	8
 521 01ec A2       		.byte	-94
 522 01ed 02       		.byte	2
 523 01ee D4       		.byte	-44
 524 01ef E0       		.byte	-32
 525 01f0 D6       		.byte	-42
 526 01f1 20       		.byte	32
 527 01f2 E0       		.byte	-32
 528 01f3 80       		.byte	-128
 529 01f4 E2       		.byte	-30
 530 01f5 20       		.byte	32
 531 01f6 E6       		.byte	-26
 532 01f7 E0       		.byte	-32
 533 01f8 00       		.byte	0
 534 01f9 04       		.byte	4
 535 01fa 0C       		.byte	12
 536 01fb 04       		.byte	4
 537 01fc 10       		.byte	16
 538 01fd 02       		.byte	2
 539 01fe 1A       		.byte	26
 540 01ff 02       		.byte	2
 541 0200 00       		.byte	0
 542 0201 0B       		.byte	11
 543 0202 10       		.byte	16
 544 0203 2A       		.byte	42
 545 0204 E4       		.byte	-28
 546 0205 08       		.byte	8
 547 0206 08       		.byte	8
 548 0207 00       		.byte	0
 549 0208 00       		.byte	0
 550 0209 00       		.byte	0
 551 020a 00       		.byte	0
 552 020b 00       		.byte	0
 553 020c 00       		.byte	0
 554 020d 8B       		.byte	-117
 555 020e 8B       		.byte	-117
 556 020f 00       		.byte	0
 557 0210 00       		.byte	0
 558 0211 00       		.byte	0
 559 0212 00       		.byte	0
 560 0213 00       		.byte	0
 561 0214 00       		.byte	0
 562 0215 FF       		.byte	-1
 563 0216 FF       		.byte	-1
 564 0217 00       		.byte	0
 565 0218 7F       		.byte	127
 566 0219 00       		.byte	0
 567 021a 00       		.byte	0
 568 021b 00       		.byte	0
 569 021c 00       		.byte	0
 570 021d 0F       		.byte	15
ARM GAS  C:\Users\Esteban\AppData\Local\Temp\ccnwV859.s 			page 11


 571 021e 0F       		.byte	15
 572 021f 00       		.byte	0
 573 0220 0F       		.byte	15
 574 0221 00       		.byte	0
 575 0222 00       		.byte	0
 576 0223 00       		.byte	0
 577 0224 00       		.byte	0
 578 0225 02       		.byte	2
 579 0226 00       		.byte	0
 580 0227 00       		.byte	0
 581              		.section	.cywolatch,"a",%progbits
 582              		.align	2
 583              		.type	cy_meta_wonvl, %object
 584              		.size	cy_meta_wonvl, 4
 585              	cy_meta_wonvl:
 586 0000 BC       		.byte	-68
 587 0001 90       		.byte	-112
 588 0002 AC       		.byte	-84
 589 0003 AF       		.byte	-81
 590              		.section	.cycustnvl,"a",%progbits
 591              		.align	2
 592              		.type	cy_meta_custnvl, %object
 593              		.size	cy_meta_custnvl, 4
 594              	cy_meta_custnvl:
 595 0000 00       		.byte	0
 596 0001 00       		.byte	0
 597 0002 40       		.byte	64
 598 0003 05       		.byte	5
 599              		.section	.cymeta,"a",%progbits
 600              		.align	2
 601              		.type	cy_metadata, %object
 602              		.size	cy_metadata, 12
 603              	cy_metadata:
 604 0000 00       		.byte	0
 605 0001 01       		.byte	1
 606 0002 2E       		.byte	46
 607 0003 12       		.byte	18
 608 0004 70       		.byte	112
 609 0005 69       		.byte	105
 610 0006 00       		.byte	0
 611 0007 01       		.byte	1
 612 0008 00       		.byte	0
 613 0009 00       		.byte	0
 614 000a 00       		.byte	0
 615 000b 00       		.byte	0
 616              		.section	.cyflashprotect,"a",%progbits
 617              		.align	2
 618              		.type	cy_meta_flashprotect, %object
 619              		.size	cy_meta_flashprotect, 256
 620              	cy_meta_flashprotect:
 621 0000 00000000 		.space	256
 621      00000000 
 621      00000000 
 621      00000000 
 621      00000000 
 622              		.text
 623              	.Letext0:
ARM GAS  C:\Users\Esteban\AppData\Local\Temp\ccnwV859.s 			page 12


 624              		.file 1 "c:\\program files (x86)\\cypress\\psoc creator\\4.4\\psoc creator\\import\\gnu\\arm\\5.4.
 625              		.file 2 "c:\\program files (x86)\\cypress\\psoc creator\\4.4\\psoc creator\\import\\gnu\\arm\\5.4.
 626              		.file 3 "Generated_Source\\PSoC5\\cymetadata.c"
 627              		.section	.debug_info,"",%progbits
 628              	.Ldebug_info0:
 629 0000 31010000 		.4byte	0x131
 630 0004 0400     		.2byte	0x4
 631 0006 00000000 		.4byte	.Ldebug_abbrev0
 632 000a 04       		.byte	0x4
 633 000b 01       		.uleb128 0x1
 634 000c A9000000 		.4byte	.LASF17
 635 0010 0C       		.byte	0xc
 636 0011 03020000 		.4byte	.LASF18
 637 0015 0A000000 		.4byte	.LASF19
 638 0019 00000000 		.4byte	.Ldebug_line0
 639 001d 02       		.uleb128 0x2
 640 001e 01       		.byte	0x1
 641 001f 06       		.byte	0x6
 642 0020 F7010000 		.4byte	.LASF0
 643 0024 03       		.uleb128 0x3
 644 0025 00000000 		.4byte	.LASF9
 645 0029 01       		.byte	0x1
 646 002a 1D       		.byte	0x1d
 647 002b 2F000000 		.4byte	0x2f
 648 002f 02       		.uleb128 0x2
 649 0030 01       		.byte	0x1
 650 0031 08       		.byte	0x8
 651 0032 9B000000 		.4byte	.LASF1
 652 0036 02       		.uleb128 0x2
 653 0037 02       		.byte	0x2
 654 0038 05       		.byte	0x5
 655 0039 E4010000 		.4byte	.LASF2
 656 003d 02       		.uleb128 0x2
 657 003e 02       		.byte	0x2
 658 003f 07       		.byte	0x7
 659 0040 49010000 		.4byte	.LASF3
 660 0044 02       		.uleb128 0x2
 661 0045 04       		.byte	0x4
 662 0046 05       		.byte	0x5
 663 0047 EE010000 		.4byte	.LASF4
 664 004b 02       		.uleb128 0x2
 665 004c 04       		.byte	0x4
 666 004d 07       		.byte	0x7
 667 004e 37010000 		.4byte	.LASF5
 668 0052 02       		.uleb128 0x2
 669 0053 08       		.byte	0x8
 670 0054 05       		.byte	0x5
 671 0055 D6010000 		.4byte	.LASF6
 672 0059 02       		.uleb128 0x2
 673 005a 08       		.byte	0x8
 674 005b 07       		.byte	0x7
 675 005c 8B010000 		.4byte	.LASF7
 676 0060 04       		.uleb128 0x4
 677 0061 04       		.byte	0x4
 678 0062 05       		.byte	0x5
 679 0063 696E7400 		.ascii	"int\000"
 680 0067 02       		.uleb128 0x2
ARM GAS  C:\Users\Esteban\AppData\Local\Temp\ccnwV859.s 			page 13


 681 0068 04       		.byte	0x4
 682 0069 07       		.byte	0x7
 683 006a 7E010000 		.4byte	.LASF8
 684 006e 03       		.uleb128 0x3
 685 006f A2010000 		.4byte	.LASF10
 686 0073 02       		.byte	0x2
 687 0074 18       		.byte	0x18
 688 0075 24000000 		.4byte	0x24
 689 0079 05       		.uleb128 0x5
 690 007a 91000000 		.4byte	0x91
 691 007e 8A000000 		.4byte	0x8a
 692 0082 06       		.uleb128 0x6
 693 0083 8A000000 		.4byte	0x8a
 694 0087 2702     		.2byte	0x227
 695 0089 00       		.byte	0
 696 008a 02       		.uleb128 0x2
 697 008b 04       		.byte	0x4
 698 008c 07       		.byte	0x7
 699 008d CD010000 		.4byte	.LASF11
 700 0091 07       		.uleb128 0x7
 701 0092 6E000000 		.4byte	0x6e
 702 0096 08       		.uleb128 0x8
 703 0097 6C010000 		.4byte	.LASF12
 704 009b 03       		.byte	0x3
 705 009c 1F       		.byte	0x1f
 706 009d A7000000 		.4byte	0xa7
 707 00a1 05       		.uleb128 0x5
 708 00a2 03       		.byte	0x3
 709 00a3 00000000 		.4byte	cy_meta_configecc
 710 00a7 07       		.uleb128 0x7
 711 00a8 79000000 		.4byte	0x79
 712 00ac 05       		.uleb128 0x5
 713 00ad 91000000 		.4byte	0x91
 714 00b1 BC000000 		.4byte	0xbc
 715 00b5 09       		.uleb128 0x9
 716 00b6 8A000000 		.4byte	0x8a
 717 00ba 03       		.byte	0x3
 718 00bb 00       		.byte	0
 719 00bc 08       		.uleb128 0x8
 720 00bd 5C010000 		.4byte	.LASF13
 721 00c1 03       		.byte	0x3
 722 00c2 71       		.byte	0x71
 723 00c3 CD000000 		.4byte	0xcd
 724 00c7 05       		.uleb128 0x5
 725 00c8 03       		.byte	0x3
 726 00c9 00000000 		.4byte	cy_meta_custnvl
 727 00cd 07       		.uleb128 0x7
 728 00ce AC000000 		.4byte	0xac
 729 00d2 08       		.uleb128 0x8
 730 00d3 BF010000 		.4byte	.LASF14
 731 00d7 03       		.byte	0x3
 732 00d8 7F       		.byte	0x7f
 733 00d9 E3000000 		.4byte	0xe3
 734 00dd 05       		.uleb128 0x5
 735 00de 03       		.byte	0x3
 736 00df 00000000 		.4byte	cy_meta_wonvl
 737 00e3 07       		.uleb128 0x7
ARM GAS  C:\Users\Esteban\AppData\Local\Temp\ccnwV859.s 			page 14


 738 00e4 AC000000 		.4byte	0xac
 739 00e8 05       		.uleb128 0x5
 740 00e9 91000000 		.4byte	0x91
 741 00ed F8000000 		.4byte	0xf8
 742 00f1 09       		.uleb128 0x9
 743 00f2 8A000000 		.4byte	0x8a
 744 00f6 FF       		.byte	0xff
 745 00f7 00       		.byte	0
 746 00f8 08       		.uleb128 0x8
 747 00f9 AA010000 		.4byte	.LASF15
 748 00fd 03       		.byte	0x3
 749 00fe 8D       		.byte	0x8d
 750 00ff 09010000 		.4byte	0x109
 751 0103 05       		.uleb128 0x5
 752 0104 03       		.byte	0x3
 753 0105 00000000 		.4byte	cy_meta_flashprotect
 754 0109 07       		.uleb128 0x7
 755 010a E8000000 		.4byte	0xe8
 756 010e 05       		.uleb128 0x5
 757 010f 91000000 		.4byte	0x91
 758 0113 1E010000 		.4byte	0x11e
 759 0117 09       		.uleb128 0x9
 760 0118 8A000000 		.4byte	0x8a
 761 011c 0B       		.byte	0xb
 762 011d 00       		.byte	0
 763 011e 08       		.uleb128 0x8
 764 011f 8F000000 		.4byte	.LASF16
 765 0123 03       		.byte	0x3
 766 0124 BA       		.byte	0xba
 767 0125 2F010000 		.4byte	0x12f
 768 0129 05       		.uleb128 0x5
 769 012a 03       		.byte	0x3
 770 012b 00000000 		.4byte	cy_metadata
 771 012f 07       		.uleb128 0x7
 772 0130 0E010000 		.4byte	0x10e
 773 0134 00       		.byte	0
 774              		.section	.debug_abbrev,"",%progbits
 775              	.Ldebug_abbrev0:
 776 0000 01       		.uleb128 0x1
 777 0001 11       		.uleb128 0x11
 778 0002 01       		.byte	0x1
 779 0003 25       		.uleb128 0x25
 780 0004 0E       		.uleb128 0xe
 781 0005 13       		.uleb128 0x13
 782 0006 0B       		.uleb128 0xb
 783 0007 03       		.uleb128 0x3
 784 0008 0E       		.uleb128 0xe
 785 0009 1B       		.uleb128 0x1b
 786 000a 0E       		.uleb128 0xe
 787 000b 10       		.uleb128 0x10
 788 000c 17       		.uleb128 0x17
 789 000d 00       		.byte	0
 790 000e 00       		.byte	0
 791 000f 02       		.uleb128 0x2
 792 0010 24       		.uleb128 0x24
 793 0011 00       		.byte	0
 794 0012 0B       		.uleb128 0xb
ARM GAS  C:\Users\Esteban\AppData\Local\Temp\ccnwV859.s 			page 15


 795 0013 0B       		.uleb128 0xb
 796 0014 3E       		.uleb128 0x3e
 797 0015 0B       		.uleb128 0xb
 798 0016 03       		.uleb128 0x3
 799 0017 0E       		.uleb128 0xe
 800 0018 00       		.byte	0
 801 0019 00       		.byte	0
 802 001a 03       		.uleb128 0x3
 803 001b 16       		.uleb128 0x16
 804 001c 00       		.byte	0
 805 001d 03       		.uleb128 0x3
 806 001e 0E       		.uleb128 0xe
 807 001f 3A       		.uleb128 0x3a
 808 0020 0B       		.uleb128 0xb
 809 0021 3B       		.uleb128 0x3b
 810 0022 0B       		.uleb128 0xb
 811 0023 49       		.uleb128 0x49
 812 0024 13       		.uleb128 0x13
 813 0025 00       		.byte	0
 814 0026 00       		.byte	0
 815 0027 04       		.uleb128 0x4
 816 0028 24       		.uleb128 0x24
 817 0029 00       		.byte	0
 818 002a 0B       		.uleb128 0xb
 819 002b 0B       		.uleb128 0xb
 820 002c 3E       		.uleb128 0x3e
 821 002d 0B       		.uleb128 0xb
 822 002e 03       		.uleb128 0x3
 823 002f 08       		.uleb128 0x8
 824 0030 00       		.byte	0
 825 0031 00       		.byte	0
 826 0032 05       		.uleb128 0x5
 827 0033 01       		.uleb128 0x1
 828 0034 01       		.byte	0x1
 829 0035 49       		.uleb128 0x49
 830 0036 13       		.uleb128 0x13
 831 0037 01       		.uleb128 0x1
 832 0038 13       		.uleb128 0x13
 833 0039 00       		.byte	0
 834 003a 00       		.byte	0
 835 003b 06       		.uleb128 0x6
 836 003c 21       		.uleb128 0x21
 837 003d 00       		.byte	0
 838 003e 49       		.uleb128 0x49
 839 003f 13       		.uleb128 0x13
 840 0040 2F       		.uleb128 0x2f
 841 0041 05       		.uleb128 0x5
 842 0042 00       		.byte	0
 843 0043 00       		.byte	0
 844 0044 07       		.uleb128 0x7
 845 0045 26       		.uleb128 0x26
 846 0046 00       		.byte	0
 847 0047 49       		.uleb128 0x49
 848 0048 13       		.uleb128 0x13
 849 0049 00       		.byte	0
 850 004a 00       		.byte	0
 851 004b 08       		.uleb128 0x8
ARM GAS  C:\Users\Esteban\AppData\Local\Temp\ccnwV859.s 			page 16


 852 004c 34       		.uleb128 0x34
 853 004d 00       		.byte	0
 854 004e 03       		.uleb128 0x3
 855 004f 0E       		.uleb128 0xe
 856 0050 3A       		.uleb128 0x3a
 857 0051 0B       		.uleb128 0xb
 858 0052 3B       		.uleb128 0x3b
 859 0053 0B       		.uleb128 0xb
 860 0054 49       		.uleb128 0x49
 861 0055 13       		.uleb128 0x13
 862 0056 3F       		.uleb128 0x3f
 863 0057 19       		.uleb128 0x19
 864 0058 02       		.uleb128 0x2
 865 0059 18       		.uleb128 0x18
 866 005a 00       		.byte	0
 867 005b 00       		.byte	0
 868 005c 09       		.uleb128 0x9
 869 005d 21       		.uleb128 0x21
 870 005e 00       		.byte	0
 871 005f 49       		.uleb128 0x49
 872 0060 13       		.uleb128 0x13
 873 0061 2F       		.uleb128 0x2f
 874 0062 0B       		.uleb128 0xb
 875 0063 00       		.byte	0
 876 0064 00       		.byte	0
 877 0065 00       		.byte	0
 878              		.section	.debug_aranges,"",%progbits
 879 0000 14000000 		.4byte	0x14
 880 0004 0200     		.2byte	0x2
 881 0006 00000000 		.4byte	.Ldebug_info0
 882 000a 04       		.byte	0x4
 883 000b 00       		.byte	0
 884 000c 0000     		.2byte	0
 885 000e 0000     		.2byte	0
 886 0010 00000000 		.4byte	0
 887 0014 00000000 		.4byte	0
 888              		.section	.debug_line,"",%progbits
 889              	.Ldebug_line0:
 890 0000 3D010000 		.section	.debug_str,"MS",%progbits,1
 890      02003701 
 890      00000201 
 890      FB0E0D00 
 890      01010101 
 891              	.LASF9:
 892 0000 5F5F7569 		.ascii	"__uint8_t\000"
 892      6E74385F 
 892      7400
 893              	.LASF19:
 894 000a 433A5C55 		.ascii	"C:\\Users\\Esteban\\OneDrive - Universidad de Antio"
 894      73657273 
 894      5C457374 
 894      6562616E 
 894      5C4F6E65 
 895 003a 71756961 		.ascii	"quia\\SEMESTRE 2023-1\\DISPOSITIVOS PROGRAMABLES\\I"
 895      5C53454D 
 895      45535452 
 895      45203230 
ARM GAS  C:\Users\Esteban\AppData\Local\Temp\ccnwV859.s 			page 17


 895      32332D31 
 896 006a 4E444956 		.ascii	"NDIVIDUAL\\Practica5\\PRACTICA 5.cydsn\000"
 896      49445541 
 896      4C5C5072 
 896      61637469 
 896      6361355C 
 897              	.LASF16:
 898 008f 63795F6D 		.ascii	"cy_metadata\000"
 898      65746164 
 898      61746100 
 899              	.LASF1:
 900 009b 756E7369 		.ascii	"unsigned char\000"
 900      676E6564 
 900      20636861 
 900      7200
 901              	.LASF17:
 902 00a9 474E5520 		.ascii	"GNU C11 5.4.1 20160609 (release) [ARM/embedded-5-br"
 902      43313120 
 902      352E342E 
 902      31203230 
 902      31363036 
 903 00dc 616E6368 		.ascii	"anch revision 237715] -mcpu=cortex-m3 -mthumb -g -O"
 903      20726576 
 903      6973696F 
 903      6E203233 
 903      37373135 
 904 010f 67202D66 		.ascii	"g -ffunction-sections -ffat-lto-objects\000"
 904      66756E63 
 904      74696F6E 
 904      2D736563 
 904      74696F6E 
 905              	.LASF5:
 906 0137 6C6F6E67 		.ascii	"long unsigned int\000"
 906      20756E73 
 906      69676E65 
 906      6420696E 
 906      7400
 907              	.LASF3:
 908 0149 73686F72 		.ascii	"short unsigned int\000"
 908      7420756E 
 908      7369676E 
 908      65642069 
 908      6E7400
 909              	.LASF13:
 910 015c 63795F6D 		.ascii	"cy_meta_custnvl\000"
 910      6574615F 
 910      63757374 
 910      6E766C00 
 911              	.LASF12:
 912 016c 63795F6D 		.ascii	"cy_meta_configecc\000"
 912      6574615F 
 912      636F6E66 
 912      69676563 
 912      6300
 913              	.LASF8:
 914 017e 756E7369 		.ascii	"unsigned int\000"
 914      676E6564 
ARM GAS  C:\Users\Esteban\AppData\Local\Temp\ccnwV859.s 			page 18


 914      20696E74 
 914      00
 915              	.LASF7:
 916 018b 6C6F6E67 		.ascii	"long long unsigned int\000"
 916      206C6F6E 
 916      6720756E 
 916      7369676E 
 916      65642069 
 917              	.LASF10:
 918 01a2 75696E74 		.ascii	"uint8_t\000"
 918      385F7400 
 919              	.LASF15:
 920 01aa 63795F6D 		.ascii	"cy_meta_flashprotect\000"
 920      6574615F 
 920      666C6173 
 920      6870726F 
 920      74656374 
 921              	.LASF14:
 922 01bf 63795F6D 		.ascii	"cy_meta_wonvl\000"
 922      6574615F 
 922      776F6E76 
 922      6C00
 923              	.LASF11:
 924 01cd 73697A65 		.ascii	"sizetype\000"
 924      74797065 
 924      00
 925              	.LASF6:
 926 01d6 6C6F6E67 		.ascii	"long long int\000"
 926      206C6F6E 
 926      6720696E 
 926      7400
 927              	.LASF2:
 928 01e4 73686F72 		.ascii	"short int\000"
 928      7420696E 
 928      7400
 929              	.LASF4:
 930 01ee 6C6F6E67 		.ascii	"long int\000"
 930      20696E74 
 930      00
 931              	.LASF0:
 932 01f7 7369676E 		.ascii	"signed char\000"
 932      65642063 
 932      68617200 
 933              	.LASF18:
 934 0203 47656E65 		.ascii	"Generated_Source\\PSoC5\\cymetadata.c\000"
 934      72617465 
 934      645F536F 
 934      75726365 
 934      5C50536F 
 935              		.ident	"GCC: (GNU Tools for ARM Embedded Processors) 5.4.1 20160609 (release) [ARM/embedded-5-bran
