Loading plugins phase: Elapsed time ==> 0s.214ms
<CYPRESSTAG name="CyDsfit arguments...">
cydsfit arguments: -.fdsnotice -.fdswarpdepfile=warp_dependencies.txt -.fdselabdepfile=elab_dependencies.txt -.fdsbldfile=generated_files.txt -.fdsreffile=referenced_files.txt -p C:\Users\HP SPECTRE\OneDrive - Universidad de Antioquia\Dispositivos\Practica3\Design01.cydsn\Design01.cyprj -d CY8C5888LTI-LP097 -s C:\Users\HP SPECTRE\OneDrive - Universidad de Antioquia\Dispositivos\Practica3\Design01.cydsn\Generated_Source\PSoC5 -- -yv2 -q10 -ygs -o2 -v3 -.fftcfgtype=LE
</CYPRESSTAG>
<CYPRESSTAG name="Design elaboration results...">
</CYPRESSTAG>
Elaboration phase: Elapsed time ==> 1s.390ms
<CYPRESSTAG name="HDL generation results...">
</CYPRESSTAG>
HDL generation phase: Elapsed time ==> 0s.067ms
<CYPRESSTAG name="Synthesis results...">

     | | | | | | |
   _________________
  -|               |-
  -|               |-
  -|               |-
  -|    CYPRESS    |-
  -|               |-
  -|               |-   Warp Verilog Synthesis Compiler: Version 6.3 IR 41
  -|               |-   Copyright (C) 1991-2001 Cypress Semiconductor
   |_______________|
     | | | | | | |

======================================================================
Compiling:  Design01.v
Program  :   C:\Program Files (x86)\Cypress\PSoC Creator\4.4\PSoC Creator\warp\bin\warp.exe
Options  :    -yv2 -q10 -ygs -o2 -v3 -.fftcfgtype=LE -ya -.fftprj=C:\Users\HP SPECTRE\OneDrive - Universidad de Antioquia\Dispositivos\Practica3\Design01.cydsn\Design01.cyprj -dcpsoc3 Design01.v -verilog
======================================================================

======================================================================
Compiling:  Design01.v
Program  :   C:\Program Files (x86)\Cypress\PSoC Creator\4.4\PSoC Creator\warp\bin\warp.exe
Options  :    -yv2 -q10 -ygs -o2 -v3 -.fftcfgtype=LE -ya -.fftprj=C:\Users\HP SPECTRE\OneDrive - Universidad de Antioquia\Dispositivos\Practica3\Design01.cydsn\Design01.cyprj -dcpsoc3 Design01.v -verilog
======================================================================

======================================================================
Compiling:  Design01.v
Program  :   vlogfe
Options  :    -yv2 -q10 -ygs -o2 -v3 -.fftcfgtype=LE -ya -.fftprj=C:\Users\HP SPECTRE\OneDrive - Universidad de Antioquia\Dispositivos\Practica3\Design01.cydsn\Design01.cyprj -dcpsoc3 -verilog Design01.v
======================================================================

vlogfe V6.3 IR 41:  Verilog parser
Tue Mar 14 02:20:40 2023


======================================================================
Compiling:  Design01.v
Program  :   vpp
Options  :    -yv2 -q10 Design01.v
======================================================================

vpp V6.3 IR 41:  Verilog Pre-Processor
Tue Mar 14 02:20:40 2023

Flattening file 'C:\Program Files (x86)\Cypress\PSoC Creator\4.4\PSoC Creator\psoc\content\CyComponentLibrary\CyComponentLibrary.cylib\LUT_v1_60\LUT_v1_60.v'
Flattening file 'C:\Program Files (x86)\Cypress\PSoC Creator\4.4\PSoC Creator\psoc\content\CyPrimitives\cyprimitives.cylib\cydff_v1_30\cydff_v1_30.v'
Flattening file 'C:\Program Files (x86)\Cypress\PSoC Creator\4.4\PSoC Creator\psoc\content\CyPrimitives\cyprimitives.cylib\and_v1_0\and_v1_0.v'
Flattening file 'C:\Program Files (x86)\Cypress\PSoC Creator\4.4\PSoC Creator\psoc\content\CyComponentLibrary\CyComponentLibrary.cylib\Debouncer_v1_0\Debouncer_v1_0.v'
Flattening file 'C:\Program Files (x86)\Cypress\PSoC Creator\4.4\PSoC Creator\warp\lib\common\cypress.v'
Flattening file 'C:\Program Files (x86)\Cypress\PSoC Creator\4.4\PSoC Creator\warp\lib\common\cy_psoc3_inc.v'
Flattening file 'C:\Program Files (x86)\Cypress\PSoC Creator\4.4\PSoC Creator\psoc\content\CyPrimitives\cyprimitives.cylib\or_v1_0\or_v1_0.v'
Flattening file 'C:\Program Files (x86)\Cypress\PSoC Creator\4.4\PSoC Creator\psoc\content\CyPrimitives\cyprimitives.cylib\nand_v1_0\nand_v1_0.v'

vpp:  No errors.

Library 'work' => directory 'lcpsoc3'
General_symbol_table
General_symbol_table
Linking 'C:\Program Files (x86)\Cypress\PSoC Creator\4.4\PSoC Creator\warp\lib\common\std.vhd'.
Linking 'C:\Program Files (x86)\Cypress\PSoC Creator\4.4\PSoC Creator\warp\lib\common\cypress.vhd'.
Linking 'C:\Program Files (x86)\Cypress\PSoC Creator\4.4\PSoC Creator\warp\lib\common\work\cypress.vif'.
Linking 'C:\Program Files (x86)\Cypress\PSoC Creator\4.4\PSoC Creator\warp\lib\ieee\work\stdlogic.vif'.
Linking 'C:\Program Files (x86)\Cypress\PSoC Creator\4.4\PSoC Creator\warp\lib\common\stdlogic\lpmpkg.vif'.
Linking 'C:\Program Files (x86)\Cypress\PSoC Creator\4.4\PSoC Creator\warp\lib\common\stdlogic\rtlpkg.vif'.
Linking 'C:\Program Files (x86)\Cypress\PSoC Creator\4.4\PSoC Creator\warp\lib\common\stdlogic\mod_cnst.vif'.
Linking 'C:\Program Files (x86)\Cypress\PSoC Creator\4.4\PSoC Creator\warp\lib\common\stdlogic\mod_mthv.vif'.
Linking 'C:\Program Files (x86)\Cypress\PSoC Creator\4.4\PSoC Creator\warp\lib\common\stdlogic\mod_genv.vif'.
Using control file 'Design01.ctl'.

vlogfe:  No errors.


======================================================================
Compiling:  Design01.v
Program  :   tovif
Options  :    -yv2 -q10 -ygs -o2 -v3 -.fftcfgtype=LE -ya -.fftprj=C:\Users\HP SPECTRE\OneDrive - Universidad de Antioquia\Dispositivos\Practica3\Design01.cydsn\Design01.cyprj -dcpsoc3 -verilog Design01.v
======================================================================

tovif V6.3 IR 41:  High-level synthesis
Tue Mar 14 02:20:40 2023

Linking 'C:\Program Files (x86)\Cypress\PSoC Creator\4.4\PSoC Creator\warp\lib\common\std.vhd'.
Linking 'C:\Program Files (x86)\Cypress\PSoC Creator\4.4\PSoC Creator\warp\lib\common\cypress.vhd'.
Linking 'C:\Program Files (x86)\Cypress\PSoC Creator\4.4\PSoC Creator\warp\lib\common\work\cypress.vif'.
Linking 'C:\Program Files (x86)\Cypress\PSoC Creator\4.4\PSoC Creator\warp\lib\ieee\work\stdlogic.vif'.
Linking 'C:\Program Files (x86)\Cypress\PSoC Creator\4.4\PSoC Creator\warp\lib\common\stdlogic\lpmpkg.vif'.
Linking 'C:\Program Files (x86)\Cypress\PSoC Creator\4.4\PSoC Creator\warp\lib\common\stdlogic\rtlpkg.vif'.
Linking 'C:\Program Files (x86)\Cypress\PSoC Creator\4.4\PSoC Creator\warp\lib\common\stdlogic\mod_cnst.vif'.
Linking 'C:\Program Files (x86)\Cypress\PSoC Creator\4.4\PSoC Creator\warp\lib\common\stdlogic\mod_mthv.vif'.
Linking 'C:\Program Files (x86)\Cypress\PSoC Creator\4.4\PSoC Creator\warp\lib\common\stdlogic\mod_genv.vif'.
Linking 'C:\Users\HP SPECTRE\OneDrive - Universidad de Antioquia\Dispositivos\Practica3\Design01.cydsn\codegentemp\Design01.ctl'.
Linking 'C:\Program Files (x86)\Cypress\PSoC Creator\4.4\PSoC Creator\psoc\content\CyComponentLibrary\CyComponentLibrary.cylib\LUT_v1_60\LUT_v1_60.v'.
Linking 'C:\Users\HP SPECTRE\OneDrive - Universidad de Antioquia\Dispositivos\Practica3\Design01.cydsn\codegentemp\Design01.v'.
Linking 'C:\Program Files (x86)\Cypress\PSoC Creator\4.4\PSoC Creator\psoc\content\CyPrimitives\cyprimitives.cylib\cydff_v1_30\cydff_v1_30.v'.
Linking 'C:\Program Files (x86)\Cypress\PSoC Creator\4.4\PSoC Creator\psoc\content\CyPrimitives\cyprimitives.cylib\and_v1_0\and_v1_0.v'.
Linking 'C:\Program Files (x86)\Cypress\PSoC Creator\4.4\PSoC Creator\psoc\content\CyComponentLibrary\CyComponentLibrary.cylib\Debouncer_v1_0\Debouncer_v1_0.v'.
Linking 'C:\Program Files (x86)\Cypress\PSoC Creator\4.4\PSoC Creator\warp\lib\common\cypress.v'.
Linking 'C:\Program Files (x86)\Cypress\PSoC Creator\4.4\PSoC Creator\warp\lib\common\cy_psoc3_inc.v'.
Linking 'C:\Program Files (x86)\Cypress\PSoC Creator\4.4\PSoC Creator\psoc\content\CyPrimitives\cyprimitives.cylib\or_v1_0\or_v1_0.v'.
Linking 'C:\Program Files (x86)\Cypress\PSoC Creator\4.4\PSoC Creator\psoc\content\CyPrimitives\cyprimitives.cylib\nand_v1_0\nand_v1_0.v'.

tovif:  No errors.


======================================================================
Compiling:  Design01.v
Program  :   topld
Options  :    -yv2 -q10 -ygs -o2 -v3 -.fftcfgtype=LE -ya -.fftprj=C:\Users\HP SPECTRE\OneDrive - Universidad de Antioquia\Dispositivos\Practica3\Design01.cydsn\Design01.cyprj -dcpsoc3 -verilog Design01.v
======================================================================

topld V6.3 IR 41:  Synthesis and optimization
Tue Mar 14 02:20:40 2023

Linking 'C:\Program Files (x86)\Cypress\PSoC Creator\4.4\PSoC Creator\warp\lib\common\std.vhd'.
Linking 'C:\Program Files (x86)\Cypress\PSoC Creator\4.4\PSoC Creator\warp\lib\common\cypress.vhd'.
Linking 'C:\Program Files (x86)\Cypress\PSoC Creator\4.4\PSoC Creator\warp\lib\common\work\cypress.vif'.
Linking 'C:\Program Files (x86)\Cypress\PSoC Creator\4.4\PSoC Creator\warp\lib\ieee\work\stdlogic.vif'.
Linking 'C:\Program Files (x86)\Cypress\PSoC Creator\4.4\PSoC Creator\warp\lib\common\stdlogic\lpmpkg.vif'.
Linking 'C:\Program Files (x86)\Cypress\PSoC Creator\4.4\PSoC Creator\warp\lib\common\stdlogic\rtlpkg.vif'.
Linking 'C:\Program Files (x86)\Cypress\PSoC Creator\4.4\PSoC Creator\warp\lib\common\stdlogic\mod_cnst.vif'.
Linking 'C:\Program Files (x86)\Cypress\PSoC Creator\4.4\PSoC Creator\warp\lib\common\stdlogic\mod_mthv.vif'.
Linking 'C:\Program Files (x86)\Cypress\PSoC Creator\4.4\PSoC Creator\warp\lib\common\stdlogic\mod_genv.vif'.
Linking 'C:\Users\HP SPECTRE\OneDrive - Universidad de Antioquia\Dispositivos\Practica3\Design01.cydsn\codegentemp\Design01.ctl'.
Linking 'C:\Program Files (x86)\Cypress\PSoC Creator\4.4\PSoC Creator\psoc\content\CyComponentLibrary\CyComponentLibrary.cylib\LUT_v1_60\LUT_v1_60.v'.
Linking 'C:\Users\HP SPECTRE\OneDrive - Universidad de Antioquia\Dispositivos\Practica3\Design01.cydsn\codegentemp\Design01.v'.
Linking 'C:\Program Files (x86)\Cypress\PSoC Creator\4.4\PSoC Creator\psoc\content\CyPrimitives\cyprimitives.cylib\cydff_v1_30\cydff_v1_30.v'.
Linking 'C:\Program Files (x86)\Cypress\PSoC Creator\4.4\PSoC Creator\psoc\content\CyPrimitives\cyprimitives.cylib\and_v1_0\and_v1_0.v'.
Linking 'C:\Program Files (x86)\Cypress\PSoC Creator\4.4\PSoC Creator\psoc\content\CyComponentLibrary\CyComponentLibrary.cylib\Debouncer_v1_0\Debouncer_v1_0.v'.
Linking 'C:\Program Files (x86)\Cypress\PSoC Creator\4.4\PSoC Creator\warp\lib\common\cypress.v'.
Linking 'C:\Program Files (x86)\Cypress\PSoC Creator\4.4\PSoC Creator\warp\lib\common\cy_psoc3_inc.v'.
Linking 'C:\Program Files (x86)\Cypress\PSoC Creator\4.4\PSoC Creator\psoc\content\CyPrimitives\cyprimitives.cylib\or_v1_0\or_v1_0.v'.
Linking 'C:\Program Files (x86)\Cypress\PSoC Creator\4.4\PSoC Creator\psoc\content\CyPrimitives\cyprimitives.cylib\nand_v1_0\nand_v1_0.v'.
Linking 'C:\Program Files (x86)\Cypress\PSoC Creator\4.4\PSoC Creator\warp\lib\lcpsoc3\stdlogic\cpsoc3.vif'.

----------------------------------------------------------
Detecting unused logic.
----------------------------------------------------------



------------------------------------------------------
Alias Detection
------------------------------------------------------
Aliasing one to tmpOE__A_net_0
Aliasing tmpOE__B_net_0 to tmpOE__A_net_0
Aliasing tmpOE__C_net_0 to tmpOE__A_net_0
Aliasing tmpOE__D_net_0 to tmpOE__A_net_0
Aliasing tmpOE__E_net_0 to tmpOE__A_net_0
Aliasing tmpOE__F_net_0 to tmpOE__A_net_0
Aliasing tmpOE__G_net_0 to tmpOE__A_net_0
Aliasing \LEDS:tmp__LEDS_ins_2\ to \SEG7:tmp__SEG7_ins_2\
Aliasing \LEDS:tmp__LEDS_ins_1\ to \SEG7:tmp__SEG7_ins_1\
Aliasing \LEDS:tmp__LEDS_ins_0\ to \SEG7:tmp__SEG7_ins_0\
Aliasing tmpOE__Led_0_net_0 to tmpOE__A_net_0
Aliasing tmpOE__Led_1_net_0 to tmpOE__A_net_0
Aliasing tmpOE__Led_2_net_0 to tmpOE__A_net_0
Aliasing tmpOE__Led_3_net_0 to tmpOE__A_net_0
Aliasing tmpOE__Led_4_net_0 to tmpOE__A_net_0
Aliasing tmpOE__Led_5_net_0 to tmpOE__A_net_0
Aliasing tmpOE__Led_6_net_0 to tmpOE__A_net_0
Aliasing tmpOE__Led_7_net_0 to tmpOE__A_net_0
Aliasing tmpOE__Boton2_net_0 to tmpOE__A_net_0
Aliasing cydff_4S to zero
Aliasing \TAB:tmp__TAB_ins_2\ to \SEG7:tmp__SEG7_ins_2\
Aliasing \TAB:tmp__TAB_ins_1\ to \SEG7:tmp__SEG7_ins_1\
Aliasing \TAB:tmp__TAB_ins_0\ to \SEG7:tmp__SEG7_ins_0\
Aliasing tmpOE__X_net_0 to tmpOE__A_net_0
Aliasing tmpOE__boton1_net_0 to tmpOE__A_net_0
Aliasing tmpOE__RGB_net_0 to tmpOE__A_net_0
Aliasing \RGB_LED:tmp__RGB_LED_ins_2\ to \SEG7:tmp__SEG7_ins_2\
Aliasing \RGB_LED:tmp__RGB_LED_ins_1\ to \SEG7:tmp__SEG7_ins_1\
Aliasing \RGB_LED:tmp__RGB_LED_ins_0\ to \SEG7:tmp__SEG7_ins_0\
Aliasing tmpOE__Buzzer_net_0 to tmpOE__A_net_0
Aliasing \Cambio_de_estado:DEBOUNCER[0]:d_sync_1\\D\ to s
Removing Lhs of wire \SEG7:tmp__SEG7_ins_2\[0] = Q2[1]
Removing Rhs of wire Q2[1] = \TAB:tmp__TAB_reg_2\[151]
Removing Lhs of wire \SEG7:tmp__SEG7_ins_1\[2] = Q1[3]
Removing Rhs of wire Q1[3] = \TAB:tmp__TAB_reg_1\[152]
Removing Lhs of wire \SEG7:tmp__SEG7_ins_0\[4] = Q0[5]
Removing Rhs of wire Q0[5] = \TAB:tmp__TAB_reg_0\[153]
Removing Rhs of wire Net_429[13] = \SEG7:tmp__SEG7_reg_6\[6]
Removing Rhs of wire Net_428[14] = \SEG7:tmp__SEG7_reg_5\[7]
Removing Rhs of wire Net_427[15] = \SEG7:tmp__SEG7_reg_4\[8]
Removing Rhs of wire Net_426[16] = \SEG7:tmp__SEG7_reg_3\[9]
Removing Rhs of wire Net_425[17] = \SEG7:tmp__SEG7_reg_2\[10]
Removing Rhs of wire Net_424[18] = \SEG7:tmp__SEG7_reg_1\[11]
Removing Rhs of wire Net_423[19] = \SEG7:tmp__SEG7_reg_0\[12]
Removing Lhs of wire one[26] = tmpOE__A_net_0[21]
Removing Lhs of wire tmpOE__B_net_0[29] = tmpOE__A_net_0[21]
Removing Lhs of wire tmpOE__C_net_0[35] = tmpOE__A_net_0[21]
Removing Lhs of wire tmpOE__D_net_0[41] = tmpOE__A_net_0[21]
Removing Lhs of wire tmpOE__E_net_0[47] = tmpOE__A_net_0[21]
Removing Lhs of wire tmpOE__F_net_0[53] = tmpOE__A_net_0[21]
Removing Lhs of wire tmpOE__G_net_0[59] = tmpOE__A_net_0[21]
Removing Lhs of wire \LEDS:tmp__LEDS_ins_2\[64] = Q2[1]
Removing Lhs of wire \LEDS:tmp__LEDS_ins_1\[65] = Q1[3]
Removing Lhs of wire \LEDS:tmp__LEDS_ins_0\[66] = Q0[5]
Removing Lhs of wire \LEDS:tmp__LEDS_reg_1\[73] = Q0[5]
Removing Rhs of wire Net_454[75] = \LEDS:tmp__LEDS_reg_7\[67]
Removing Rhs of wire Net_453[76] = \LEDS:tmp__LEDS_reg_6\[68]
Removing Rhs of wire Net_452[77] = \LEDS:tmp__LEDS_reg_5\[69]
Removing Rhs of wire Net_451[78] = \LEDS:tmp__LEDS_reg_4\[70]
Removing Rhs of wire Net_450[79] = \LEDS:tmp__LEDS_reg_3\[71]
Removing Rhs of wire Net_449[80] = \LEDS:tmp__LEDS_reg_2\[72]
Removing Lhs of wire Net_448[81] = Q0[5]
Removing Rhs of wire Net_447[82] = \LEDS:tmp__LEDS_reg_0\[74]
Removing Lhs of wire tmpOE__Led_0_net_0[84] = tmpOE__A_net_0[21]
Removing Lhs of wire tmpOE__Led_1_net_0[90] = tmpOE__A_net_0[21]
Removing Lhs of wire tmpOE__Led_2_net_0[96] = tmpOE__A_net_0[21]
Removing Lhs of wire tmpOE__Led_3_net_0[102] = tmpOE__A_net_0[21]
Removing Lhs of wire tmpOE__Led_4_net_0[108] = tmpOE__A_net_0[21]
Removing Lhs of wire tmpOE__Led_5_net_0[114] = tmpOE__A_net_0[21]
Removing Lhs of wire tmpOE__Led_6_net_0[120] = tmpOE__A_net_0[21]
Removing Lhs of wire tmpOE__Led_7_net_0[126] = tmpOE__A_net_0[21]
Removing Lhs of wire tmpOE__Boton2_net_0[132] = tmpOE__A_net_0[21]
Removing Lhs of wire cydff_4R[141] = Net_107[142]
Removing Lhs of wire cydff_4S[143] = zero[25]
Removing Lhs of wire Net_629[144] = cydff_4[140]
Removing Lhs of wire \TAB:tmp__TAB_ins_3\[145] = Net_9[146]
Removing Lhs of wire \TAB:tmp__TAB_ins_2\[147] = Q2[1]
Removing Lhs of wire \TAB:tmp__TAB_ins_1\[148] = Q1[3]
Removing Lhs of wire \TAB:tmp__TAB_ins_0\[149] = Q0[5]
Removing Rhs of wire s[150] = \Cambio_de_estado:DEBOUNCER[0]:d_sync_0\[161]
Removing Lhs of wire tmpOE__X_net_0[155] = tmpOE__A_net_0[21]
Removing Lhs of wire tmpOE__boton1_net_0[168] = tmpOE__A_net_0[21]
Removing Lhs of wire tmpOE__RGB_net_0[174] = tmpOE__A_net_0[21]
Removing Rhs of wire Net_20[175] = \RGB_LED:tmp__RGB_LED_reg_0\[183]
Removing Lhs of wire \RGB_LED:tmp__RGB_LED_ins_2\[180] = Q2[1]
Removing Lhs of wire \RGB_LED:tmp__RGB_LED_ins_1\[181] = Q1[3]
Removing Lhs of wire \RGB_LED:tmp__RGB_LED_ins_0\[182] = Q0[5]
Removing Lhs of wire tmpOE__Buzzer_net_0[185] = tmpOE__A_net_0[21]
Removing Lhs of wire cydff_4D[190] = Net_56[139]
Removing Lhs of wire \Cambio_de_estado:DEBOUNCER[0]:d_sync_0\\D\[194] = Net_16[162]
Removing Lhs of wire \Cambio_de_estado:DEBOUNCER[0]:d_sync_1\\D\[195] = s[150]

------------------------------------------------------
Aliased 0 equations, 60 wires.
------------------------------------------------------

----------------------------------------------------------
Circuit simplification
----------------------------------------------------------

Substituting virtuals - pass 1:

Note:  Expanding virtual equation for 'Net_111' (cost = 3):
Net_111 <= (not Q0
	OR not Q1
	OR not Q2);


Substituting virtuals - pass 2:


----------------------------------------------------------
Circuit simplification results:

	Expanded 1 signals.
	Turned 0 signals into soft nodes.
	Maximum default expansion cost was set at 3.
----------------------------------------------------------

------------------------------------------------------
Alias Detection
------------------------------------------------------

------------------------------------------------------
Aliased 0 equations, 0 wires.
------------------------------------------------------

Last attempt to remove unused logic - pass 1:


Last attempt to remove unused logic - pass 2:


topld:  No errors.

CYPRESS_DIR    : C:\Program Files (x86)\Cypress\PSoC Creator\4.4\PSoC Creator\warp
Warp Program   : C:\Program Files (x86)\Cypress\PSoC Creator\4.4\PSoC Creator\warp\bin\warp.exe
Warp Arguments : -yv2 -q10 -ygs -o2 -v3 -.fftcfgtype=LE -ya "-.fftprj=C:\Users\HP SPECTRE\OneDrive - Universidad de Antioquia\Dispositivos\Practica3\Design01.cydsn\Design01.cyprj" -dcpsoc3 Design01.v -verilog
</CYPRESSTAG>
Warp synthesis phase: Elapsed time ==> 0s.818ms
<CYPRESSTAG name="Fitter results...">
<CYPRESSTAG name="Fitter startup details...">
cyp3fit: V4.4.0.80, Family: PSoC3, Started at: Tuesday, 14 March 2023 02:20:40
Options: -yv2 -q10 -ygs -o2 -v3 -.fftcfgtype=LE -ya -.fftprj=C:\Users\HP SPECTRE\OneDrive - Universidad de Antioquia\Dispositivos\Practica3\Design01.cydsn\Design01.cyprj -d CY8C5888LTI-LP097 Design01.v -verilog
</CYPRESSTAG>
<CYPRESSTAG name="Design parsing">
Design parsing phase: Elapsed time ==> 0s.020ms
</CYPRESSTAG>
<CYPRESSTAG name="Tech Mapping">
<CYPRESSTAG name="Initial Mapping" icon="FILE_RPT_TECHM">
<CYPRESSTAG name="Global Clock Selection" icon="FILE_RPT_TECHM">
    Digital Clock 0: Automatic-assigning  clock 'Clock_2'. Fanout=1, Signal=Net_472
</CYPRESSTAG>

Removing unused cells resulting from optimization
Done removing unused cells.
<CYPRESSTAG name="UDB Clock/Enable Remapping Results">
    UDB Clk/Enable \Cambio_de_estado:ClkSync\: with output requested to be synchronous
        ClockIn: Clock_2 was determined to be a global clock that is synchronous to BUS_CLK
        EnableIn: Constant 1 was determined to be synchronous to ClockIn
        ClockOut: Clock_2, EnableOut: Constant 1
</CYPRESSTAG>
<CYPRESSTAG name="UDB Routed Clock Assignment">
    Routed Clock: Net_56:macrocell.q
        Effective Clock: Clock_2
        Enable Signal: Net_56:macrocell.q
    Routed Clock: s:macrocell.q
        Effective Clock: Clock_2
        Enable Signal: s:macrocell.q
</CYPRESSTAG>

Removing unused cells resulting from optimization
Done removing unused cells.
<CYPRESSTAG name="Duplicate Macrocell detection">
</CYPRESSTAG>
</CYPRESSTAG>
<CYPRESSTAG name="Duplicate Macrocell detection">
</CYPRESSTAG>
<CYPRESSTAG name="Design Equations" icon="FILE_RPT_EQUATION">

------------------------------------------------------------
Design Equations
------------------------------------------------------------
    <CYPRESSTAG name="Pin listing">

    ------------------------------------------------------------
    Pin listing
    ------------------------------------------------------------

    Pin : Name = A(0)
        Attributes:
            In Group/Port: True
            In Sync Option: AUTO
            Out Sync Option: NOSYNC
            Interrupt generated: False
            Interrupt mode: NONE
            Drive mode: CMOS_OUT
            VTrip: EITHER
            Slew: FAST
            Input Sync needed: False
            Output Sync needed: False
            SC shield enabled: False
            POR State: ANY
            LCD Mode: COMMON
            Register Mode: RegComb
            CaSense Mode: NEITHER
            Treat as pin: True
            Is OE Registered: False
            Uses Analog: False
            Can contain Digital: True
            Is SIO: False
            SIO Output Buf: NONREGULATED
            SIO Input Buf: SINGLE_ENDED
            SIO HiFreq: LOW
            SIO Hyst: DISABLED
            SIO Vtrip: MULTIPLIER_0_5
            SIO Multiplier Index: 0
            SIO RefSel: VCC_IO
            Required Capabilities: DIGITAL, ROUTABLE
            Initial Value: 0
            IO Voltage: 0
        PORT MAP (
            pa_out => A(0)__PA ,
            pin_input => Net_423 ,
            pad => A(0)_PAD );
        Properties:
        {
        }

    Pin : Name = B(0)
        Attributes:
            In Group/Port: True
            In Sync Option: AUTO
            Out Sync Option: NOSYNC
            Interrupt generated: False
            Interrupt mode: NONE
            Drive mode: CMOS_OUT
            VTrip: EITHER
            Slew: FAST
            Input Sync needed: False
            Output Sync needed: False
            SC shield enabled: False
            POR State: ANY
            LCD Mode: COMMON
            Register Mode: RegComb
            CaSense Mode: NEITHER
            Treat as pin: True
            Is OE Registered: False
            Uses Analog: False
            Can contain Digital: True
            Is SIO: False
            SIO Output Buf: NONREGULATED
            SIO Input Buf: SINGLE_ENDED
            SIO HiFreq: LOW
            SIO Hyst: DISABLED
            SIO Vtrip: MULTIPLIER_0_5
            SIO Multiplier Index: 0
            SIO RefSel: VCC_IO
            Required Capabilities: DIGITAL, ROUTABLE
            Initial Value: 0
            IO Voltage: 0
        PORT MAP (
            pa_out => B(0)__PA ,
            pin_input => Net_424 ,
            pad => B(0)_PAD );
        Properties:
        {
        }

    Pin : Name = C(0)
        Attributes:
            In Group/Port: True
            In Sync Option: AUTO
            Out Sync Option: NOSYNC
            Interrupt generated: False
            Interrupt mode: NONE
            Drive mode: CMOS_OUT
            VTrip: EITHER
            Slew: FAST
            Input Sync needed: False
            Output Sync needed: False
            SC shield enabled: False
            POR State: ANY
            LCD Mode: COMMON
            Register Mode: RegComb
            CaSense Mode: NEITHER
            Treat as pin: True
            Is OE Registered: False
            Uses Analog: False
            Can contain Digital: True
            Is SIO: False
            SIO Output Buf: NONREGULATED
            SIO Input Buf: SINGLE_ENDED
            SIO HiFreq: LOW
            SIO Hyst: DISABLED
            SIO Vtrip: MULTIPLIER_0_5
            SIO Multiplier Index: 0
            SIO RefSel: VCC_IO
            Required Capabilities: DIGITAL, ROUTABLE
            Initial Value: 0
            IO Voltage: 0
        PORT MAP (
            pa_out => C(0)__PA ,
            pin_input => Net_425 ,
            pad => C(0)_PAD );
        Properties:
        {
        }

    Pin : Name = D(0)
        Attributes:
            In Group/Port: True
            In Sync Option: AUTO
            Out Sync Option: NOSYNC
            Interrupt generated: False
            Interrupt mode: NONE
            Drive mode: CMOS_OUT
            VTrip: EITHER
            Slew: FAST
            Input Sync needed: False
            Output Sync needed: False
            SC shield enabled: False
            POR State: ANY
            LCD Mode: COMMON
            Register Mode: RegComb
            CaSense Mode: NEITHER
            Treat as pin: True
            Is OE Registered: False
            Uses Analog: False
            Can contain Digital: True
            Is SIO: False
            SIO Output Buf: NONREGULATED
            SIO Input Buf: SINGLE_ENDED
            SIO HiFreq: LOW
            SIO Hyst: DISABLED
            SIO Vtrip: MULTIPLIER_0_5
            SIO Multiplier Index: 0
            SIO RefSel: VCC_IO
            Required Capabilities: DIGITAL, ROUTABLE
            Initial Value: 0
            IO Voltage: 0
        PORT MAP (
            pa_out => D(0)__PA ,
            pin_input => Net_426 ,
            pad => D(0)_PAD );
        Properties:
        {
        }

    Pin : Name = E(0)
        Attributes:
            In Group/Port: True
            In Sync Option: AUTO
            Out Sync Option: NOSYNC
            Interrupt generated: False
            Interrupt mode: NONE
            Drive mode: CMOS_OUT
            VTrip: EITHER
            Slew: FAST
            Input Sync needed: False
            Output Sync needed: False
            SC shield enabled: False
            POR State: ANY
            LCD Mode: COMMON
            Register Mode: RegComb
            CaSense Mode: NEITHER
            Treat as pin: True
            Is OE Registered: False
            Uses Analog: False
            Can contain Digital: True
            Is SIO: False
            SIO Output Buf: NONREGULATED
            SIO Input Buf: SINGLE_ENDED
            SIO HiFreq: LOW
            SIO Hyst: DISABLED
            SIO Vtrip: MULTIPLIER_0_5
            SIO Multiplier Index: 0
            SIO RefSel: VCC_IO
            Required Capabilities: DIGITAL, ROUTABLE
            Initial Value: 0
            IO Voltage: 0
        PORT MAP (
            pa_out => E(0)__PA ,
            pin_input => Net_427 ,
            pad => E(0)_PAD );
        Properties:
        {
        }

    Pin : Name = F(0)
        Attributes:
            In Group/Port: True
            In Sync Option: AUTO
            Out Sync Option: NOSYNC
            Interrupt generated: False
            Interrupt mode: NONE
            Drive mode: CMOS_OUT
            VTrip: EITHER
            Slew: FAST
            Input Sync needed: False
            Output Sync needed: False
            SC shield enabled: False
            POR State: ANY
            LCD Mode: COMMON
            Register Mode: RegComb
            CaSense Mode: NEITHER
            Treat as pin: True
            Is OE Registered: False
            Uses Analog: False
            Can contain Digital: True
            Is SIO: False
            SIO Output Buf: NONREGULATED
            SIO Input Buf: SINGLE_ENDED
            SIO HiFreq: LOW
            SIO Hyst: DISABLED
            SIO Vtrip: MULTIPLIER_0_5
            SIO Multiplier Index: 0
            SIO RefSel: VCC_IO
            Required Capabilities: DIGITAL, ROUTABLE
            Initial Value: 0
            IO Voltage: 0
        PORT MAP (
            pa_out => F(0)__PA ,
            pin_input => Net_428 ,
            pad => F(0)_PAD );
        Properties:
        {
        }

    Pin : Name = G(0)
        Attributes:
            In Group/Port: True
            In Sync Option: AUTO
            Out Sync Option: NOSYNC
            Interrupt generated: False
            Interrupt mode: NONE
            Drive mode: CMOS_OUT
            VTrip: EITHER
            Slew: FAST
            Input Sync needed: False
            Output Sync needed: False
            SC shield enabled: False
            POR State: ANY
            LCD Mode: COMMON
            Register Mode: RegComb
            CaSense Mode: NEITHER
            Treat as pin: True
            Is OE Registered: False
            Uses Analog: False
            Can contain Digital: True
            Is SIO: False
            SIO Output Buf: NONREGULATED
            SIO Input Buf: SINGLE_ENDED
            SIO HiFreq: LOW
            SIO Hyst: DISABLED
            SIO Vtrip: MULTIPLIER_0_5
            SIO Multiplier Index: 0
            SIO RefSel: VCC_IO
            Required Capabilities: DIGITAL, ROUTABLE
            Initial Value: 0
            IO Voltage: 0
        PORT MAP (
            pa_out => G(0)__PA ,
            pin_input => Net_429 ,
            pad => G(0)_PAD );
        Properties:
        {
        }

    Pin : Name = Led_0(0)
        Attributes:
            In Group/Port: True
            In Sync Option: AUTO
            Out Sync Option: NOSYNC
            Interrupt generated: False
            Interrupt mode: NONE
            Drive mode: CMOS_OUT
            VTrip: EITHER
            Slew: FAST
            Input Sync needed: False
            Output Sync needed: False
            SC shield enabled: False
            POR State: ANY
            LCD Mode: COMMON
            Register Mode: RegComb
            CaSense Mode: NEITHER
            Treat as pin: True
            Is OE Registered: False
            Uses Analog: False
            Can contain Digital: True
            Is SIO: False
            SIO Output Buf: NONREGULATED
            SIO Input Buf: SINGLE_ENDED
            SIO HiFreq: LOW
            SIO Hyst: DISABLED
            SIO Vtrip: MULTIPLIER_0_5
            SIO Multiplier Index: 0
            SIO RefSel: VCC_IO
            Required Capabilities: DIGITAL, ROUTABLE
            Initial Value: 0
            IO Voltage: 0
        PORT MAP (
            pa_out => Led_0(0)__PA ,
            pin_input => Net_447 ,
            pad => Led_0(0)_PAD );
        Properties:
        {
        }

    Pin : Name = Led_1(0)
        Attributes:
            In Group/Port: True
            In Sync Option: AUTO
            Out Sync Option: NOSYNC
            Interrupt generated: False
            Interrupt mode: NONE
            Drive mode: CMOS_OUT
            VTrip: EITHER
            Slew: FAST
            Input Sync needed: False
            Output Sync needed: False
            SC shield enabled: False
            POR State: ANY
            LCD Mode: COMMON
            Register Mode: RegComb
            CaSense Mode: NEITHER
            Treat as pin: True
            Is OE Registered: False
            Uses Analog: False
            Can contain Digital: True
            Is SIO: False
            SIO Output Buf: NONREGULATED
            SIO Input Buf: SINGLE_ENDED
            SIO HiFreq: LOW
            SIO Hyst: DISABLED
            SIO Vtrip: MULTIPLIER_0_5
            SIO Multiplier Index: 0
            SIO RefSel: VCC_IO
            Required Capabilities: DIGITAL, ROUTABLE
            Initial Value: 0
            IO Voltage: 0
        PORT MAP (
            pa_out => Led_1(0)__PA ,
            pin_input => Q0 ,
            pad => Led_1(0)_PAD );
        Properties:
        {
        }

    Pin : Name = Led_2(0)
        Attributes:
            In Group/Port: True
            In Sync Option: AUTO
            Out Sync Option: NOSYNC
            Interrupt generated: False
            Interrupt mode: NONE
            Drive mode: CMOS_OUT
            VTrip: EITHER
            Slew: FAST
            Input Sync needed: False
            Output Sync needed: False
            SC shield enabled: False
            POR State: ANY
            LCD Mode: COMMON
            Register Mode: RegComb
            CaSense Mode: NEITHER
            Treat as pin: True
            Is OE Registered: False
            Uses Analog: False
            Can contain Digital: True
            Is SIO: False
            SIO Output Buf: NONREGULATED
            SIO Input Buf: SINGLE_ENDED
            SIO HiFreq: LOW
            SIO Hyst: DISABLED
            SIO Vtrip: MULTIPLIER_0_5
            SIO Multiplier Index: 0
            SIO RefSel: VCC_IO
            Required Capabilities: DIGITAL, ROUTABLE
            Initial Value: 0
            IO Voltage: 0
        PORT MAP (
            pa_out => Led_2(0)__PA ,
            pin_input => Net_449 ,
            pad => Led_2(0)_PAD );
        Properties:
        {
        }

    Pin : Name = Led_3(0)
        Attributes:
            In Group/Port: True
            In Sync Option: AUTO
            Out Sync Option: NOSYNC
            Interrupt generated: False
            Interrupt mode: NONE
            Drive mode: CMOS_OUT
            VTrip: EITHER
            Slew: FAST
            Input Sync needed: False
            Output Sync needed: False
            SC shield enabled: False
            POR State: ANY
            LCD Mode: COMMON
            Register Mode: RegComb
            CaSense Mode: NEITHER
            Treat as pin: True
            Is OE Registered: False
            Uses Analog: False
            Can contain Digital: True
            Is SIO: False
            SIO Output Buf: NONREGULATED
            SIO Input Buf: SINGLE_ENDED
            SIO HiFreq: LOW
            SIO Hyst: DISABLED
            SIO Vtrip: MULTIPLIER_0_5
            SIO Multiplier Index: 0
            SIO RefSel: VCC_IO
            Required Capabilities: DIGITAL, ROUTABLE
            Initial Value: 0
            IO Voltage: 0
        PORT MAP (
            pa_out => Led_3(0)__PA ,
            pin_input => Net_450 ,
            pad => Led_3(0)_PAD );
        Properties:
        {
        }

    Pin : Name = Led_4(0)
        Attributes:
            In Group/Port: True
            In Sync Option: AUTO
            Out Sync Option: NOSYNC
            Interrupt generated: False
            Interrupt mode: NONE
            Drive mode: CMOS_OUT
            VTrip: EITHER
            Slew: FAST
            Input Sync needed: False
            Output Sync needed: False
            SC shield enabled: False
            POR State: ANY
            LCD Mode: COMMON
            Register Mode: RegComb
            CaSense Mode: NEITHER
            Treat as pin: True
            Is OE Registered: False
            Uses Analog: False
            Can contain Digital: True
            Is SIO: False
            SIO Output Buf: NONREGULATED
            SIO Input Buf: SINGLE_ENDED
            SIO HiFreq: LOW
            SIO Hyst: DISABLED
            SIO Vtrip: MULTIPLIER_0_5
            SIO Multiplier Index: 0
            SIO RefSel: VCC_IO
            Required Capabilities: DIGITAL, ROUTABLE
            Initial Value: 0
            IO Voltage: 0
        PORT MAP (
            pa_out => Led_4(0)__PA ,
            pin_input => Net_451 ,
            pad => Led_4(0)_PAD );
        Properties:
        {
        }

    Pin : Name = Led_5(0)
        Attributes:
            In Group/Port: True
            In Sync Option: AUTO
            Out Sync Option: NOSYNC
            Interrupt generated: False
            Interrupt mode: NONE
            Drive mode: CMOS_OUT
            VTrip: EITHER
            Slew: FAST
            Input Sync needed: False
            Output Sync needed: False
            SC shield enabled: False
            POR State: ANY
            LCD Mode: COMMON
            Register Mode: RegComb
            CaSense Mode: NEITHER
            Treat as pin: True
            Is OE Registered: False
            Uses Analog: False
            Can contain Digital: True
            Is SIO: False
            SIO Output Buf: NONREGULATED
            SIO Input Buf: SINGLE_ENDED
            SIO HiFreq: LOW
            SIO Hyst: DISABLED
            SIO Vtrip: MULTIPLIER_0_5
            SIO Multiplier Index: 0
            SIO RefSel: VCC_IO
            Required Capabilities: DIGITAL, ROUTABLE
            Initial Value: 0
            IO Voltage: 0
        PORT MAP (
            pa_out => Led_5(0)__PA ,
            pin_input => Net_452 ,
            pad => Led_5(0)_PAD );
        Properties:
        {
        }

    Pin : Name = Led_6(0)
        Attributes:
            In Group/Port: True
            In Sync Option: AUTO
            Out Sync Option: NOSYNC
            Interrupt generated: False
            Interrupt mode: NONE
            Drive mode: CMOS_OUT
            VTrip: EITHER
            Slew: FAST
            Input Sync needed: False
            Output Sync needed: False
            SC shield enabled: False
            POR State: ANY
            LCD Mode: COMMON
            Register Mode: RegComb
            CaSense Mode: NEITHER
            Treat as pin: True
            Is OE Registered: False
            Uses Analog: False
            Can contain Digital: True
            Is SIO: False
            SIO Output Buf: NONREGULATED
            SIO Input Buf: SINGLE_ENDED
            SIO HiFreq: LOW
            SIO Hyst: DISABLED
            SIO Vtrip: MULTIPLIER_0_5
            SIO Multiplier Index: 0
            SIO RefSel: VCC_IO
            Required Capabilities: DIGITAL, ROUTABLE
            Initial Value: 0
            IO Voltage: 0
        PORT MAP (
            pa_out => Led_6(0)__PA ,
            pin_input => Net_453 ,
            pad => Led_6(0)_PAD );
        Properties:
        {
        }

    Pin : Name = Led_7(0)
        Attributes:
            In Group/Port: True
            In Sync Option: AUTO
            Out Sync Option: NOSYNC
            Interrupt generated: False
            Interrupt mode: NONE
            Drive mode: CMOS_OUT
            VTrip: EITHER
            Slew: FAST
            Input Sync needed: False
            Output Sync needed: False
            SC shield enabled: False
            POR State: ANY
            LCD Mode: COMMON
            Register Mode: RegComb
            CaSense Mode: NEITHER
            Treat as pin: True
            Is OE Registered: False
            Uses Analog: False
            Can contain Digital: True
            Is SIO: False
            SIO Output Buf: NONREGULATED
            SIO Input Buf: SINGLE_ENDED
            SIO HiFreq: LOW
            SIO Hyst: DISABLED
            SIO Vtrip: MULTIPLIER_0_5
            SIO Multiplier Index: 0
            SIO RefSel: VCC_IO
            Required Capabilities: DIGITAL, ROUTABLE
            Initial Value: 0
            IO Voltage: 0
        PORT MAP (
            pa_out => Led_7(0)__PA ,
            pin_input => Net_454 ,
            pad => Led_7(0)_PAD );
        Properties:
        {
        }

    Pin : Name = Boton2(0)
        Attributes:
            In Group/Port: True
            In Sync Option: NOSYNC
            Out Sync Option: AUTO
            Interrupt generated: False
            Interrupt mode: NONE
            Drive mode: HI_Z_DIGITAL
            VTrip: CMOS
            Slew: FAST
            Input Sync needed: False
            Output Sync needed: False
            SC shield enabled: False
            POR State: ANY
            LCD Mode: COMMON
            Register Mode: RegComb
            CaSense Mode: NEITHER
            Treat as pin: True
            Is OE Registered: False
            Uses Analog: False
            Can contain Digital: True
            Is SIO: False
            SIO Output Buf: NONREGULATED
            SIO Input Buf: SINGLE_ENDED
            SIO HiFreq: LOW
            SIO Hyst: DISABLED
            SIO Vtrip: MULTIPLIER_0_5
            SIO Multiplier Index: 0
            SIO RefSel: VCC_IO
            Required Capabilities: DIGITAL, ROUTABLE
            Initial Value: 0
            IO Voltage: 0
        PORT MAP (
            pa_out => Boton2(0)__PA ,
            fb => Net_112 ,
            pad => Boton2(0)_PAD );
        Properties:
        {
        }

    Pin : Name = X(0)
        Attributes:
            In Group/Port: True
            In Sync Option: NOSYNC
            Out Sync Option: AUTO
            Interrupt generated: False
            Interrupt mode: NONE
            Drive mode: HI_Z_DIGITAL
            VTrip: CMOS
            Slew: FAST
            Input Sync needed: False
            Output Sync needed: False
            SC shield enabled: False
            POR State: ANY
            LCD Mode: COMMON
            Register Mode: RegComb
            CaSense Mode: NEITHER
            Treat as pin: True
            Is OE Registered: False
            Uses Analog: False
            Can contain Digital: True
            Is SIO: False
            SIO Output Buf: NONREGULATED
            SIO Input Buf: SINGLE_ENDED
            SIO HiFreq: LOW
            SIO Hyst: DISABLED
            SIO Vtrip: MULTIPLIER_0_5
            SIO Multiplier Index: 0
            SIO RefSel: VCC_IO
            Required Capabilities: DIGITAL, ROUTABLE
            Initial Value: 0
            IO Voltage: 0
        PORT MAP (
            pa_out => X(0)__PA ,
            fb => Net_9 ,
            pad => X(0)_PAD );
        Properties:
        {
        }

    Pin : Name = boton1(0)
        Attributes:
            In Group/Port: True
            In Sync Option: NOSYNC
            Out Sync Option: AUTO
            Interrupt generated: False
            Interrupt mode: NONE
            Drive mode: HI_Z_DIGITAL
            VTrip: CMOS
            Slew: FAST
            Input Sync needed: False
            Output Sync needed: False
            SC shield enabled: False
            POR State: ANY
            LCD Mode: COMMON
            Register Mode: RegComb
            CaSense Mode: NEITHER
            Treat as pin: True
            Is OE Registered: False
            Uses Analog: False
            Can contain Digital: True
            Is SIO: False
            SIO Output Buf: NONREGULATED
            SIO Input Buf: SINGLE_ENDED
            SIO HiFreq: LOW
            SIO Hyst: DISABLED
            SIO Vtrip: MULTIPLIER_0_5
            SIO Multiplier Index: 0
            SIO RefSel: VCC_IO
            Required Capabilities: DIGITAL, ROUTABLE
            Initial Value: 0
            IO Voltage: 0
        PORT MAP (
            pa_out => boton1(0)__PA ,
            fb => Net_16 ,
            pad => boton1(0)_PAD );
        Properties:
        {
        }

    Pin : Name = RGB(0)
        Attributes:
            In Group/Port: True
            In Sync Option: AUTO
            Out Sync Option: NOSYNC
            Interrupt generated: False
            Interrupt mode: NONE
            Drive mode: CMOS_OUT
            VTrip: EITHER
            Slew: FAST
            Input Sync needed: False
            Output Sync needed: False
            SC shield enabled: False
            POR State: ANY
            LCD Mode: COMMON
            Register Mode: RegComb
            CaSense Mode: NEITHER
            Treat as pin: True
            Is OE Registered: False
            Uses Analog: False
            Can contain Digital: True
            Is SIO: False
            SIO Output Buf: NONREGULATED
            SIO Input Buf: SINGLE_ENDED
            SIO HiFreq: LOW
            SIO Hyst: DISABLED
            SIO Vtrip: MULTIPLIER_0_5
            SIO Multiplier Index: 0
            SIO RefSel: VCC_IO
            Required Capabilities: DIGITAL, ROUTABLE
            Initial Value: 0
            IO Voltage: 0
        PORT MAP (
            pa_out => RGB(0)__PA ,
            pin_input => Net_20 ,
            pad => RGB(0)_PAD );
        Properties:
        {
        }

    Pin : Name = Buzzer(0)
        Attributes:
            In Group/Port: True
            In Sync Option: AUTO
            Out Sync Option: NOSYNC
            Interrupt generated: False
            Interrupt mode: NONE
            Drive mode: CMOS_OUT
            VTrip: EITHER
            Slew: FAST
            Input Sync needed: False
            Output Sync needed: False
            SC shield enabled: False
            POR State: ANY
            LCD Mode: COMMON
            Register Mode: RegComb
            CaSense Mode: NEITHER
            Treat as pin: True
            Is OE Registered: False
            Uses Analog: False
            Can contain Digital: True
            Is SIO: False
            SIO Output Buf: NONREGULATED
            SIO Input Buf: SINGLE_ENDED
            SIO HiFreq: LOW
            SIO Hyst: DISABLED
            SIO Vtrip: MULTIPLIER_0_5
            SIO Multiplier Index: 0
            SIO RefSel: VCC_IO
            Required Capabilities: DIGITAL, ROUTABLE
            Initial Value: 0
            IO Voltage: 0
        PORT MAP (
            pa_out => Buzzer(0)__PA ,
            pin_input => cydff_4 ,
            pad => Buzzer(0)_PAD );
        Properties:
        {
        }
    </CYPRESSTAG>
    <CYPRESSTAG name="Macrocell listing" icon="FILE_RPT_EQUATION">

    ------------------------------------------------------------
    Macrocell listing
    ------------------------------------------------------------

    MacroCell: Name=Net_429, Mode=(Combinatorial)
        Total # of inputs        : 3
        Total # of product terms : 2
            Clock Enable: True
        Main Equation            : 2 pterms
        (
              Q2 * !Q1
            + Q1 * Q0
        );
        Output = Net_429 (fanout=1)

    MacroCell: Name=Net_428, Mode=(Combinatorial)
        Total # of inputs        : 3
        Total # of product terms : 3
            Clock Enable: True
        Main Equation            : 3 pterms
        (
              !Q2 * !Q1
            + !Q2 * !Q0
            + !Q1 * !Q0
        );
        Output = Net_428 (fanout=1)

    MacroCell: Name=Net_427, Mode=(Combinatorial)
        Total # of inputs        : 2
        Total # of product terms : 1
            Clock Enable: True
        Main Equation            : 1 pterm
        !(
              !Q2 * Q0
        );
        Output = Net_427 (fanout=1)

    MacroCell: Name=Net_426, Mode=(Combinatorial)
        Total # of inputs        : 3
        Total # of product terms : 2
            Clock Enable: True
        Main Equation            : 2 pterms
        (
              !Q2 * Q0
            + Q1 * !Q0
        );
        Output = Net_426 (fanout=1)

    MacroCell: Name=Net_425, Mode=(Combinatorial)
        Total # of inputs        : 2
        Total # of product terms : 1
            Clock Enable: True
        Main Equation            : 1 pterm
        (
              Q1 * !Q0
        );
        Output = Net_425 (fanout=1)

    MacroCell: Name=Net_424, Mode=(Combinatorial)
        Total # of inputs        : 3
        Total # of product terms : 3
            Clock Enable: True
        Main Equation            : 3 pterms
        !(
              !Q2 * !Q1 * !Q0
            + !Q2 * Q1 * Q0
            + Q2 * !Q1 * Q0
        );
        Output = Net_424 (fanout=1)

    MacroCell: Name=Net_423, Mode=(Combinatorial)
        Total # of inputs        : 3
        Total # of product terms : 3
            Clock Enable: True
        Main Equation            : 3 pterms
        (
              !Q2 * !Q1
            + !Q2 * Q0
            + Q2 * Q1 * !Q0
        );
        Output = Net_423 (fanout=1)

    MacroCell: Name=Net_454, Mode=(Combinatorial)
        Total # of inputs        : 3
        Total # of product terms : 2
            Clock Enable: True
        Main Equation            : 2 pterms
        (
              !Q2 * !Q1 * !Q0
            + Q1 * Q0
        );
        Output = Net_454 (fanout=1)

    MacroCell: Name=Net_453, Mode=(Combinatorial)
        Total # of inputs        : 3
        Total # of product terms : 2
            Clock Enable: True
        Main Equation            : 2 pterms
        (
              Q2 * Q1
            + Q0
        );
        Output = Net_453 (fanout=1)

    MacroCell: Name=Net_452, Mode=(Combinatorial)
        Total # of inputs        : 3
        Total # of product terms : 2
            Clock Enable: True
        Main Equation            : 2 pterms
        (
              !Q2 * Q1
            + Q2 * Q0
        );
        Output = Net_452 (fanout=1)

    MacroCell: Name=Net_451, Mode=(Combinatorial)
        Total # of inputs        : 3
        Total # of product terms : 2
            Clock Enable: True
        Main Equation            : 2 pterms
        (
              Q2 * Q1
            + Q2 * !Q0
        );
        Output = Net_451 (fanout=1)

    MacroCell: Name=Net_450, Mode=(Combinatorial)
        Total # of inputs        : 3
        Total # of product terms : 2
            Clock Enable: True
        Main Equation            : 2 pterms
        (
              Q2 * !Q1 * !Q0
            + Q2 * Q1 * Q0
        );
        Output = Net_450 (fanout=1)

    MacroCell: Name=Net_449, Mode=(Combinatorial)
        Total # of inputs        : 3
        Total # of product terms : 2
            Clock Enable: True
        Main Equation            : 2 pterms
        (
              Q2 * Q0
            + Q1
        );
        Output = Net_449 (fanout=1)

    MacroCell: Name=Net_447, Mode=(Combinatorial)
        Total # of inputs        : 3
        Total # of product terms : 3
            Clock Enable: True
        Main Equation            : 3 pterms
        (
              !Q2 * !Q1 * !Q0
            + Q2 * Q1
            + Q1 * Q0
        );
        Output = Net_447 (fanout=1)

    MacroCell: Name=Net_56, Mode=(Combinatorial)
        Total # of inputs        : 3
        Total # of product terms : 1
            Clock Enable: True
        Main Equation            : 1 pterm
        (
              Q2 * Q1 * Q0
        );
        Output = Net_56 (fanout=1)

    MacroCell: Name=Net_107, Mode=(Combinatorial)
        Total # of inputs        : 4
        Total # of product terms : 1
            Clock Enable: True
        Main Equation            : 1 pterm
        !(
              Q2 * Q1 * Q0 * !Net_112
        );
        Output = Net_107 (fanout=1)

    MacroCell: Name=Net_20, Mode=(Combinatorial)
        Total # of inputs        : 3
        Total # of product terms : 3
            Clock Enable: True
        Main Equation            : 3 pterms
        (
              !Q2 * Q1 * Q0
            + Q2 * !Q1
            + Q2 * !Q0
        );
        Output = Net_20 (fanout=1)

    MacroCell: Name=cydff_4, Mode=(D-Register)
        Total # of inputs        : 3
        Total # of product terms : 1
        List of special equations: 
            Clock  = (Net_472) => Global
            Reset  = (Net_107)
            Clock Enable: PosEdge(Net_56)
        Main Equation            : 1 pterm
        (
              Q2 * Q1 * Q0
        );
        Output = cydff_4 (fanout=1)

    MacroCell: Name=Q2, Mode=(T-Register)
        Total # of inputs        : 4
        Total # of product terms : 3
        List of special equations: 
            Clock  = (Net_472) => Global
            Clock Enable: PosEdge(s)
        Main Equation            : 3 pterms
        (
              Q2 * !Q1 * !Q0 * !Net_9
            + Q2 * Q1 * Net_9
            + Q1 * Q0 * !Net_9
        );
        Output = Q2 (fanout=20)

    MacroCell: Name=Q1, Mode=(D-Register)
        Total # of inputs        : 4
        Total # of product terms : 4
        List of special equations: 
            Clock  = (Net_472) => Global
            Clock Enable: PosEdge(s)
        Main Equation            : 4 pterms
        (
              !Q2 * !Q1 * Q0 * !Net_9
            + !Q2 * Q1 * !Q0 * Net_9
            + Q2 * Q1 * !Q0 * !Net_9
            + Q2 * Q0 * Net_9
        );
        Output = Q1 (fanout=20)

    MacroCell: Name=Q0, Mode=(D-Register)
        Total # of inputs        : 4
        Total # of product terms : 4
        List of special equations: 
            Clock  = (Net_472) => Global
            Clock Enable: PosEdge(s)
        Main Equation            : 4 pterms
        (
              !Q2 * Net_9
            + Q2 * Q1 * !Q0
            + Q1 * Net_9
            + !Q0 * Net_9
        );
        Output = Q0 (fanout=22)

    MacroCell: Name=s, Mode=(D-Register)
        Total # of inputs        : 1
        Total # of product terms : 1
        List of special equations: 
            Clock  = (Net_472) => Global
            Clock Enable: True
        Main Equation            : 1 pterm
        (
              Net_16
        );
        Output = s (fanout=3)
    </CYPRESSTAG>
    <CYPRESSTAG name="Datapath listing">
    </CYPRESSTAG>
    <CYPRESSTAG name="Status register listing">
    </CYPRESSTAG>
    <CYPRESSTAG name="StatusI register listing">
    </CYPRESSTAG>
    <CYPRESSTAG name="Sync listing">
    </CYPRESSTAG>
    <CYPRESSTAG name="Control register listing">
    </CYPRESSTAG>
    <CYPRESSTAG name="Count7 listing">
    </CYPRESSTAG>
    <CYPRESSTAG name="DRQ listing">
    </CYPRESSTAG>
    <CYPRESSTAG name="Interrupt listing">
    </CYPRESSTAG>
</CYPRESSTAG>
<CYPRESSTAG name="Technology mapping summary" expanded>

------------------------------------------------------------
Technology mapping summary
------------------------------------------------------------

Resource Type                 : Used : Free :  Max :  % Used
============================================================
Digital Clocks                :    1 :    7 :    8 : 12.50 %
Analog Clocks                 :    0 :    4 :    4 :  0.00 %
CapSense Buffers              :    0 :    2 :    2 :  0.00 %
Digital Filter Block          :    0 :    1 :    1 :  0.00 %
Interrupts                    :    0 :   32 :   32 :  0.00 %
IO                            :   23 :   25 :   48 : 47.92 %
Segment LCD                   :    0 :    1 :    1 :  0.00 %
CAN 2.0b                      :    0 :    1 :    1 :  0.00 %
I2C                           :    0 :    1 :    1 :  0.00 %
USB                           :    0 :    1 :    1 :  0.00 %
DMA Channels                  :    0 :   24 :   24 :  0.00 %
Timer                         :    0 :    4 :    4 :  0.00 %
UDB                           :      :      :      :        
  Macrocells                  :   22 :  170 :  192 : 11.46 %
  Unique P-terms              :   31 :  353 :  384 :  8.07 %
  Total P-terms               :   48 :      :      :        
  Datapath Cells              :    0 :   24 :   24 :  0.00 %
  Status Cells                :    0 :   24 :   24 :  0.00 %
  Control Cells               :    0 :   24 :   24 :  0.00 %
Opamp                         :    0 :    4 :    4 :  0.00 %
Comparator                    :    0 :    4 :    4 :  0.00 %
Delta-Sigma ADC               :    0 :    1 :    1 :  0.00 %
LPF                           :    0 :    2 :    2 :  0.00 %
SAR ADC                       :    0 :    2 :    2 :  0.00 %
Analog (SC/CT) Blocks         :    0 :    4 :    4 :  0.00 %
DAC                           :      :      :      :        
  VIDAC                       :    0 :    4 :    4 :  0.00 %
</CYPRESSTAG>
Technology Mapping: Elapsed time ==> 0s.136ms
Tech Mapping phase: Elapsed time ==> 0s.293ms
</CYPRESSTAG>
<CYPRESSTAG name="Analog Placement">
Initial Analog Placement Results:
IO_0@[IOP=(0)][IoId=(0)] : A(0) (fixed)
IO_1@[IOP=(0)][IoId=(1)] : B(0) (fixed)
IO_4@[IOP=(15)][IoId=(4)] : Boton2(0) (fixed)
IO_7@[IOP=(0)][IoId=(7)] : Buzzer(0) (fixed)
IO_2@[IOP=(0)][IoId=(2)] : C(0) (fixed)
IO_3@[IOP=(0)][IoId=(3)] : D(0) (fixed)
IO_4@[IOP=(0)][IoId=(4)] : E(0) (fixed)
IO_5@[IOP=(0)][IoId=(5)] : F(0) (fixed)
IO_6@[IOP=(0)][IoId=(6)] : G(0) (fixed)
IO_7@[IOP=(12)][IoId=(7)] : Led_0(0) (fixed)
IO_6@[IOP=(12)][IoId=(6)] : Led_1(0) (fixed)
IO_5@[IOP=(12)][IoId=(5)] : Led_2(0) (fixed)
IO_4@[IOP=(12)][IoId=(4)] : Led_3(0) (fixed)
IO_3@[IOP=(12)][IoId=(3)] : Led_4(0) (fixed)
IO_2@[IOP=(12)][IoId=(2)] : Led_5(0) (fixed)
IO_1@[IOP=(12)][IoId=(1)] : Led_6(0) (fixed)
IO_0@[IOP=(12)][IoId=(0)] : Led_7(0) (fixed)
IO_2@[IOP=(15)][IoId=(2)] : RGB(0) (fixed)
IO_0@[IOP=(2)][IoId=(0)] : X(0) (fixed)
IO_7@[IOP=(3)][IoId=(7)] : boton1(0) (fixed)
Analog Placement phase: Elapsed time ==> 0s.032ms
</CYPRESSTAG>
<CYPRESSTAG name="Analog Routing">
Analog Routing phase: Elapsed time ==> 0s.000ms
</CYPRESSTAG>
<CYPRESSTAG name="Analog Code Generation">
============ Analog Final Answer Routes ============
Dump of CyAnalogRoutingResultsDB
Map of net to items {
}
Map of item to net {
}
Mux Info {
}
Dump of CyP35AnalogRoutingResultsDB
IsVddaHalfUsedForComp = False
IsVddaHalfUsedForSar0 = False
IsVddaHalfUsedForSar1 = False
Analog Code Generation phase: Elapsed time ==> 0s.339ms
</CYPRESSTAG>
<CYPRESSTAG name="Digital Placement">
<CYPRESSTAG name="Detailed placement messages">
I2076: Total run-time: 0.9 sec.

</CYPRESSTAG>
<CYPRESSTAG name="PLD Packing">
<CYPRESSTAG name="PLD Packing Summary" expanded>

------------------------------------------------------------
PLD Packing Summary
------------------------------------------------------------
            Resource Type : Used : Free :  Max :  % Used
    ====================================================
                     PLDs :    9 :   39 :   48 :  18.75%

<CYPRESSTAG name="PLD Statistics">

        PLD Resource Type :     Average/LAB
    =======================================
                   Inputs :            3.11
                   Pterms :            5.00
               Macrocells :            2.44
</CYPRESSTAG>
<CYPRESSTAG name="Packed PLD Contents">
Packed PLD Contents not displayed at this verbose level.</CYPRESSTAG>
</CYPRESSTAG>
PLD Packing: Elapsed time ==> 0s.000ms
</CYPRESSTAG>
<CYPRESSTAG name="Partitioning">
<CYPRESSTAG name="Initial Partitioning Summary">
Initial Partitioning Summary not displayed at this verbose level.</CYPRESSTAG>
<CYPRESSTAG name="Final Partitioning Summary">
Final Partitioning Summary not displayed at this verbose level.</CYPRESSTAG>
Partitioning: Elapsed time ==> 0s.023ms
</CYPRESSTAG>
<CYPRESSTAG name="Final Placement Summary">

------------------------------------------------------------
Final Placement Summary
------------------------------------------------------------

       Resource Type :      Count : Avg Inputs : Avg Outputs
    ========================================================
                 UDB :          5 :       3.00 :       4.40
<CYPRESSTAG name="Final Placement Details">
<CYPRESSTAG name="Component Details">

------------------------------------------------------------
Component Placement Details
------------------------------------------------------------
UDB [UDB=(0,0)] is empty.
UDB [UDB=(0,1)] is empty.
UDB [UDB=(0,2)] is empty.
UDB [UDB=(0,3)] is empty.
UDB [UDB=(0,4)] is empty.
UDB [UDB=(0,5)] is empty.
UDB [UDB=(1,0)] is empty.
UDB [UDB=(1,1)] is empty.
UDB [UDB=(1,2)] is empty.
UDB [UDB=(1,3)] is empty.
UDB [UDB=(1,4)] is empty.
UDB [UDB=(1,5)] is empty.
UDB [UDB=(2,0)] is empty.
UDB [UDB=(2,1)] is empty.
UDB [UDB=(2,2)] contents:
LAB@[UDB=(2,2)][LB=0] #macrocells=3, #inputs=4, #pterms=8
{
    [McSlotId=0]:     MacroCell: Name=Q1, Mode=(D-Register) @ [UDB=(2,2)][LB=0][MC=0]
        Total # of inputs        : 4
        Total # of product terms : 4
        List of special equations: 
            Clock  = (Net_472) => Global
            Clock Enable: PosEdge(s)
        Main Equation            : 4 pterms
        (
              !Q2 * !Q1 * Q0 * !Net_9
            + !Q2 * Q1 * !Q0 * Net_9
            + Q2 * Q1 * !Q0 * !Net_9
            + Q2 * Q0 * Net_9
        );
        Output = Q1 (fanout=20)
        Properties               : 
        {
        }

    [McSlotId=1]:     MacroCell: Name=Net_56, Mode=(Combinatorial) @ [UDB=(2,2)][LB=0][MC=1]
        Total # of inputs        : 3
        Total # of product terms : 1
            Clock Enable: True
        Main Equation            : 1 pterm
        (
              Q2 * Q1 * Q0
        );
        Output = Net_56 (fanout=1)
        Properties               : 
        {
        }

    [McSlotId=2]:     MacroCell: Name=Q2, Mode=(T-Register) @ [UDB=(2,2)][LB=0][MC=2]
        Total # of inputs        : 4
        Total # of product terms : 3
        List of special equations: 
            Clock  = (Net_472) => Global
            Clock Enable: PosEdge(s)
        Main Equation            : 3 pterms
        (
              Q2 * !Q1 * !Q0 * !Net_9
            + Q2 * Q1 * Net_9
            + Q1 * Q0 * !Net_9
        );
        Output = Q2 (fanout=20)
        Properties               : 
        {
        }

    [McSlotId=3]: (empty)
}

LAB@[UDB=(2,2)][LB=1] #macrocells=2, #inputs=5, #pterms=5
{
    [McSlotId=0]:     MacroCell: Name=Q0, Mode=(D-Register) @ [UDB=(2,2)][LB=1][MC=0]
        Total # of inputs        : 4
        Total # of product terms : 4
        List of special equations: 
            Clock  = (Net_472) => Global
            Clock Enable: PosEdge(s)
        Main Equation            : 4 pterms
        (
              !Q2 * Net_9
            + Q2 * Q1 * !Q0
            + Q1 * Net_9
            + !Q0 * Net_9
        );
        Output = Q0 (fanout=22)
        Properties               : 
        {
        }

    [McSlotId=1]:     MacroCell: Name=Net_107, Mode=(Combinatorial) @ [UDB=(2,2)][LB=1][MC=1]
        Total # of inputs        : 4
        Total # of product terms : 1
            Clock Enable: True
        Main Equation            : 1 pterm
        !(
              Q2 * Q1 * Q0 * !Net_112
        );
        Output = Net_107 (fanout=1)
        Properties               : 
        {
        }

    [McSlotId=2]: (empty)
    [McSlotId=3]: (empty)
}

UDB [UDB=(2,3)] is empty.
UDB [UDB=(2,4)] contents:
LAB@[UDB=(2,4)][LB=0] #macrocells=1, #inputs=3, #pterms=3
{
    [McSlotId=0]: (empty)
    [McSlotId=1]: (empty)
    [McSlotId=2]:     MacroCell: Name=Net_428, Mode=(Combinatorial) @ [UDB=(2,4)][LB=0][MC=2]
        Total # of inputs        : 3
        Total # of product terms : 3
            Clock Enable: True
        Main Equation            : 3 pterms
        (
              !Q2 * !Q1
            + !Q2 * !Q0
            + !Q1 * !Q0
        );
        Output = Net_428 (fanout=1)
        Properties               : 
        {
        }

    [McSlotId=3]: (empty)
}

LAB@[UDB=(2,4)][LB=1] #macrocells=2, #inputs=3, #pterms=4
{
    [McSlotId=0]:     MacroCell: Name=Net_450, Mode=(Combinatorial) @ [UDB=(2,4)][LB=1][MC=0]
        Total # of inputs        : 3
        Total # of product terms : 2
            Clock Enable: True
        Main Equation            : 2 pterms
        (
              Q2 * !Q1 * !Q0
            + Q2 * Q1 * Q0
        );
        Output = Net_450 (fanout=1)
        Properties               : 
        {
        }

    [McSlotId=1]:     MacroCell: Name=Net_449, Mode=(Combinatorial) @ [UDB=(2,4)][LB=1][MC=1]
        Total # of inputs        : 3
        Total # of product terms : 2
            Clock Enable: True
        Main Equation            : 2 pterms
        (
              Q2 * Q0
            + Q1
        );
        Output = Net_449 (fanout=1)
        Properties               : 
        {
        }

    [McSlotId=2]: (empty)
    [McSlotId=3]: (empty)
}

UDB [UDB=(2,5)] is empty.
UDB [UDB=(3,0)] is empty.
UDB [UDB=(3,1)] is empty.
UDB [UDB=(3,2)] contents:
LAB@[UDB=(3,2)][LB=0] #macrocells=1, #inputs=1, #pterms=1
{
    [McSlotId=0]:     MacroCell: Name=s, Mode=(D-Register) @ [UDB=(3,2)][LB=0][MC=0]
        Total # of inputs        : 1
        Total # of product terms : 1
        List of special equations: 
            Clock  = (Net_472) => Global
            Clock Enable: True
        Main Equation            : 1 pterm
        (
              Net_16
        );
        Output = s (fanout=3)
        Properties               : 
        {
        }

    [McSlotId=1]: (empty)
    [McSlotId=2]: (empty)
    [McSlotId=3]: (empty)
}

UDB [UDB=(3,3)] contents:
LAB@[UDB=(3,3)][LB=0] #macrocells=4, #inputs=3, #pterms=8
{
    [McSlotId=0]:     MacroCell: Name=cydff_4, Mode=(D-Register) @ [UDB=(3,3)][LB=0][MC=0]
        Total # of inputs        : 3
        Total # of product terms : 1
        List of special equations: 
            Clock  = (Net_472) => Global
            Reset  = (Net_107)
            Clock Enable: PosEdge(Net_56)
        Main Equation            : 1 pterm
        (
              Q2 * Q1 * Q0
        );
        Output = cydff_4 (fanout=1)
        Properties               : 
        {
        }

    [McSlotId=1]:     MacroCell: Name=Net_423, Mode=(Combinatorial) @ [UDB=(3,3)][LB=0][MC=1]
        Total # of inputs        : 3
        Total # of product terms : 3
            Clock Enable: True
        Main Equation            : 3 pterms
        (
              !Q2 * !Q1
            + !Q2 * Q0
            + Q2 * Q1 * !Q0
        );
        Output = Net_423 (fanout=1)
        Properties               : 
        {
        }

    [McSlotId=2]:     MacroCell: Name=Net_453, Mode=(Combinatorial) @ [UDB=(3,3)][LB=0][MC=2]
        Total # of inputs        : 3
        Total # of product terms : 2
            Clock Enable: True
        Main Equation            : 2 pterms
        (
              Q2 * Q1
            + Q0
        );
        Output = Net_453 (fanout=1)
        Properties               : 
        {
        }

    [McSlotId=3]:     MacroCell: Name=Net_454, Mode=(Combinatorial) @ [UDB=(3,3)][LB=0][MC=3]
        Total # of inputs        : 3
        Total # of product terms : 2
            Clock Enable: True
        Main Equation            : 2 pterms
        (
              !Q2 * !Q1 * !Q0
            + Q1 * Q0
        );
        Output = Net_454 (fanout=1)
        Properties               : 
        {
        }
}

LAB@[UDB=(3,3)][LB=1] #macrocells=4, #inputs=3, #pterms=8
{
    [McSlotId=0]:     MacroCell: Name=Net_451, Mode=(Combinatorial) @ [UDB=(3,3)][LB=1][MC=0]
        Total # of inputs        : 3
        Total # of product terms : 2
            Clock Enable: True
        Main Equation            : 2 pterms
        (
              Q2 * Q1
            + Q2 * !Q0
        );
        Output = Net_451 (fanout=1)
        Properties               : 
        {
        }

    [McSlotId=1]:     MacroCell: Name=Net_20, Mode=(Combinatorial) @ [UDB=(3,3)][LB=1][MC=1]
        Total # of inputs        : 3
        Total # of product terms : 3
            Clock Enable: True
        Main Equation            : 3 pterms
        (
              !Q2 * Q1 * Q0
            + Q2 * !Q1
            + Q2 * !Q0
        );
        Output = Net_20 (fanout=1)
        Properties               : 
        {
        }

    [McSlotId=2]:     MacroCell: Name=Net_447, Mode=(Combinatorial) @ [UDB=(3,3)][LB=1][MC=2]
        Total # of inputs        : 3
        Total # of product terms : 3
            Clock Enable: True
        Main Equation            : 3 pterms
        (
              !Q2 * !Q1 * !Q0
            + Q2 * Q1
            + Q1 * Q0
        );
        Output = Net_447 (fanout=1)
        Properties               : 
        {
        }

    [McSlotId=3]:     MacroCell: Name=Net_452, Mode=(Combinatorial) @ [UDB=(3,3)][LB=1][MC=3]
        Total # of inputs        : 3
        Total # of product terms : 2
            Clock Enable: True
        Main Equation            : 2 pterms
        (
              !Q2 * Q1
            + Q2 * Q0
        );
        Output = Net_452 (fanout=1)
        Properties               : 
        {
        }
}

UDB [UDB=(3,4)] contents:
LAB@[UDB=(3,4)][LB=0] #macrocells=2, #inputs=3, #pterms=3
{
    [McSlotId=0]:     MacroCell: Name=Net_429, Mode=(Combinatorial) @ [UDB=(3,4)][LB=0][MC=0]
        Total # of inputs        : 3
        Total # of product terms : 2
            Clock Enable: True
        Main Equation            : 2 pterms
        (
              Q2 * !Q1
            + Q1 * Q0
        );
        Output = Net_429 (fanout=1)
        Properties               : 
        {
        }

    [McSlotId=1]:     MacroCell: Name=Net_425, Mode=(Combinatorial) @ [UDB=(3,4)][LB=0][MC=1]
        Total # of inputs        : 2
        Total # of product terms : 1
            Clock Enable: True
        Main Equation            : 1 pterm
        (
              Q1 * !Q0
        );
        Output = Net_425 (fanout=1)
        Properties               : 
        {
        }

    [McSlotId=2]: (empty)
    [McSlotId=3]: (empty)
}

LAB@[UDB=(3,4)][LB=1] #macrocells=3, #inputs=3, #pterms=5
{
    [McSlotId=0]:     MacroCell: Name=Net_426, Mode=(Combinatorial) @ [UDB=(3,4)][LB=1][MC=0]
        Total # of inputs        : 3
        Total # of product terms : 2
            Clock Enable: True
        Main Equation            : 2 pterms
        (
              !Q2 * Q0
            + Q1 * !Q0
        );
        Output = Net_426 (fanout=1)
        Properties               : 
        {
        }

    [McSlotId=1]: (empty)
    [McSlotId=2]:     MacroCell: Name=Net_427, Mode=(Combinatorial) @ [UDB=(3,4)][LB=1][MC=2]
        Total # of inputs        : 2
        Total # of product terms : 1
            Clock Enable: True
        Main Equation            : 1 pterm
        !(
              !Q2 * Q0
        );
        Output = Net_427 (fanout=1)
        Properties               : 
        {
        }

    [McSlotId=3]:     MacroCell: Name=Net_424, Mode=(Combinatorial) @ [UDB=(3,4)][LB=1][MC=3]
        Total # of inputs        : 3
        Total # of product terms : 3
            Clock Enable: True
        Main Equation            : 3 pterms
        !(
              !Q2 * !Q1 * !Q0
            + !Q2 * Q1 * Q0
            + Q2 * !Q1 * Q0
        );
        Output = Net_424 (fanout=1)
        Properties               : 
        {
        }
}

UDB [UDB=(3,5)] is empty.
Intr container @ [IntrContainer=(0)]: empty
Drq container @ [DrqContainer=(0)]: empty
Port 0 contains the following IO cells:
[IoId=0]: 
Pin : Name = A(0)
    Attributes:
        In Group/Port: True
        In Sync Option: AUTO
        Out Sync Option: NOSYNC
        Interrupt generated: False
        Interrupt mode: NONE
        Drive mode: CMOS_OUT
        VTrip: EITHER
        Slew: FAST
        Input Sync needed: False
        Output Sync needed: False
        SC shield enabled: False
        POR State: ANY
        LCD Mode: COMMON
        Register Mode: RegComb
        CaSense Mode: NEITHER
        Treat as pin: True
        Is OE Registered: False
        Uses Analog: False
        Can contain Digital: True
        Is SIO: False
        SIO Output Buf: NONREGULATED
        SIO Input Buf: SINGLE_ENDED
        SIO HiFreq: LOW
        SIO Hyst: DISABLED
        SIO Vtrip: MULTIPLIER_0_5
        SIO Multiplier Index: 0
        SIO RefSel: VCC_IO
        Required Capabilities: DIGITAL, ROUTABLE
        Initial Value: 0
        IO Voltage: 0
    PORT MAP (
        pa_out => A(0)__PA ,
        pin_input => Net_423 ,
        pad => A(0)_PAD );
    Properties:
    {
    }

[IoId=1]: 
Pin : Name = B(0)
    Attributes:
        In Group/Port: True
        In Sync Option: AUTO
        Out Sync Option: NOSYNC
        Interrupt generated: False
        Interrupt mode: NONE
        Drive mode: CMOS_OUT
        VTrip: EITHER
        Slew: FAST
        Input Sync needed: False
        Output Sync needed: False
        SC shield enabled: False
        POR State: ANY
        LCD Mode: COMMON
        Register Mode: RegComb
        CaSense Mode: NEITHER
        Treat as pin: True
        Is OE Registered: False
        Uses Analog: False
        Can contain Digital: True
        Is SIO: False
        SIO Output Buf: NONREGULATED
        SIO Input Buf: SINGLE_ENDED
        SIO HiFreq: LOW
        SIO Hyst: DISABLED
        SIO Vtrip: MULTIPLIER_0_5
        SIO Multiplier Index: 0
        SIO RefSel: VCC_IO
        Required Capabilities: DIGITAL, ROUTABLE
        Initial Value: 0
        IO Voltage: 0
    PORT MAP (
        pa_out => B(0)__PA ,
        pin_input => Net_424 ,
        pad => B(0)_PAD );
    Properties:
    {
    }

[IoId=2]: 
Pin : Name = C(0)
    Attributes:
        In Group/Port: True
        In Sync Option: AUTO
        Out Sync Option: NOSYNC
        Interrupt generated: False
        Interrupt mode: NONE
        Drive mode: CMOS_OUT
        VTrip: EITHER
        Slew: FAST
        Input Sync needed: False
        Output Sync needed: False
        SC shield enabled: False
        POR State: ANY
        LCD Mode: COMMON
        Register Mode: RegComb
        CaSense Mode: NEITHER
        Treat as pin: True
        Is OE Registered: False
        Uses Analog: False
        Can contain Digital: True
        Is SIO: False
        SIO Output Buf: NONREGULATED
        SIO Input Buf: SINGLE_ENDED
        SIO HiFreq: LOW
        SIO Hyst: DISABLED
        SIO Vtrip: MULTIPLIER_0_5
        SIO Multiplier Index: 0
        SIO RefSel: VCC_IO
        Required Capabilities: DIGITAL, ROUTABLE
        Initial Value: 0
        IO Voltage: 0
    PORT MAP (
        pa_out => C(0)__PA ,
        pin_input => Net_425 ,
        pad => C(0)_PAD );
    Properties:
    {
    }

[IoId=3]: 
Pin : Name = D(0)
    Attributes:
        In Group/Port: True
        In Sync Option: AUTO
        Out Sync Option: NOSYNC
        Interrupt generated: False
        Interrupt mode: NONE
        Drive mode: CMOS_OUT
        VTrip: EITHER
        Slew: FAST
        Input Sync needed: False
        Output Sync needed: False
        SC shield enabled: False
        POR State: ANY
        LCD Mode: COMMON
        Register Mode: RegComb
        CaSense Mode: NEITHER
        Treat as pin: True
        Is OE Registered: False
        Uses Analog: False
        Can contain Digital: True
        Is SIO: False
        SIO Output Buf: NONREGULATED
        SIO Input Buf: SINGLE_ENDED
        SIO HiFreq: LOW
        SIO Hyst: DISABLED
        SIO Vtrip: MULTIPLIER_0_5
        SIO Multiplier Index: 0
        SIO RefSel: VCC_IO
        Required Capabilities: DIGITAL, ROUTABLE
        Initial Value: 0
        IO Voltage: 0
    PORT MAP (
        pa_out => D(0)__PA ,
        pin_input => Net_426 ,
        pad => D(0)_PAD );
    Properties:
    {
    }

[IoId=4]: 
Pin : Name = E(0)
    Attributes:
        In Group/Port: True
        In Sync Option: AUTO
        Out Sync Option: NOSYNC
        Interrupt generated: False
        Interrupt mode: NONE
        Drive mode: CMOS_OUT
        VTrip: EITHER
        Slew: FAST
        Input Sync needed: False
        Output Sync needed: False
        SC shield enabled: False
        POR State: ANY
        LCD Mode: COMMON
        Register Mode: RegComb
        CaSense Mode: NEITHER
        Treat as pin: True
        Is OE Registered: False
        Uses Analog: False
        Can contain Digital: True
        Is SIO: False
        SIO Output Buf: NONREGULATED
        SIO Input Buf: SINGLE_ENDED
        SIO HiFreq: LOW
        SIO Hyst: DISABLED
        SIO Vtrip: MULTIPLIER_0_5
        SIO Multiplier Index: 0
        SIO RefSel: VCC_IO
        Required Capabilities: DIGITAL, ROUTABLE
        Initial Value: 0
        IO Voltage: 0
    PORT MAP (
        pa_out => E(0)__PA ,
        pin_input => Net_427 ,
        pad => E(0)_PAD );
    Properties:
    {
    }

[IoId=5]: 
Pin : Name = F(0)
    Attributes:
        In Group/Port: True
        In Sync Option: AUTO
        Out Sync Option: NOSYNC
        Interrupt generated: False
        Interrupt mode: NONE
        Drive mode: CMOS_OUT
        VTrip: EITHER
        Slew: FAST
        Input Sync needed: False
        Output Sync needed: False
        SC shield enabled: False
        POR State: ANY
        LCD Mode: COMMON
        Register Mode: RegComb
        CaSense Mode: NEITHER
        Treat as pin: True
        Is OE Registered: False
        Uses Analog: False
        Can contain Digital: True
        Is SIO: False
        SIO Output Buf: NONREGULATED
        SIO Input Buf: SINGLE_ENDED
        SIO HiFreq: LOW
        SIO Hyst: DISABLED
        SIO Vtrip: MULTIPLIER_0_5
        SIO Multiplier Index: 0
        SIO RefSel: VCC_IO
        Required Capabilities: DIGITAL, ROUTABLE
        Initial Value: 0
        IO Voltage: 0
    PORT MAP (
        pa_out => F(0)__PA ,
        pin_input => Net_428 ,
        pad => F(0)_PAD );
    Properties:
    {
    }

[IoId=6]: 
Pin : Name = G(0)
    Attributes:
        In Group/Port: True
        In Sync Option: AUTO
        Out Sync Option: NOSYNC
        Interrupt generated: False
        Interrupt mode: NONE
        Drive mode: CMOS_OUT
        VTrip: EITHER
        Slew: FAST
        Input Sync needed: False
        Output Sync needed: False
        SC shield enabled: False
        POR State: ANY
        LCD Mode: COMMON
        Register Mode: RegComb
        CaSense Mode: NEITHER
        Treat as pin: True
        Is OE Registered: False
        Uses Analog: False
        Can contain Digital: True
        Is SIO: False
        SIO Output Buf: NONREGULATED
        SIO Input Buf: SINGLE_ENDED
        SIO HiFreq: LOW
        SIO Hyst: DISABLED
        SIO Vtrip: MULTIPLIER_0_5
        SIO Multiplier Index: 0
        SIO RefSel: VCC_IO
        Required Capabilities: DIGITAL, ROUTABLE
        Initial Value: 0
        IO Voltage: 0
    PORT MAP (
        pa_out => G(0)__PA ,
        pin_input => Net_429 ,
        pad => G(0)_PAD );
    Properties:
    {
    }

[IoId=7]: 
Pin : Name = Buzzer(0)
    Attributes:
        In Group/Port: True
        In Sync Option: AUTO
        Out Sync Option: NOSYNC
        Interrupt generated: False
        Interrupt mode: NONE
        Drive mode: CMOS_OUT
        VTrip: EITHER
        Slew: FAST
        Input Sync needed: False
        Output Sync needed: False
        SC shield enabled: False
        POR State: ANY
        LCD Mode: COMMON
        Register Mode: RegComb
        CaSense Mode: NEITHER
        Treat as pin: True
        Is OE Registered: False
        Uses Analog: False
        Can contain Digital: True
        Is SIO: False
        SIO Output Buf: NONREGULATED
        SIO Input Buf: SINGLE_ENDED
        SIO HiFreq: LOW
        SIO Hyst: DISABLED
        SIO Vtrip: MULTIPLIER_0_5
        SIO Multiplier Index: 0
        SIO RefSel: VCC_IO
        Required Capabilities: DIGITAL, ROUTABLE
        Initial Value: 0
        IO Voltage: 0
    PORT MAP (
        pa_out => Buzzer(0)__PA ,
        pin_input => cydff_4 ,
        pad => Buzzer(0)_PAD );
    Properties:
    {
    }

Port 1 contains the following IO cells:
Port 2 contains the following IO cells:
[IoId=0]: 
Pin : Name = X(0)
    Attributes:
        In Group/Port: True
        In Sync Option: NOSYNC
        Out Sync Option: AUTO
        Interrupt generated: False
        Interrupt mode: NONE
        Drive mode: HI_Z_DIGITAL
        VTrip: CMOS
        Slew: FAST
        Input Sync needed: False
        Output Sync needed: False
        SC shield enabled: False
        POR State: ANY
        LCD Mode: COMMON
        Register Mode: RegComb
        CaSense Mode: NEITHER
        Treat as pin: True
        Is OE Registered: False
        Uses Analog: False
        Can contain Digital: True
        Is SIO: False
        SIO Output Buf: NONREGULATED
        SIO Input Buf: SINGLE_ENDED
        SIO HiFreq: LOW
        SIO Hyst: DISABLED
        SIO Vtrip: MULTIPLIER_0_5
        SIO Multiplier Index: 0
        SIO RefSel: VCC_IO
        Required Capabilities: DIGITAL, ROUTABLE
        Initial Value: 0
        IO Voltage: 0
    PORT MAP (
        pa_out => X(0)__PA ,
        fb => Net_9 ,
        pad => X(0)_PAD );
    Properties:
    {
    }

Port 3 contains the following IO cells:
[IoId=7]: 
Pin : Name = boton1(0)
    Attributes:
        In Group/Port: True
        In Sync Option: NOSYNC
        Out Sync Option: AUTO
        Interrupt generated: False
        Interrupt mode: NONE
        Drive mode: HI_Z_DIGITAL
        VTrip: CMOS
        Slew: FAST
        Input Sync needed: False
        Output Sync needed: False
        SC shield enabled: False
        POR State: ANY
        LCD Mode: COMMON
        Register Mode: RegComb
        CaSense Mode: NEITHER
        Treat as pin: True
        Is OE Registered: False
        Uses Analog: False
        Can contain Digital: True
        Is SIO: False
        SIO Output Buf: NONREGULATED
        SIO Input Buf: SINGLE_ENDED
        SIO HiFreq: LOW
        SIO Hyst: DISABLED
        SIO Vtrip: MULTIPLIER_0_5
        SIO Multiplier Index: 0
        SIO RefSel: VCC_IO
        Required Capabilities: DIGITAL, ROUTABLE
        Initial Value: 0
        IO Voltage: 0
    PORT MAP (
        pa_out => boton1(0)__PA ,
        fb => Net_16 ,
        pad => boton1(0)_PAD );
    Properties:
    {
    }

Port 12 contains the following IO cells:
[IoId=0]: 
Pin : Name = Led_7(0)
    Attributes:
        In Group/Port: True
        In Sync Option: AUTO
        Out Sync Option: NOSYNC
        Interrupt generated: False
        Interrupt mode: NONE
        Drive mode: CMOS_OUT
        VTrip: EITHER
        Slew: FAST
        Input Sync needed: False
        Output Sync needed: False
        SC shield enabled: False
        POR State: ANY
        LCD Mode: COMMON
        Register Mode: RegComb
        CaSense Mode: NEITHER
        Treat as pin: True
        Is OE Registered: False
        Uses Analog: False
        Can contain Digital: True
        Is SIO: False
        SIO Output Buf: NONREGULATED
        SIO Input Buf: SINGLE_ENDED
        SIO HiFreq: LOW
        SIO Hyst: DISABLED
        SIO Vtrip: MULTIPLIER_0_5
        SIO Multiplier Index: 0
        SIO RefSel: VCC_IO
        Required Capabilities: DIGITAL, ROUTABLE
        Initial Value: 0
        IO Voltage: 0
    PORT MAP (
        pa_out => Led_7(0)__PA ,
        pin_input => Net_454 ,
        pad => Led_7(0)_PAD );
    Properties:
    {
    }

[IoId=1]: 
Pin : Name = Led_6(0)
    Attributes:
        In Group/Port: True
        In Sync Option: AUTO
        Out Sync Option: NOSYNC
        Interrupt generated: False
        Interrupt mode: NONE
        Drive mode: CMOS_OUT
        VTrip: EITHER
        Slew: FAST
        Input Sync needed: False
        Output Sync needed: False
        SC shield enabled: False
        POR State: ANY
        LCD Mode: COMMON
        Register Mode: RegComb
        CaSense Mode: NEITHER
        Treat as pin: True
        Is OE Registered: False
        Uses Analog: False
        Can contain Digital: True
        Is SIO: False
        SIO Output Buf: NONREGULATED
        SIO Input Buf: SINGLE_ENDED
        SIO HiFreq: LOW
        SIO Hyst: DISABLED
        SIO Vtrip: MULTIPLIER_0_5
        SIO Multiplier Index: 0
        SIO RefSel: VCC_IO
        Required Capabilities: DIGITAL, ROUTABLE
        Initial Value: 0
        IO Voltage: 0
    PORT MAP (
        pa_out => Led_6(0)__PA ,
        pin_input => Net_453 ,
        pad => Led_6(0)_PAD );
    Properties:
    {
    }

[IoId=2]: 
Pin : Name = Led_5(0)
    Attributes:
        In Group/Port: True
        In Sync Option: AUTO
        Out Sync Option: NOSYNC
        Interrupt generated: False
        Interrupt mode: NONE
        Drive mode: CMOS_OUT
        VTrip: EITHER
        Slew: FAST
        Input Sync needed: False
        Output Sync needed: False
        SC shield enabled: False
        POR State: ANY
        LCD Mode: COMMON
        Register Mode: RegComb
        CaSense Mode: NEITHER
        Treat as pin: True
        Is OE Registered: False
        Uses Analog: False
        Can contain Digital: True
        Is SIO: False
        SIO Output Buf: NONREGULATED
        SIO Input Buf: SINGLE_ENDED
        SIO HiFreq: LOW
        SIO Hyst: DISABLED
        SIO Vtrip: MULTIPLIER_0_5
        SIO Multiplier Index: 0
        SIO RefSel: VCC_IO
        Required Capabilities: DIGITAL, ROUTABLE
        Initial Value: 0
        IO Voltage: 0
    PORT MAP (
        pa_out => Led_5(0)__PA ,
        pin_input => Net_452 ,
        pad => Led_5(0)_PAD );
    Properties:
    {
    }

[IoId=3]: 
Pin : Name = Led_4(0)
    Attributes:
        In Group/Port: True
        In Sync Option: AUTO
        Out Sync Option: NOSYNC
        Interrupt generated: False
        Interrupt mode: NONE
        Drive mode: CMOS_OUT
        VTrip: EITHER
        Slew: FAST
        Input Sync needed: False
        Output Sync needed: False
        SC shield enabled: False
        POR State: ANY
        LCD Mode: COMMON
        Register Mode: RegComb
        CaSense Mode: NEITHER
        Treat as pin: True
        Is OE Registered: False
        Uses Analog: False
        Can contain Digital: True
        Is SIO: False
        SIO Output Buf: NONREGULATED
        SIO Input Buf: SINGLE_ENDED
        SIO HiFreq: LOW
        SIO Hyst: DISABLED
        SIO Vtrip: MULTIPLIER_0_5
        SIO Multiplier Index: 0
        SIO RefSel: VCC_IO
        Required Capabilities: DIGITAL, ROUTABLE
        Initial Value: 0
        IO Voltage: 0
    PORT MAP (
        pa_out => Led_4(0)__PA ,
        pin_input => Net_451 ,
        pad => Led_4(0)_PAD );
    Properties:
    {
    }

[IoId=4]: 
Pin : Name = Led_3(0)
    Attributes:
        In Group/Port: True
        In Sync Option: AUTO
        Out Sync Option: NOSYNC
        Interrupt generated: False
        Interrupt mode: NONE
        Drive mode: CMOS_OUT
        VTrip: EITHER
        Slew: FAST
        Input Sync needed: False
        Output Sync needed: False
        SC shield enabled: False
        POR State: ANY
        LCD Mode: COMMON
        Register Mode: RegComb
        CaSense Mode: NEITHER
        Treat as pin: True
        Is OE Registered: False
        Uses Analog: False
        Can contain Digital: True
        Is SIO: False
        SIO Output Buf: NONREGULATED
        SIO Input Buf: SINGLE_ENDED
        SIO HiFreq: LOW
        SIO Hyst: DISABLED
        SIO Vtrip: MULTIPLIER_0_5
        SIO Multiplier Index: 0
        SIO RefSel: VCC_IO
        Required Capabilities: DIGITAL, ROUTABLE
        Initial Value: 0
        IO Voltage: 0
    PORT MAP (
        pa_out => Led_3(0)__PA ,
        pin_input => Net_450 ,
        pad => Led_3(0)_PAD );
    Properties:
    {
    }

[IoId=5]: 
Pin : Name = Led_2(0)
    Attributes:
        In Group/Port: True
        In Sync Option: AUTO
        Out Sync Option: NOSYNC
        Interrupt generated: False
        Interrupt mode: NONE
        Drive mode: CMOS_OUT
        VTrip: EITHER
        Slew: FAST
        Input Sync needed: False
        Output Sync needed: False
        SC shield enabled: False
        POR State: ANY
        LCD Mode: COMMON
        Register Mode: RegComb
        CaSense Mode: NEITHER
        Treat as pin: True
        Is OE Registered: False
        Uses Analog: False
        Can contain Digital: True
        Is SIO: False
        SIO Output Buf: NONREGULATED
        SIO Input Buf: SINGLE_ENDED
        SIO HiFreq: LOW
        SIO Hyst: DISABLED
        SIO Vtrip: MULTIPLIER_0_5
        SIO Multiplier Index: 0
        SIO RefSel: VCC_IO
        Required Capabilities: DIGITAL, ROUTABLE
        Initial Value: 0
        IO Voltage: 0
    PORT MAP (
        pa_out => Led_2(0)__PA ,
        pin_input => Net_449 ,
        pad => Led_2(0)_PAD );
    Properties:
    {
    }

[IoId=6]: 
Pin : Name = Led_1(0)
    Attributes:
        In Group/Port: True
        In Sync Option: AUTO
        Out Sync Option: NOSYNC
        Interrupt generated: False
        Interrupt mode: NONE
        Drive mode: CMOS_OUT
        VTrip: EITHER
        Slew: FAST
        Input Sync needed: False
        Output Sync needed: False
        SC shield enabled: False
        POR State: ANY
        LCD Mode: COMMON
        Register Mode: RegComb
        CaSense Mode: NEITHER
        Treat as pin: True
        Is OE Registered: False
        Uses Analog: False
        Can contain Digital: True
        Is SIO: False
        SIO Output Buf: NONREGULATED
        SIO Input Buf: SINGLE_ENDED
        SIO HiFreq: LOW
        SIO Hyst: DISABLED
        SIO Vtrip: MULTIPLIER_0_5
        SIO Multiplier Index: 0
        SIO RefSel: VCC_IO
        Required Capabilities: DIGITAL, ROUTABLE
        Initial Value: 0
        IO Voltage: 0
    PORT MAP (
        pa_out => Led_1(0)__PA ,
        pin_input => Q0 ,
        pad => Led_1(0)_PAD );
    Properties:
    {
    }

[IoId=7]: 
Pin : Name = Led_0(0)
    Attributes:
        In Group/Port: True
        In Sync Option: AUTO
        Out Sync Option: NOSYNC
        Interrupt generated: False
        Interrupt mode: NONE
        Drive mode: CMOS_OUT
        VTrip: EITHER
        Slew: FAST
        Input Sync needed: False
        Output Sync needed: False
        SC shield enabled: False
        POR State: ANY
        LCD Mode: COMMON
        Register Mode: RegComb
        CaSense Mode: NEITHER
        Treat as pin: True
        Is OE Registered: False
        Uses Analog: False
        Can contain Digital: True
        Is SIO: False
        SIO Output Buf: NONREGULATED
        SIO Input Buf: SINGLE_ENDED
        SIO HiFreq: LOW
        SIO Hyst: DISABLED
        SIO Vtrip: MULTIPLIER_0_5
        SIO Multiplier Index: 0
        SIO RefSel: VCC_IO
        Required Capabilities: DIGITAL, ROUTABLE
        Initial Value: 0
        IO Voltage: 0
    PORT MAP (
        pa_out => Led_0(0)__PA ,
        pin_input => Net_447 ,
        pad => Led_0(0)_PAD );
    Properties:
    {
    }

Port 15 contains the following IO cells:
[IoId=2]: 
Pin : Name = RGB(0)
    Attributes:
        In Group/Port: True
        In Sync Option: AUTO
        Out Sync Option: NOSYNC
        Interrupt generated: False
        Interrupt mode: NONE
        Drive mode: CMOS_OUT
        VTrip: EITHER
        Slew: FAST
        Input Sync needed: False
        Output Sync needed: False
        SC shield enabled: False
        POR State: ANY
        LCD Mode: COMMON
        Register Mode: RegComb
        CaSense Mode: NEITHER
        Treat as pin: True
        Is OE Registered: False
        Uses Analog: False
        Can contain Digital: True
        Is SIO: False
        SIO Output Buf: NONREGULATED
        SIO Input Buf: SINGLE_ENDED
        SIO HiFreq: LOW
        SIO Hyst: DISABLED
        SIO Vtrip: MULTIPLIER_0_5
        SIO Multiplier Index: 0
        SIO RefSel: VCC_IO
        Required Capabilities: DIGITAL, ROUTABLE
        Initial Value: 0
        IO Voltage: 0
    PORT MAP (
        pa_out => RGB(0)__PA ,
        pin_input => Net_20 ,
        pad => RGB(0)_PAD );
    Properties:
    {
    }

[IoId=4]: 
Pin : Name = Boton2(0)
    Attributes:
        In Group/Port: True
        In Sync Option: NOSYNC
        Out Sync Option: AUTO
        Interrupt generated: False
        Interrupt mode: NONE
        Drive mode: HI_Z_DIGITAL
        VTrip: CMOS
        Slew: FAST
        Input Sync needed: False
        Output Sync needed: False
        SC shield enabled: False
        POR State: ANY
        LCD Mode: COMMON
        Register Mode: RegComb
        CaSense Mode: NEITHER
        Treat as pin: True
        Is OE Registered: False
        Uses Analog: False
        Can contain Digital: True
        Is SIO: False
        SIO Output Buf: NONREGULATED
        SIO Input Buf: SINGLE_ENDED
        SIO HiFreq: LOW
        SIO Hyst: DISABLED
        SIO Vtrip: MULTIPLIER_0_5
        SIO Multiplier Index: 0
        SIO RefSel: VCC_IO
        Required Capabilities: DIGITAL, ROUTABLE
        Initial Value: 0
        IO Voltage: 0
    PORT MAP (
        pa_out => Boton2(0)__PA ,
        fb => Net_112 ,
        pad => Boton2(0)_PAD );
    Properties:
    {
    }

ARM group 0: empty
CAN group 0: empty
Cache group 0: empty
CapSense group 0: empty
Clock group 0: 
    Clock Block @ F(Clock,0): 
    clockblockcell: Name =ClockBlock
        PORT MAP (
            imo => ClockBlock_IMO ,
            pllout => ClockBlock_PLL_OUT ,
            ilo => ClockBlock_ILO ,
            clk_100k => ClockBlock_100k ,
            clk_1k => ClockBlock_1k ,
            clk_32k => ClockBlock_32k ,
            xtal => ClockBlock_XTAL ,
            clk_32k_xtal => ClockBlock_XTAL_32KHZ ,
            clk_sync => ClockBlock_MASTER_CLK ,
            clk_bus_glb => ClockBlock_BUS_CLK ,
            clk_bus => ClockBlock_BUS_CLK_local ,
            dclk_glb_0 => Net_472 ,
            dclk_0 => Net_472_local );
        Properties:
        {
        }
Comparator group 0: empty
DFB group 0: empty
DSM group 0: empty
Decimator group 0: empty
EMIF group 0: empty
I2C group 0: empty
LCD group 0: empty
LVD group 0: empty
PICU group 0: empty
PM group 0: empty
SC group 0: empty
SPC group 0: empty
Timer group 0: empty
USB group 0: empty
VIDAC group 0: empty
OpAmp group 0: empty
CsAbuf group 0: empty
Vref group 0: empty
LPF group 0: empty
SAR group 0: empty
ANAIF group 0: empty
PHUB group 0: empty
</CYPRESSTAG>
<CYPRESSTAG name="Port Configuration Details">

------------------------------------------------------------
Port Configuration report
------------------------------------------------------------
     |     |       | Interrupt |                  |           | 
Port | Pin | Fixed |      Type |       Drive Mode |      Name | Connections
-----+-----+-------+-----------+------------------+-----------+------------
   0 |   0 |     * |      NONE |         CMOS_OUT |      A(0) | In(Net_423)
     |   1 |     * |      NONE |         CMOS_OUT |      B(0) | In(Net_424)
     |   2 |     * |      NONE |         CMOS_OUT |      C(0) | In(Net_425)
     |   3 |     * |      NONE |         CMOS_OUT |      D(0) | In(Net_426)
     |   4 |     * |      NONE |         CMOS_OUT |      E(0) | In(Net_427)
     |   5 |     * |      NONE |         CMOS_OUT |      F(0) | In(Net_428)
     |   6 |     * |      NONE |         CMOS_OUT |      G(0) | In(Net_429)
     |   7 |     * |      NONE |         CMOS_OUT | Buzzer(0) | In(cydff_4)
-----+-----+-------+-----------+------------------+-----------+------------
   2 |   0 |     * |      NONE |     HI_Z_DIGITAL |      X(0) | FB(Net_9)
-----+-----+-------+-----------+------------------+-----------+------------
   3 |   7 |     * |      NONE |     HI_Z_DIGITAL | boton1(0) | FB(Net_16)
-----+-----+-------+-----------+------------------+-----------+------------
  12 |   0 |     * |      NONE |         CMOS_OUT |  Led_7(0) | In(Net_454)
     |   1 |     * |      NONE |         CMOS_OUT |  Led_6(0) | In(Net_453)
     |   2 |     * |      NONE |         CMOS_OUT |  Led_5(0) | In(Net_452)
     |   3 |     * |      NONE |         CMOS_OUT |  Led_4(0) | In(Net_451)
     |   4 |     * |      NONE |         CMOS_OUT |  Led_3(0) | In(Net_450)
     |   5 |     * |      NONE |         CMOS_OUT |  Led_2(0) | In(Net_449)
     |   6 |     * |      NONE |         CMOS_OUT |  Led_1(0) | In(Q0)
     |   7 |     * |      NONE |         CMOS_OUT |  Led_0(0) | In(Net_447)
-----+-----+-------+-----------+------------------+-----------+------------
  15 |   2 |     * |      NONE |         CMOS_OUT |    RGB(0) | In(Net_20)
     |   4 |     * |      NONE |     HI_Z_DIGITAL | Boton2(0) | FB(Net_112)
---------------------------------------------------------------------------
</CYPRESSTAG>
</CYPRESSTAG>
</CYPRESSTAG>
Digital component placer commit/Report: Elapsed time ==> 0s.052ms
Digital Placement phase: Elapsed time ==> 1s.333ms
</CYPRESSTAG>
<CYPRESSTAG name="Digital Routing">
"C:\Program Files (x86)\Cypress\PSoC Creator\4.4\PSoC Creator\bin/sjrouter.exe" --xml-path "C:\Program Files (x86)\Cypress\PSoC Creator\4.4\PSoC Creator\dev\psoc5/psoc5lp/route_arch-rrg.cydata" --vh2-path "Design01_r.vh2" --pcf-path "Design01.pco" --des-name "Design01" --dsf-path "Design01.dsf" --sdc-path "Design01.sdc" --lib-path "Design01_r.lib"
Routing successful.
Digital Routing phase: Elapsed time ==> 1s.734ms
</CYPRESSTAG>
<CYPRESSTAG name="Bitstream Generation">
Bitstream Generation phase: Elapsed time ==> 0s.196ms
</CYPRESSTAG>
<CYPRESSTAG name="Bitstream Verification">
Bitstream Verification phase: Elapsed time ==> 0s.050ms
</CYPRESSTAG>
<CYPRESSTAG name="Static timing analysis">
Timing report is in Design01_timing.html.
Static timing analysis phase: Elapsed time ==> 0s.359ms
</CYPRESSTAG>
<CYPRESSTAG name="Data reporting">
Data reporting phase: Elapsed time ==> 0s.000ms
</CYPRESSTAG>
<CYPRESSTAG name="Database update...">
Design database save phase: Elapsed time ==> 0s.245ms
</CYPRESSTAG>
cydsfit: Elapsed time ==> 4s.675ms
</CYPRESSTAG>
Fitter phase: Elapsed time ==> 4s.676ms
API generation phase: Elapsed time ==> 1s.962ms
Dependency generation phase: Elapsed time ==> 0s.016ms
Cleanup phase: Elapsed time ==> 0s.000ms
